scripts\utils\git_utils.py:59: error: Function is missing a return type annotation  [no-untyped-def]
scripts\refactor\ast_extractor.py:75: error: Function is missing a return type annotation  [no-untyped-def]
scripts\refactor\ast_extractor.py:75: note: Use "-> None" if function does not return a value
scripts\refactor\ast_extractor.py:101: error: Call to untyped function "ClassMethodExtractor" in typed context  [no-untyped-call]
scripts\refactor\coverage_parser.py:54: error: Name "file_hits" already defined on line 41  [no-redef]
scripts\ci_analyzer\insights\descriptive_insights.py:121: error: Need type annotation for "flake8"  [var-annotated]
scripts\ci_analyzer\insights\descriptive_insights.py:122: error: Need type annotation for "pydoc"  [var-annotated]
scripts\ci_analyzer\insights\descriptive_insights.py:123: error: Need type annotation for "mypy"  [var-annotated]
scripts\ci_analyzer\insights\descriptive_insights.py:158: error: Incompatible types in assignment (expression has type "float | int", variable has type "int")  [assignment]
scripts\dev_commit.py:12: error: Function is missing a return type annotation  [no-untyped-def]
scripts\dev_commit.py:29: error: Function is missing a return type annotation  [no-untyped-def]
scripts\dev_commit.py:45: error: Function is missing a type annotation  [no-untyped-def]
scripts\dev_commit.py:58: error: Function is missing a return type annotation  [no-untyped-def]
scripts\dev_commit.py:65: error: Call to untyped function "get_modified_files" in typed context  [no-untyped-call]
scripts\dev_commit.py:81: error: Function is missing a return type annotation  [no-untyped-def]
scripts\dev_commit.py:81: note: Use "-> None" if function does not return a value
scripts\dev_commit.py:88: error: Call to untyped function "generate_suggested_branch_name" in typed context  [no-untyped-call]
scripts\dev_commit.py:97: error: Call to untyped function "is_valid_branch_name" in typed context  [no-untyped-call]
scripts\dev_commit.py:127: error: Call to untyped function "get_current_branch" in typed context  [no-untyped-call]
scripts\dev_commit.py:134: error: Call to untyped function "switch_to_new_branch" in typed context  [no-untyped-call]
scripts\dev_commit.py:135: error: Call to untyped function "get_current_branch" in typed context  [no-untyped-call]
scripts\utils\complexity_summary.py:21: error: Item "TextIO" of "TextIO | Any" has no attribute "reconfigure"  [union-attr]
scripts\refactor\quality_checker.py:69: error: Missing type parameters for generic type "PathLike"  [type-arg]
scripts\refactor\quality_checker.py:264: error: Incompatible default for argument "report_paths" (default has type "None", argument has type "dict[str, Path]")  [assignment]
scripts\refactor\quality_checker.py:264: note: PEP 484 prohibits implicit Optional. Accordingly, mypy has changed its default to no_implicit_optional=True
scripts\refactor\quality_checker.py:264: note: Use https://github.com/hauntsaninja/no_implicit_optional to automatically upgrade your codebase
scripts\refactor\quality_checker.py:290: error: Function is missing a return type annotation  [no-untyped-def]
scripts\refactor\quality_checker.py:290: error: Function is missing a type annotation for one or more arguments  [no-untyped-def]
scripts\refactor\quality_checker.py:315: error: Missing type parameters for generic type "Dict"  [type-arg]
scripts\ci_analyzer\ci_trends.py:30: error: Returning Any from function declared to return "dict[str, Any]"  [no-any-return]
scripts\ci_analyzer\ci_trends.py:80: error: Function is missing a return type annotation  [no-untyped-def]
scripts\ci_analyzer\ci_trends.py:108: error: Returning Any from function declared to return "dict[str, Any]"  [no-any-return]
scripts\ci_analyzer\ci_trends.py:111: error: Function is missing a return type annotation  [no-untyped-def]
scripts\ci_analyzer\ci_trends.py:125: error: Function is missing a return type annotation  [no-untyped-def]
scripts\ci_analyzer\ci_trends.py:125: note: Use "-> None" if function does not return a value
scripts\ci_analyzer\ci_trends.py:146: error: Call to untyped function "main" in typed context  [no-untyped-call]
scripts\utils\file_utils.py:75: error: Missing type parameters for generic type "dict"  [type-arg]
scripts\utils\file_utils.py:110: error: Missing type parameters for generic type "dict"  [type-arg]
scripts\utils\file_utils.py:123: error: Returning Any from function declared to return "dict[Any, Any]"  [no-any-return]
scripts\utils\file_utils.py:129: error: Missing type parameters for generic type "dict"  [type-arg]
scripts\utils\file_utils.py:146: error: Returning Any from function declared to return "dict[Any, Any]"  [no-any-return]
scripts\utils\file_utils.py:166: error: Incompatible return value type (got "None", expected "str")  [return-value]
scripts\utils\file_utils.py:173: error: Argument 1 to "read_json" has incompatible type "str"; expected "Path"  [arg-type]
scripts\utils\file_utils.py:179: error: Incompatible return value type (got "None", expected "str")  [return-value]
scripts\utils\file_utils.py:182: error: Incompatible default for argument "exclude_dirs" (default has type "None", argument has type "list[str]")  [assignment]
scripts\utils\file_utils.py:182: note: PEP 484 prohibits implicit Optional. Accordingly, mypy has changed its default to no_implicit_optional=True
scripts\utils\file_utils.py:182: note: Use https://github.com/hauntsaninja/no_implicit_optional to automatically upgrade your codebase
scripts\utils\file_utils.py:192: error: Incompatible types in assignment (expression has type "set[str]", variable has type "list[str]")  [assignment]
scripts\gui\widget_factory.py:24: error: Function "builtins.callable" is not valid as a type  [valid-type]
scripts\gui\widget_factory.py:24: note: Perhaps you meant "typing.Callable" instead of "callable"?
scripts\gui\style_manager.py:27: error: Name "ttk.Tk" is not defined  [name-defined]
scripts\gui\gui_logging.py:15: error: Function is missing a type annotation  [no-untyped-def]
scripts\gui\gui_logging.py:22: error: Function is missing a type annotation  [no-untyped-def]
scripts\gui\gui_logging.py:35: error: Function is missing a type annotation  [no-untyped-def]
scripts\gui\base\base_tab.py:25: error: Function is missing a type annotation for one or more arguments  [no-untyped-def]
scripts\gui\base\base_panel.py:25: error: Function is missing a type annotation for one or more arguments  [no-untyped-def]
scripts\config\logging_setup.py:18: error: Function is missing a type annotation  [no-untyped-def]
scripts\config\logging_setup.py:46: error: Call to untyped function "setup_logging" in typed context  [no-untyped-call]
scripts\config\config_loader.py:22: error: Function is missing a return type annotation  [no-untyped-def]
scripts\config\config_loader.py:22: note: Use "-> None" if function does not return a value
scripts\config\config_loader.py:41: error: Call to untyped function "setup_logging" in typed context  [no-untyped-call]
scripts\config\config_loader.py:59: error: Incompatible types in assignment (expression has type "str", variable has type "Path")  [assignment]
scripts\config\config_loader.py:62: error: Function is missing a type annotation  [no-untyped-def]
scripts\config\config_loader.py:104: error: Function is missing a type annotation  [no-untyped-def]
scripts\config\config_loader.py:125: error: Function is missing a type annotation  [no-untyped-def]
scripts\config\config_loader.py:142: error: Function is missing a type annotation  [no-untyped-def]
scripts\config\config_loader.py:157: error: Call to untyped function "load_config" in typed context  [no-untyped-call]
scripts\config\config_loader.py:161: error: Function is missing a type annotation  [no-untyped-def]
scripts\config\config_loader.py:176: error: Call to untyped function "load_config" in typed context  [no-untyped-call]
scripts\config\config_loader.py:200: error: Call to untyped function "load_config" in typed context  [no-untyped-call]
scripts\config\config_loader.py:201: error: Call to untyped function "get_config_value" in typed context  [no-untyped-call]
scripts\config\config_loader.py:202: error: Call to untyped function "get_absolute_path" in typed context  [no-untyped-call]
scripts\config\config_loader.py:203: error: Call to untyped function "get_config_value" in typed context  [no-untyped-call]
scripts\paths.py:30: error: Function is missing a type annotation for one or more arguments  [no-untyped-def]
scripts\paths.py:42: error: Call to untyped function "get_absolute_path" in typed context  [no-untyped-call]
scripts\paths.py:42: error: Call to untyped function "get_config_value" in typed context  [no-untyped-call]
scripts\paths.py:57: error: Call to untyped function "get_effective_config" in typed context  [no-untyped-call]
scripts\paths.py:64: error: Call to untyped function "get_absolute_path" in typed context  [no-untyped-call]
scripts\paths.py:65: error: Call to untyped function "get_absolute_path" in typed context  [no-untyped-call]
scripts\utils\zip_util.py:15: error: Function is missing a return type annotation  [no-untyped-def]
scripts\utils\zip_util.py:15: note: Use "-> None" if function does not return a value
scripts\utils\zip_util.py:51: error: Call to untyped function "main" in typed context  [no-untyped-call]
scripts\utils\link_summaries_to_raw_logs.py:18: error: Missing type parameters for generic type "dict"  [type-arg]
scripts\utils\link_summaries_to_raw_logs.py:18: error: Missing type parameters for generic type "list"  [type-arg]
scripts\utils\link_summaries_to_raw_logs.py:53: error: Call to untyped function "load_config" in typed context  [no-untyped-call]
scripts\utils\link_summaries_to_raw_logs.py:56: error: Call to untyped function "get_absolute_path" in typed context  [no-untyped-call]
scripts\utils\link_summaries_to_raw_logs.py:56: error: Call to untyped function "get_config_value" in typed context  [no-untyped-call]
scripts\utils\link_summaries_to_raw_logs.py:57: error: Call to untyped function "get_absolute_path" in typed context  [no-untyped-call]
scripts\utils\link_summaries_to_raw_logs.py:58: error: Call to untyped function "get_config_value" in typed context  [no-untyped-call]
scripts\utils\gui_helpers.py:37: error: Function is missing a return type annotation  [no-untyped-def]
scripts\utils\gui_helpers.py:47: error: Function is missing a return type annotation  [no-untyped-def]
scripts\utils\gui_helpers.py:54: error: Function is missing a type annotation  [no-untyped-def]
scripts\utils\gui_helpers.py:64: error: Function is missing a type annotation  [no-untyped-def]
scripts\utils\gui_helpers.py:76: error: Function is missing a type annotation  [no-untyped-def]
scripts\utils\gui_helpers.py:90: error: Function is missing a type annotation  [no-untyped-def]
scripts\utils\gui_helpers.py:110: error: Call to untyped function "get_current_timestamp" in typed context  [no-untyped-call]
scripts\utils\gui_helpers.py:115: error: Function is missing a type annotation  [no-untyped-def]
scripts\utils\gui_helpers.py:132: error: Function is missing a type annotation  [no-untyped-def]
scripts\utils\gui_helpers.py:148: error: Function is missing a type annotation  [no-untyped-def]
scripts\utils\gui_helpers.py:166: error: Function is missing a type annotation  [no-untyped-def]
scripts\utils\gui_helpers.py:181: error: Function is missing a type annotation  [no-untyped-def]
scripts\utils\gui_helpers.py:201: error: Function is missing a type annotation  [no-untyped-def]
scripts\utils\gui_helpers.py:220: error: Function is missing a type annotation  [no-untyped-def]
scripts\utils\gui_helpers.py:237: error: Function is missing a type annotation  [no-untyped-def]
scripts\utils\gui_helpers.py:254: error: Function is missing a type annotation  [no-untyped-def]
scripts\utils\gui_helpers.py:284: error: Function is missing a type annotation  [no-untyped-def]
scripts\utils\gui_helpers.py:313: error: Function is missing a type annotation  [no-untyped-def]
scripts\utils\gui_helpers.py:320: error: Function is missing a type annotation  [no-untyped-def]
scripts\utils\gui_helpers.py:327: error: Missing type parameters for generic type "dict"  [type-arg]
scripts\refactor\refactor_guard_cli.py:228: error: Argument 1 to "int" has incompatible type "str | None"; expected "str | Buffer | SupportsInt | SupportsIndex | SupportsTrunc"  [arg-type]
scripts\gui\panels\log_panel.py:25: error: Function is missing a type annotation for one or more arguments  [no-untyped-def]
scripts\gui\panels\log_panel.py:34: error: Incompatible types in assignment (expression has type "None", variable has type "Labelframe")  [assignment]
scripts\gui\panels\log_panel.py:35: error: Incompatible types in assignment (expression has type "None", variable has type "ScrolledText")  [assignment]
scripts\gui\panels\entry_panel.py:29: error: Function is missing a type annotation for one or more arguments  [no-untyped-def]
scripts\gui\panels\entry_panel.py:74: error: Item "None" of "Text | None" has no attribute "get"  [union-attr]
scripts\gui\panels\entry_panel.py:83: error: Item "None" of "Text | None" has no attribute "delete"  [union-attr]
scripts\gui\panels\entry_panel.py:99: error: Item "None" of "Text | None" has no attribute "delete"  [union-attr]
scripts\gui\panels\coverage_panel.py:27: error: Function is missing a type annotation for one or more arguments  [no-untyped-def]
scripts\gui\panels\coverage_panel.py:68: error: Item "None" of "Treeview | None" has no attribute "get_children"  [union-attr]
scripts\gui\panels\coverage_panel.py:69: error: Item "None" of "Treeview | None" has no attribute "delete"  [union-attr]
scripts\gui\panels\coverage_panel.py:80: error: Item "None" of "Treeview | None" has no attribute "insert"  [union-attr]
scripts\gui\panels\action_panel.py:29: error: Function is missing a type annotation for one or more arguments  [no-untyped-def]
scripts\core\log_manager.py:52: error: Missing type parameters for generic type "dict"  [type-arg]
scripts\core\log_manager.py:75: error: Missing type parameters for generic type "dict"  [type-arg]
scripts\core\log_manager.py:85: error: Function is missing a type annotation for one or more arguments  [no-untyped-def]
scripts\core\log_manager.py:110: error: Missing type parameters for generic type "dict"  [type-arg]
scripts\core\log_manager.py:130: error: Missing type parameters for generic type "list"  [type-arg]
scripts\core\log_manager.py:156: error: Missing type parameters for generic type "dict"  [type-arg]
scripts\config\config_manager.py:171: error: Missing named argument "mode" for "AppConfig"  [call-arg]
scripts\config\config_manager.py:171: error: Missing named argument "use_gui" for "AppConfig"  [call-arg]
scripts\config\config_manager.py:171: error: Missing named argument "interface_theme" for "AppConfig"  [call-arg]
scripts\config\config_manager.py:171: error: Missing named argument "batch_size" for "AppConfig"  [call-arg]
scripts\config\config_manager.py:171: error: Missing named argument "autosave_interval" for "AppConfig"  [call-arg]
scripts\config\config_manager.py:171: error: Missing named argument "log_level" for "AppConfig"  [call-arg]
scripts\config\config_manager.py:171: error: Missing named argument "summarization" for "AppConfig"  [call-arg]
scripts\config\config_manager.py:171: error: Missing named argument "llm_provider" for "AppConfig"  [call-arg]
scripts\config\config_manager.py:171: error: Missing named argument "llm_model" for "AppConfig"  [call-arg]
scripts\config\config_manager.py:171: error: Missing named argument "openai_model" for "AppConfig"  [call-arg]
scripts\config\config_manager.py:171: error: Missing named argument "api_keys" for "AppConfig"  [call-arg]
scripts\config\config_manager.py:171: error: Missing named argument "embedding_model" for "AppConfig"  [call-arg]
scripts\config\config_manager.py:171: error: Missing named argument "faiss_top_k" for "AppConfig"  [call-arg]
scripts\config\config_manager.py:171: error: Missing named argument "force_summary_tracker_rebuild" for "AppConfig"  [call-arg]
scripts\config\config_manager.py:171: error: Missing named argument "vector_store_dir" for "AppConfig"  [call-arg]
scripts\config\config_manager.py:171: error: Missing named argument "faiss_index_path" for "AppConfig"  [call-arg]
scripts\config\config_manager.py:171: error: Missing named argument "faiss_metadata_path" for "AppConfig"  [call-arg]
scripts\config\config_manager.py:171: error: Missing named argument "logs_dir" for "AppConfig"  [call-arg]
scripts\config\config_manager.py:171: error: Missing named argument "export_dir" for "AppConfig"  [call-arg]
scripts\config\config_manager.py:171: error: Missing named argument "correction_summaries_path" for "AppConfig"  [call-arg]
scripts\config\config_manager.py:171: error: Missing named argument "raw_log_path" for "AppConfig"  [call-arg]
scripts\config\config_manager.py:171: error: Missing named argument "raw_log_index_path" for "AppConfig"  [call-arg]
scripts\config\config_manager.py:171: error: Missing named argument "raw_log_metadata_path" for "AppConfig"  [call-arg]
scripts\config\config_manager.py:171: error: Missing named argument "log_format" for "AppConfig"  [call-arg]
scripts\config\config_manager.py:171: error: Missing named argument "markdown_export" for "AppConfig"  [call-arg]
scripts\config\config_manager.py:171: error: Missing named argument "default_tags" for "AppConfig"  [call-arg]
scripts\config\config_manager.py:171: error: Missing named argument "use_templates" for "AppConfig"  [call-arg]
scripts\config\config_manager.py:171: error: Missing named argument "persona" for "AppConfig"  [call-arg]
scripts\config\config_manager.py:171: error: Missing named argument "category_structure" for "AppConfig"  [call-arg]
scripts\config\config_manager.py:171: error: Missing named argument "prompts_by_subcategory" for "AppConfig"  [call-arg]
scripts\config\config_manager.py:171: error: Missing named argument "test_mode" for "AppConfig"  [call-arg]
scripts\config\config_manager.py:171: error: Missing named argument "test_logs_dir" for "AppConfig"  [call-arg]
scripts\config\config_manager.py:171: error: Missing named argument "test_vector_store_dir" for "AppConfig"  [call-arg]
scripts\config\config_manager.py:171: error: Missing named argument "test_export_dir" for "AppConfig"  [call-arg]
scripts\config\config_manager.py:171: error: Missing named argument "test_correction_summaries_path" for "AppConfig"  [call-arg]
scripts\config\config_manager.py:171: error: Missing named argument "test_raw_log_path" for "AppConfig"  [call-arg]
scripts\config\config_manager.py:171: error: Missing named argument "test_summary_tracker_path" for "AppConfig"  [call-arg]
scripts\config\config_manager.py:171: error: Missing named argument "remote_sync" for "AppConfig"  [call-arg]
scripts\config\config_manager.py:171: error: Missing named argument "plugin_dir" for "AppConfig"  [call-arg]
scripts\config\config_manager.py:171: error: Missing named argument "enable_debug_logging" for "AppConfig"  [call-arg]
scripts\config\config_manager.py:171: error: Missing named argument "strict_offline_mode" for "AppConfig"  [call-arg]
scripts\config\config_manager.py:204: error: Function is missing a return type annotation  [no-untyped-def]
scripts\config\config_manager.py:204: note: Use "-> None" if function does not return a value
scripts\config\config_manager.py:215: error: Function is missing a return type annotation  [no-untyped-def]
scripts\ci_analyzer\orchestrator.py:74: error: Returning Any from function declared to return "dict[str, Any]"  [no-any-return]
scripts\ci_analyzer\orchestrator.py:125: error: Function is missing a return type annotation  [no-untyped-def]
scripts\ci_analyzer\orchestrator.py:125: note: Use "-> None" if function does not return a value
scripts\ci_analyzer\orchestrator.py:141: error: Call to untyped function "main" in typed context  [no-untyped-call]
scripts\ai\ai_summarizer.py:14: error: Library stubs not installed for "requests.exceptions"  [import-untyped]
scripts\ai\ai_summarizer.py:14: note: Hint: "python3 -m pip install types-requests"
scripts\ai\ai_summarizer.py:14: note: (or run "mypy --install-types" to install all missing stub packages)
scripts\ai\ai_summarizer.py:14: note: See https://mypy.readthedocs.io/en/stable/running_mypy.html#missing-imports
scripts\ai\ai_summarizer.py:25: error: Function is missing a return type annotation  [no-untyped-def]
scripts\ai\ai_summarizer.py:25: note: Use "-> None" if function does not return a value
scripts\ai\ai_summarizer.py:29: error: Call to untyped function "load_config" in typed context  [no-untyped-call]
scripts\ai\ai_summarizer.py:30: error: Call to untyped function "get_config_value" in typed context  [no-untyped-call]
scripts\ai\ai_summarizer.py:31: error: Call to untyped function "get_config_value" in typed context  [no-untyped-call]
scripts\ai\ai_summarizer.py:34: error: Function is missing a type annotation  [no-untyped-def]
scripts\ai\ai_summarizer.py:57: error: Function is missing a type annotation  [no-untyped-def]
scripts\ai\ai_summarizer.py:78: error: Call to untyped function "_fallback_summary" in typed context  [no-untyped-call]
scripts\ai\ai_summarizer.py:82: error: Call to untyped function "_fallback_summary" in typed context  [no-untyped-call]
scripts\ai\ai_summarizer.py:84: error: Function is missing a type annotation  [no-untyped-def]
scripts\ai\ai_summarizer.py:109: error: Call to untyped function "_fallback_summary" in typed context  [no-untyped-call]
scripts\ai\ai_summarizer.py:113: error: Call to untyped function "_fallback_summary" in typed context  [no-untyped-call]
scripts\indexers\base_indexer.py:43: error: Call to untyped function "get_config_value" in typed context  [no-untyped-call]
scripts\indexers\base_indexer.py:132: error: "None" has no attribute "add"  [attr-defined]
scripts\indexers\summary_indexer.py:73: error: Need type annotation for "texts" (hint: "texts: list[<type>] = ...")  [var-annotated]
scripts\indexers\summary_indexer.py:73: error: Need type annotation for "meta" (hint: "meta: list[<type>] = ...")  [var-annotated]
scripts\indexers\summary_indexer.py:83: error: Missing type parameters for generic type "dict"  [type-arg]
scripts\indexers\summary_indexer.py:111: error: Missing type parameters for generic type "dict"  [type-arg]
scripts\indexers\summary_indexer.py:149: error: Missing type parameters for generic type "list"  [type-arg]
scripts\indexers\summary_indexer.py:218: error: Function is missing a return type annotation  [no-untyped-def]
scripts\indexers\summary_indexer.py:218: note: Use "-> None" if function does not return a value
scripts\indexers\raw_log_indexer.py:70: error: Need type annotation for "texts" (hint: "texts: list[<type>] = ...")  [var-annotated]
scripts\indexers\raw_log_indexer.py:70: error: Need type annotation for "meta" (hint: "meta: list[<type>] = ...")  [var-annotated]
scripts\indexers\raw_log_indexer.py:80: error: Missing type parameters for generic type "dict"  [type-arg]
scripts\indexers\raw_log_indexer.py:108: error: Missing type parameters for generic type "dict"  [type-arg]
scripts\core\summary_tracker.py:112: error: Returning Any from function declared to return "int"  [no-any-return]
scripts\core\summary_tracker.py:176: error: Call to untyped function "rebuild" in typed context  [no-untyped-call]
scripts\core\summary_tracker.py:233: error: Missing type parameters for generic type "dict"  [type-arg]
scripts\core\summary_tracker.py:246: error: Call to untyped function "get_effective_config" in typed context  [no-untyped-call]
scripts\core\summary_tracker.py:247: error: Call to untyped function "get_config_value" in typed context  [no-untyped-call]
scripts\core\core.py:68: error: Call to untyped function "get_effective_config" in typed context  [no-untyped-call]
scripts\core\core.py:76: error: Call to untyped function "AISummarizer" in typed context  [no-untyped-call]
scripts\core\core.py:79: error: Call to untyped function "get_config_value" in typed context  [no-untyped-call]
scripts\core\core.py:95: error: Call to untyped function "get_config_value" in typed context  [no-untyped-call]
scripts\core\core.py:183: error: Call to untyped function "summarize_entries_bulk" in typed context  [no-untyped-call]
scripts\core\core.py:189: error: Call to untyped function "_fallback_summary" in typed context  [no-untyped-call]
scripts\core\core.py:194: error: Incompatible return value type (got "None", expected "str")  [return-value]
scripts\core\core.py:195: error: Incompatible return value type (got "Any | None", expected "str")  [return-value]
scripts\core\core.py:387: error: Item "None" of "SummaryIndexer | None" has no attribute "search"  [union-attr]
scripts\core\core.py:400: error: Item "None" of "RawLogIndexer | None" has no attribute "search"  [union-attr]
scripts\gui\gui.py:18: error: Call to untyped function "load_config" in typed context  [no-untyped-call]
scripts\gui\gui.py:19: error: Call to untyped function "get_config_value" in typed context  [no-untyped-call]
scripts\gui\gui.py:90: error: Call to untyped function "_build_main_tab" in typed context  [no-untyped-call]
scripts\gui\gui.py:91: error: Call to untyped function "_build_search_tab" in typed context  [no-untyped-call]
scripts\gui\gui.py:92: error: Call to untyped function "_build_analytics_tab" in typed context  [no-untyped-call]
scripts\gui\gui.py:94: error: Call to untyped function "_setup_gui_logging" in typed context  [no-untyped-call]
scripts\gui\gui.py:95: error: Call to untyped function "_update_coverage_display" in typed context  [no-untyped-call]
scripts\gui\gui.py:98: error: Call to untyped function "_create_status_bar" in typed context  [no-untyped-call]
scripts\gui\gui.py:100: error: Function is missing a return type annotation  [no-untyped-def]
scripts\gui\gui.py:100: note: Use "-> None" if function does not return a value
scripts\gui\gui.py:101: error: Call to untyped function "GUILogHandler" in typed context  [no-untyped-call]
scripts\gui\gui.py:107: error: Function is missing a return type annotation  [no-untyped-def]
scripts\gui\gui.py:204: error: Call to untyped function "_update_main_category" in typed context  [no-untyped-call]
scripts\gui\gui.py:221: error: Call to untyped function "_populate_category_dropdown" in typed context  [no-untyped-call]
scripts\gui\gui.py:257: error: Function is missing a return type annotation  [no-untyped-def]
scripts\gui\gui.py:257: note: Use "-> None" if function does not return a value
scripts\gui\gui.py:275: error: Call to untyped function "_build_summary_search" in typed context  [no-untyped-call]
scripts\gui\gui.py:276: error: Call to untyped function "_build_raw_search" in typed context  [no-untyped-call]
scripts\gui\gui.py:277: error: Call to untyped function "_build_advanced_search" in typed context  [no-untyped-call]
scripts\gui\gui.py:279: error: Function is missing a type annotation  [no-untyped-def]
scripts\gui\gui.py:321: error: Function is missing a type annotation  [no-untyped-def]
scripts\gui\gui.py:364: error: Function is missing a type annotation  [no-untyped-def]
scripts\gui\gui.py:373: error: Function is missing a return type annotation  [no-untyped-def]
scripts\gui\gui.py:373: note: Use "-> None" if function does not return a value
scripts\gui\gui.py:395: error: Function is missing a return type annotation  [no-untyped-def]
scripts\gui\gui.py:395: note: Use "-> None" if function does not return a value
scripts\gui\gui.py:410: error: Function is missing a return type annotation  [no-untyped-def]
scripts\gui\gui.py:410: note: Use "-> None" if function does not return a value
scripts\gui\gui.py:417: error: Call to untyped function "_update_main_category" in typed context  [no-untyped-call]
scripts\gui\gui.py:421: error: Function is missing a type annotation  [no-untyped-def]
scripts\gui\gui.py:432: error: Function is missing a return type annotation  [no-untyped-def]
scripts\gui\gui.py:432: note: Use "-> None" if function does not return a value
scripts\gui\gui.py:471: error: Function is missing a type annotation  [no-untyped-def]
scripts\gui\gui.py:476: error: Function is missing a type annotation  [no-untyped-def]
scripts\gui\gui.py:481: error: Function is missing a return type annotation  [no-untyped-def]
scripts\gui\gui.py:481: note: Use "-> None" if function does not return a value
scripts\gui\gui.py:490: error: Call to untyped function "display_message" in typed context  [no-untyped-call]
scripts\gui\gui.py:492: error: Call to untyped function "_on_entry_focus_out" in typed context  [no-untyped-call]
scripts\gui\gui.py:493: error: Call to untyped function "_update_coverage_display" in typed context  [no-untyped-call]
scripts\gui\gui.py:495: error: Call to untyped function "display_error" in typed context  [no-untyped-call]
scripts\gui\gui.py:497: error: Call to untyped function "display_error" in typed context  [no-untyped-call]
scripts\gui\gui.py:499: error: Function is missing a type annotation  [no-untyped-def]
scripts\gui\gui.py:558: error: Function is missing a return type annotation  [no-untyped-def]
scripts\gui\gui.py:558: note: Use "-> None" if function does not return a value
scripts\gui\gui.py:565: error: Call to untyped function "_format_json_for_display" in typed context  [no-untyped-call]
scripts\gui\gui.py:576: error: Function is missing a return type annotation  [no-untyped-def]
scripts\gui\gui.py:576: note: Use "-> None" if function does not return a value
scripts\gui\gui.py:586: error: Call to untyped function "_format_json_for_display" in typed context  [no-untyped-call]
scripts\gui\gui.py:596: error: Function is missing a return type annotation  [no-untyped-def]
scripts\gui\gui.py:596: note: Use "-> None" if function does not return a value
scripts\gui\gui.py:601: error: Call to untyped function "display_message" in typed context  [no-untyped-call]
scripts\gui\gui.py:602: error: Call to untyped function "_update_coverage_display" in typed context  [no-untyped-call]
scripts\gui\gui.py:604: error: Call to untyped function "display_error" in typed context  [no-untyped-call]
scripts\gui\gui.py:606: error: Function is missing a return type annotation  [no-untyped-def]
scripts\gui\gui.py:606: note: Use "-> None" if function does not return a value
scripts\gui\gui.py:617: error: Call to untyped function "display_message" in typed context  [no-untyped-call]
scripts\gui\gui.py:618: error: Call to untyped function "_update_coverage_display" in typed context  [no-untyped-call]
scripts\gui\gui.py:620: error: Call to untyped function "display_error" in typed context  [no-untyped-call]
scripts\gui\gui.py:622: error: Function is missing a return type annotation  [no-untyped-def]
scripts\gui\gui.py:622: note: Use "-> None" if function does not return a value
scripts\gui\gui.py:626: error: Call to untyped function "display_message" in typed context  [no-untyped-call]
scripts\gui\gui.py:628: error: Call to untyped function "display_error" in typed context  [no-untyped-call]
scripts\gui\gui.py:630: error: Function is missing a return type annotation  [no-untyped-def]
scripts\gui\gui.py:630: note: Use "-> None" if function does not return a value
scripts\gui\app.py:17: error: Function is missing a type annotation  [no-untyped-def]
scripts\gui\app.py:42: error: Call to untyped function "_create_status_bar" in typed context  [no-untyped-call]
scripts\gui\app.py:44: error: Function is missing a return type annotation  [no-untyped-def]
scripts\gui\app.py:44: note: Use "-> None" if function does not return a value
scripts\gui\app.py:54: error: Function is missing a return type annotation  [no-untyped-def]
scripts\gui\app.py:54: note: Use "-> None" if function does not return a value
scripts\gui\app.py:62: error: Call to untyped function "ZephyrusLoggerApp" in typed context  [no-untyped-call]
scripts\gui\app.py:63: error: Call to untyped function "run" in typed context  [no-untyped-call]
scripts\main.py:40: error: Call to untyped function "setup_logging" in typed context  [no-untyped-call]
scripts\main.py:43: error: Call to untyped function "load_config" in typed context  [no-untyped-call]
scripts\main.py:71: error: Call to untyped function "run" in typed context  [no-untyped-call]
Found 263 errors in 37 files (checked 62 source files)