{
  "ai\\ai_summarizer.py": {
    "quality": {
      "flake8": {
        "issues": [
          {
            "line": 11,
            "column": 101,
            "code": "E501",
            "message": "line too long (283 > 100 characters)"
          },
          {
            "line": 16,
            "column": 101,
            "code": "E501",
            "message": "line too long (118 > 100 characters)"
          },
          {
            "line": 25,
            "column": 101,
            "code": "E501",
            "message": "line too long (111 > 100 characters)"
          },
          {
            "line": 31,
            "column": 101,
            "code": "E501",
            "message": "line too long (101 > 100 characters)"
          },
          {
            "line": 48,
            "column": 101,
            "code": "E501",
            "message": "line too long (126 > 100 characters)"
          },
          {
            "line": 75,
            "column": 101,
            "code": "E501",
            "message": "line too long (118 > 100 characters)"
          }
        ]
      },
      "mypy": {
        "errors": [
          "scripts\\ai\\ai_summarizer.py:3: error: Library stubs not installed for \"requests.exceptions\"  [import-untyped]",
          "scripts\\ai\\ai_summarizer.py:14: error: Function is missing a return type annotation  [no-untyped-def]",
          "scripts\\ai\\ai_summarizer.py:18: error: Call to untyped function \"load_config\" in typed context  [no-untyped-call]",
          "scripts\\ai\\ai_summarizer.py:19: error: Call to untyped function \"get_config_value\" in typed context  [no-untyped-call]",
          "scripts\\ai\\ai_summarizer.py:20: error: Call to untyped function \"get_config_value\" in typed context  [no-untyped-call]",
          "scripts\\ai\\ai_summarizer.py:23: error: Function is missing a type annotation  [no-untyped-def]",
          "scripts\\ai\\ai_summarizer.py:46: error: Function is missing a type annotation  [no-untyped-def]",
          "scripts\\ai\\ai_summarizer.py:67: error: Call to untyped function \"_fallback_summary\" in typed context  [no-untyped-call]",
          "scripts\\ai\\ai_summarizer.py:71: error: Call to untyped function \"_fallback_summary\" in typed context  [no-untyped-call]",
          "scripts\\ai\\ai_summarizer.py:73: error: Function is missing a type annotation  [no-untyped-def]",
          "scripts\\ai\\ai_summarizer.py:98: error: Call to untyped function \"_fallback_summary\" in typed context  [no-untyped-call]",
          "scripts\\ai\\ai_summarizer.py:102: error: Call to untyped function \"_fallback_summary\" in typed context  [no-untyped-call]"
        ]
      },
      "pydocstyle": {
        "issues": [
          "scripts\\ai\\ai_summarizer.py:1 at module level:",
          "scripts\\ai\\ai_summarizer.py:10 in public class `AISummarizer`:",
          "scripts\\ai\\ai_summarizer.py:15 in public method `__init__`:"
        ]
      },
      "coverage": {
        "percent": 78.3
      }
    }
  },
  "ci_analyzer\\ci_trends.py": {
    "quality": {
      "flake8": {
        "issues": [
          {
            "line": 15,
            "column": 1,
            "code": "E302",
            "message": "expected 2 blank lines, found 1"
          },
          {
            "line": 39,
            "column": 29,
            "code": "E701",
            "message": "multiple statements on one line (colon)"
          },
          {
            "line": 39,
            "column": 42,
            "code": "E702",
            "message": "multiple statements on one line (semicolon)"
          },
          {
            "line": 40,
            "column": 28,
            "code": "E701",
            "message": "multiple statements on one line (colon)"
          },
          {
            "line": 40,
            "column": 41,
            "code": "E702",
            "message": "multiple statements on one line (semicolon)"
          },
          {
            "line": 40,
            "column": 101,
            "code": "E501",
            "message": "line too long (101 > 100 characters)"
          },
          {
            "line": 41,
            "column": 27,
            "code": "E701",
            "message": "multiple statements on one line (colon)"
          },
          {
            "line": 41,
            "column": 40,
            "code": "E702",
            "message": "multiple statements on one line (semicolon)"
          },
          {
            "line": 42,
            "column": 33,
            "code": "E701",
            "message": "multiple statements on one line (colon)"
          },
          {
            "line": 42,
            "column": 46,
            "code": "E702",
            "message": "multiple statements on one line (semicolon)"
          },
          {
            "line": 42,
            "column": 101,
            "code": "E501",
            "message": "line too long (104 > 100 characters)"
          },
          {
            "line": 43,
            "column": 31,
            "code": "E701",
            "message": "multiple statements on one line (colon)"
          },
          {
            "line": 43,
            "column": 44,
            "code": "E702",
            "message": "multiple statements on one line (semicolon)"
          },
          {
            "line": 62,
            "column": 1,
            "code": "E302",
            "message": "expected 2 blank lines, found 1"
          },
          {
            "line": 68,
            "column": 1,
            "code": "E302",
            "message": "expected 2 blank lines, found 1"
          },
          {
            "line": 75,
            "column": 1,
            "code": "E302",
            "message": "expected 2 blank lines, found 1"
          },
          {
            "line": 89,
            "column": 1,
            "code": "E305",
            "message": "expected 2 blank lines after class or function definition, found 1"
          },
          {
            "line": 97,
            "column": 75,
            "code": "W292",
            "message": "no newline at end of file"
          }
        ]
      },
      "black": {
        "needs_formatting": true
      },
      "mypy": {
        "errors": [
          "scripts\\ci_analyzer\\ci_trends.py:15: error: Function \"builtins.any\" is not valid as a type  [valid-type]",
          "scripts\\ci_analyzer\\ci_trends.py:20: error: any? has no attribute \"get\"  [attr-defined]",
          "scripts\\ci_analyzer\\ci_trends.py:35: error: any? has no attribute \"get\"  [attr-defined]",
          "scripts\\ci_analyzer\\ci_trends.py:49: error: any? has no attribute \"get\"  [attr-defined]",
          "scripts\\ci_analyzer\\ci_trends.py:51: error: any? has no attribute \"get\"  [attr-defined]",
          "scripts\\ci_analyzer\\ci_trends.py:73: error: Returning Any from function declared to return \"dict[str, float] | None\"  [no-any-return]"
        ]
      },
      "pydocstyle": {
        "issues": [
          "scripts\\ci_analyzer\\ci_trends.py:1 at module level:",
          "scripts\\ci_analyzer\\ci_trends.py:62 in public function `save_metrics`:",
          "scripts\\ci_analyzer\\ci_trends.py:68 in public function `load_last_metrics`:",
          "scripts\\ci_analyzer\\ci_trends.py:75 in public function `generate_trend_summary`:"
        ]
      }
    }
  },
  "ci_analyzer\\cli.py": {
    "quality": {
      "flake8": {
        "issues": [
          {
            "line": 8,
            "column": 1,
            "code": "E402",
            "message": "module level import not at top of file"
          }
        ]
      },
      "pydocstyle": {
        "issues": [
          "scripts\\ci_analyzer\\cli.py:1 at module level:"
        ]
      }
    }
  },
  "ci_analyzer\\insights\\descriptive_insights.py": {
    "quality": {
      "flake8": {
        "issues": [
          {
            "line": 7,
            "column": 1,
            "code": "E302",
            "message": "expected 2 blank lines, found 1"
          },
          {
            "line": 11,
            "column": 33,
            "code": "E231",
            "message": "missing whitespace after ','"
          },
          {
            "line": 11,
            "column": 37,
            "code": "E231",
            "message": "missing whitespace after ','"
          },
          {
            "line": 17,
            "column": 21,
            "code": "E231",
            "message": "missing whitespace after ','"
          },
          {
            "line": 17,
            "column": 23,
            "code": "E231",
            "message": "missing whitespace after ','"
          },
          {
            "line": 17,
            "column": 33,
            "code": "E231",
            "message": "missing whitespace after ','"
          },
          {
            "line": 17,
            "column": 35,
            "code": "E231",
            "message": "missing whitespace after ','"
          },
          {
            "line": 17,
            "column": 61,
            "code": "E225",
            "message": "missing whitespace around operator"
          },
          {
            "line": 18,
            "column": 33,
            "code": "E231",
            "message": "missing whitespace after ','"
          },
          {
            "line": 18,
            "column": 35,
            "code": "E231",
            "message": "missing whitespace after ','"
          },
          {
            "line": 18,
            "column": 54,
            "code": "E226",
            "message": "missing whitespace around arithmetic operator"
          },
          {
            "line": 19,
            "column": 49,
            "code": "E231",
            "message": "missing whitespace after ':'"
          },
          {
            "line": 22,
            "column": 47,
            "code": "E502",
            "message": "the backslash is redundant between brackets"
          },
          {
            "line": 23,
            "column": 101,
            "code": "E501",
            "message": "line too long (189 > 100 characters)"
          },
          {
            "line": 27,
            "column": 15,
            "code": "E231",
            "message": "missing whitespace after ','"
          },
          {
            "line": 27,
            "column": 17,
            "code": "E231",
            "message": "missing whitespace after ','"
          },
          {
            "line": 30,
            "column": 37,
            "code": "E226",
            "message": "missing whitespace around arithmetic operator"
          },
          {
            "line": 30,
            "column": 51,
            "code": "E226",
            "message": "missing whitespace around arithmetic operator"
          },
          {
            "line": 31,
            "column": 39,
            "code": "E226",
            "message": "missing whitespace around arithmetic operator"
          },
          {
            "line": 31,
            "column": 53,
            "code": "E226",
            "message": "missing whitespace around arithmetic operator"
          },
          {
            "line": 39,
            "column": 1,
            "code": "E302",
            "message": "expected 2 blank lines, found 1"
          },
          {
            "line": 43,
            "column": 36,
            "code": "E231",
            "message": "missing whitespace after ','"
          },
          {
            "line": 44,
            "column": 69,
            "code": "E231",
            "message": "missing whitespace after ','"
          },
          {
            "line": 44,
            "column": 101,
            "code": "E501",
            "message": "line too long (110 > 100 characters)"
          },
          {
            "line": 46,
            "column": 42,
            "code": "E502",
            "message": "the backslash is redundant between brackets"
          },
          {
            "line": 47,
            "column": 89,
            "code": "E502",
            "message": "the backslash is redundant between brackets"
          },
          {
            "line": 50,
            "column": 18,
            "code": "E226",
            "message": "missing whitespace around arithmetic operator"
          },
          {
            "line": 50,
            "column": 24,
            "code": "E226",
            "message": "missing whitespace around arithmetic operator"
          },
          {
            "line": 61,
            "column": 1,
            "code": "E302",
            "message": "expected 2 blank lines, found 1"
          },
          {
            "line": 68,
            "column": 16,
            "code": "E225",
            "message": "missing whitespace around operator"
          },
          {
            "line": 69,
            "column": 14,
            "code": "E225",
            "message": "missing whitespace around operator"
          },
          {
            "line": 71,
            "column": 31,
            "code": "E231",
            "message": "missing whitespace after ','"
          },
          {
            "line": 72,
            "column": 17,
            "code": "E701",
            "message": "multiple statements on one line (colon)"
          },
          {
            "line": 73,
            "column": 20,
            "code": "E225",
            "message": "missing whitespace around operator"
          },
          {
            "line": 74,
            "column": 15,
            "code": "E225",
            "message": "missing whitespace around operator"
          },
          {
            "line": 74,
            "column": 17,
            "code": "E702",
            "message": "multiple statements on one line (semicolon)"
          },
          {
            "line": 74,
            "column": 29,
            "code": "E225",
            "message": "missing whitespace around operator"
          },
          {
            "line": 76,
            "column": 36,
            "code": "E231",
            "message": "missing whitespace after ','"
          },
          {
            "line": 76,
            "column": 53,
            "code": "E231",
            "message": "missing whitespace after ','"
          },
          {
            "line": 76,
            "column": 57,
            "code": "E701",
            "message": "multiple statements on one line (colon)"
          },
          {
            "line": 76,
            "column": 87,
            "code": "E225",
            "message": "missing whitespace around operator"
          },
          {
            "line": 77,
            "column": 38,
            "code": "E231",
            "message": "missing whitespace after ','"
          },
          {
            "line": 77,
            "column": 55,
            "code": "E231",
            "message": "missing whitespace after ','"
          },
          {
            "line": 77,
            "column": 59,
            "code": "E701",
            "message": "multiple statements on one line (colon)"
          },
          {
            "line": 77,
            "column": 71,
            "code": "E225",
            "message": "missing whitespace around operator"
          },
          {
            "line": 78,
            "column": 32,
            "code": "E231",
            "message": "missing whitespace after ','"
          },
          {
            "line": 78,
            "column": 49,
            "code": "E231",
            "message": "missing whitespace after ','"
          },
          {
            "line": 80,
            "column": 17,
            "code": "E701",
            "message": "multiple statements on one line (colon)"
          },
          {
            "line": 80,
            "column": 35,
            "code": "E225",
            "message": "missing whitespace around operator"
          },
          {
            "line": 82,
            "column": 25,
            "code": "E701",
            "message": "multiple statements on one line (colon)"
          },
          {
            "line": 82,
            "column": 33,
            "code": "E225",
            "message": "missing whitespace around operator"
          },
          {
            "line": 82,
            "column": 36,
            "code": "E702",
            "message": "multiple statements on one line (semicolon)"
          },
          {
            "line": 82,
            "column": 80,
            "code": "E231",
            "message": "missing whitespace after ','"
          },
          {
            "line": 82,
            "column": 85,
            "code": "E225",
            "message": "missing whitespace around operator"
          },
          {
            "line": 83,
            "column": 24,
            "code": "E701",
            "message": "multiple statements on one line (colon)"
          },
          {
            "line": 83,
            "column": 32,
            "code": "E225",
            "message": "missing whitespace around operator"
          },
          {
            "line": 83,
            "column": 35,
            "code": "E702",
            "message": "multiple statements on one line (semicolon)"
          },
          {
            "line": 83,
            "column": 88,
            "code": "E231",
            "message": "missing whitespace after ','"
          },
          {
            "line": 84,
            "column": 23,
            "code": "E701",
            "message": "multiple statements on one line (colon)"
          },
          {
            "line": 84,
            "column": 31,
            "code": "E225",
            "message": "missing whitespace around operator"
          },
          {
            "line": 84,
            "column": 34,
            "code": "E702",
            "message": "multiple statements on one line (semicolon)"
          },
          {
            "line": 84,
            "column": 76,
            "code": "E231",
            "message": "missing whitespace after ','"
          },
          {
            "line": 84,
            "column": 81,
            "code": "E225",
            "message": "missing whitespace around operator"
          },
          {
            "line": 85,
            "column": 29,
            "code": "E701",
            "message": "multiple statements on one line (colon)"
          },
          {
            "line": 85,
            "column": 37,
            "code": "E225",
            "message": "missing whitespace around operator"
          },
          {
            "line": 85,
            "column": 40,
            "code": "E702",
            "message": "multiple statements on one line (semicolon)"
          },
          {
            "line": 85,
            "column": 88,
            "code": "E231",
            "message": "missing whitespace after ','"
          },
          {
            "line": 85,
            "column": 93,
            "code": "E225",
            "message": "missing whitespace around operator"
          },
          {
            "line": 86,
            "column": 27,
            "code": "E701",
            "message": "multiple statements on one line (colon)"
          },
          {
            "line": 86,
            "column": 35,
            "code": "E225",
            "message": "missing whitespace around operator"
          },
          {
            "line": 86,
            "column": 38,
            "code": "E702",
            "message": "multiple statements on one line (semicolon)"
          },
          {
            "line": 86,
            "column": 81,
            "code": "E231",
            "message": "missing whitespace after ','"
          },
          {
            "line": 86,
            "column": 84,
            "code": "E225",
            "message": "missing whitespace around operator"
          },
          {
            "line": 87,
            "column": 33,
            "code": "E226",
            "message": "missing whitespace around arithmetic operator"
          },
          {
            "line": 87,
            "column": 40,
            "code": "E226",
            "message": "missing whitespace around arithmetic operator"
          },
          {
            "line": 88,
            "column": 26,
            "code": "E226",
            "message": "missing whitespace around arithmetic operator"
          },
          {
            "line": 89,
            "column": 32,
            "code": "E702",
            "message": "multiple statements on one line (semicolon)"
          },
          {
            "line": 90,
            "column": 44,
            "code": "E502",
            "message": "the backslash is redundant between brackets"
          },
          {
            "line": 91,
            "column": 101,
            "code": "E501",
            "message": "line too long (123 > 100 characters)"
          },
          {
            "line": 91,
            "column": 123,
            "code": "E502",
            "message": "the backslash is redundant between brackets"
          },
          {
            "line": 92,
            "column": 35,
            "code": "E502",
            "message": "the backslash is redundant between brackets"
          },
          {
            "line": 93,
            "column": 70,
            "code": "E502",
            "message": "the backslash is redundant between brackets"
          },
          {
            "line": 100,
            "column": 13,
            "code": "E231",
            "message": "missing whitespace after ','"
          },
          {
            "line": 100,
            "column": 41,
            "code": "E701",
            "message": "multiple statements on one line (colon)"
          },
          {
            "line": 102,
            "column": 13,
            "code": "E231",
            "message": "missing whitespace after ','"
          },
          {
            "line": 102,
            "column": 39,
            "code": "E701",
            "message": "multiple statements on one line (colon)"
          },
          {
            "line": 106,
            "column": 1,
            "code": "E302",
            "message": "expected 2 blank lines, found 1"
          },
          {
            "line": 110,
            "column": 10,
            "code": "E225",
            "message": "missing whitespace around operator"
          },
          {
            "line": 112,
            "column": 48,
            "code": "E502",
            "message": "the backslash is redundant between brackets"
          },
          {
            "line": 113,
            "column": 98,
            "code": "E502",
            "message": "the backslash is redundant between brackets"
          },
          {
            "line": 115,
            "column": 18,
            "code": "E225",
            "message": "missing whitespace around operator"
          },
          {
            "line": 115,
            "column": 38,
            "code": "E231",
            "message": "missing whitespace after ','"
          },
          {
            "line": 116,
            "column": 18,
            "code": "E225",
            "message": "missing whitespace around operator"
          },
          {
            "line": 116,
            "column": 38,
            "code": "E231",
            "message": "missing whitespace after ','"
          },
          {
            "line": 117,
            "column": 8,
            "code": "E225",
            "message": "missing whitespace around operator"
          },
          {
            "line": 117,
            "column": 23,
            "code": "E226",
            "message": "missing whitespace around arithmetic operator"
          },
          {
            "line": 117,
            "column": 37,
            "code": "E226",
            "message": "missing whitespace around arithmetic operator"
          },
          {
            "line": 118,
            "column": 8,
            "code": "E225",
            "message": "missing whitespace around operator"
          },
          {
            "line": 118,
            "column": 24,
            "code": "E702",
            "message": "multiple statements on one line (semicolon)"
          },
          {
            "line": 118,
            "column": 31,
            "code": "E225",
            "message": "missing whitespace around operator"
          },
          {
            "line": 120,
            "column": 40,
            "code": "E502",
            "message": "the backslash is redundant between brackets"
          }
        ]
      },
      "mypy": {
        "errors": [
          "scripts\\ci_analyzer\\insights\\descriptive_insights.py:65: error: Need type annotation for \"flake8\"  [var-annotated]",
          "scripts\\ci_analyzer\\insights\\descriptive_insights.py:66: error: Need type annotation for \"pydoc\"  [var-annotated]",
          "scripts\\ci_analyzer\\insights\\descriptive_insights.py:67: error: Need type annotation for \"mypy\"  [var-annotated]",
          "scripts\\ci_analyzer\\insights\\descriptive_insights.py:87: error: Incompatible types in assignment (expression has type \"float | int\", variable has type \"int\")  [assignment]"
        ]
      },
      "pydocstyle": {
        "issues": [
          "scripts\\ci_analyzer\\insights\\descriptive_insights.py:1 at module level:",
          "scripts\\ci_analyzer\\insights\\descriptive_insights.py:8 in public function `generate_complexity_insights`:",
          "scripts\\ci_analyzer\\insights\\descriptive_insights.py:40 in public function `generate_testing_insights`:",
          "scripts\\ci_analyzer\\insights\\descriptive_insights.py:62 in public function `generate_quality_insights`:",
          "scripts\\ci_analyzer\\insights\\descriptive_insights.py:107 in public function `generate_diff_insights`:"
        ]
      }
    }
  },
  "ci_analyzer\\insights\\overview.py": {
    "quality": {
      "flake8": {
        "issues": [
          {
            "line": 91,
            "column": 22,
            "code": "F541",
            "message": "f-string is missing placeholders"
          },
          {
            "line": 95,
            "column": 22,
            "code": "F541",
            "message": "f-string is missing placeholders"
          }
        ]
      },
      "pydocstyle": {
        "issues": [
          "scripts\\ci_analyzer\\insights\\overview.py:1 at module level:",
          "scripts\\ci_analyzer\\insights\\overview.py:7 in public function `generate_overview_insights`:"
        ]
      }
    }
  },
  "ci_analyzer\\orchestrator.py": {
    "quality": {
      "flake8": {
        "issues": [
          {
            "line": 8,
            "column": 101,
            "code": "E501",
            "message": "line too long (168 > 100 characters)"
          },
          {
            "line": 29,
            "column": 1,
            "code": "E302",
            "message": "expected 2 blank lines, found 1"
          }
        ]
      },
      "black": {
        "needs_formatting": true
      },
      "mypy": {
        "errors": [
          "scripts\\ci_analyzer\\orchestrator.py:33: error: Returning Any from function declared to return \"dict[str, Any]\"  [no-any-return]",
          "scripts\\ci_analyzer\\orchestrator.py:62: error: Function is missing a return type annotation  [no-untyped-def]",
          "scripts\\ci_analyzer\\orchestrator.py:70: error: Call to untyped function \"main\" in typed context  [no-untyped-call]"
        ]
      },
      "pydocstyle": {
        "issues": [
          "scripts\\ci_analyzer\\orchestrator.py:1 at module level:",
          "scripts\\ci_analyzer\\orchestrator.py:29 in public function `load_audit`:",
          "scripts\\ci_analyzer\\orchestrator.py:36 in public function `header_block`:",
          "scripts\\ci_analyzer\\orchestrator.py:47 in public function `generate_ci_summary`:",
          "scripts\\ci_analyzer\\orchestrator.py:58 in public function `save_summary`:",
          "scripts\\ci_analyzer\\orchestrator.py:62 in public function `main`:"
        ]
      }
    }
  },
  "config\\config_loader.py": {
    "quality": {
      "flake8": {
        "issues": [
          {
            "line": 10,
            "column": 101,
            "code": "E501",
            "message": "line too long (108 > 100 characters)"
          },
          {
            "line": 38,
            "column": 1,
            "code": "F811",
            "message": "redefinition of unused 'json' from line 1"
          },
          {
            "line": 38,
            "column": 1,
            "code": "E402",
            "message": "module level import not at top of file"
          },
          {
            "line": 39,
            "column": 1,
            "code": "E402",
            "message": "module level import not at top of file"
          },
          {
            "line": 40,
            "column": 1,
            "code": "E402",
            "message": "module level import not at top of file"
          },
          {
            "line": 149,
            "column": 101,
            "code": "E501",
            "message": "line too long (118 > 100 characters)"
          },
          {
            "line": 160,
            "column": 101,
            "code": "E501",
            "message": "line too long (110 > 100 characters)"
          }
        ]
      },
      "mypy": {
        "errors": [
          "scripts\\config\\config_loader.py:7: error: Function is missing a return type annotation  [no-untyped-def]",
          "scripts\\config\\config_loader.py:27: error: Call to untyped function \"setup_logging\" in typed context  [no-untyped-call]",
          "scripts\\config\\config_loader.py:45: error: Incompatible types in assignment (expression has type \"str\", variable has type \"Path\")  [assignment]",
          "scripts\\config\\config_loader.py:48: error: Function is missing a type annotation  [no-untyped-def]",
          "scripts\\config\\config_loader.py:90: error: Function is missing a type annotation  [no-untyped-def]",
          "scripts\\config\\config_loader.py:111: error: Function is missing a type annotation  [no-untyped-def]",
          "scripts\\config\\config_loader.py:128: error: Function is missing a type annotation  [no-untyped-def]",
          "scripts\\config\\config_loader.py:143: error: Call to untyped function \"load_config\" in typed context  [no-untyped-call]",
          "scripts\\config\\config_loader.py:147: error: Function is missing a type annotation  [no-untyped-def]",
          "scripts\\config\\config_loader.py:162: error: Call to untyped function \"load_config\" in typed context  [no-untyped-call]",
          "scripts\\config\\config_loader.py:186: error: Call to untyped function \"load_config\" in typed context  [no-untyped-call]",
          "scripts\\config\\config_loader.py:187: error: Call to untyped function \"get_config_value\" in typed context  [no-untyped-call]",
          "scripts\\config\\config_loader.py:188: error: Call to untyped function \"get_absolute_path\" in typed context  [no-untyped-call]",
          "scripts\\config\\config_loader.py:189: error: Call to untyped function \"get_config_value\" in typed context  [no-untyped-call]"
        ]
      },
      "pydocstyle": {
        "issues": [
          "scripts\\config\\config_loader.py:1 at module level:",
          "scripts\\config\\config_loader.py:8 in public function `setup_logging`:",
          "scripts\\config\\config_loader.py:8 in public function `setup_logging`:",
          "scripts\\config\\config_loader.py:49 in public function `load_config`:",
          "scripts\\config\\config_loader.py:148 in public function `get_effective_config`:"
        ]
      },
      "coverage": {
        "percent": 74.7
      }
    }
  },
  "config\\config_manager.py": {
    "quality": {
      "flake8": {
        "issues": [
          {
            "line": 5,
            "column": 1,
            "code": "F401",
            "message": "'json' imported but unused"
          }
        ]
      },
      "mypy": {
        "errors": [
          "scripts\\config\\config_manager.py:128: error: Missing named argument \"mode\" for \"AppConfig\"  [call-arg]",
          "scripts\\config\\config_manager.py:128: error: Missing named argument \"use_gui\" for \"AppConfig\"  [call-arg]",
          "scripts\\config\\config_manager.py:128: error: Missing named argument \"interface_theme\" for \"AppConfig\"  [call-arg]",
          "scripts\\config\\config_manager.py:128: error: Missing named argument \"batch_size\" for \"AppConfig\"  [call-arg]",
          "scripts\\config\\config_manager.py:128: error: Missing named argument \"autosave_interval\" for \"AppConfig\"  [call-arg]",
          "scripts\\config\\config_manager.py:128: error: Missing named argument \"log_level\" for \"AppConfig\"  [call-arg]",
          "scripts\\config\\config_manager.py:128: error: Missing named argument \"summarization\" for \"AppConfig\"  [call-arg]",
          "scripts\\config\\config_manager.py:128: error: Missing named argument \"llm_provider\" for \"AppConfig\"  [call-arg]",
          "scripts\\config\\config_manager.py:128: error: Missing named argument \"llm_model\" for \"AppConfig\"  [call-arg]",
          "scripts\\config\\config_manager.py:128: error: Missing named argument \"openai_model\" for \"AppConfig\"  [call-arg]",
          "scripts\\config\\config_manager.py:128: error: Missing named argument \"api_keys\" for \"AppConfig\"  [call-arg]",
          "scripts\\config\\config_manager.py:128: error: Missing named argument \"embedding_model\" for \"AppConfig\"  [call-arg]",
          "scripts\\config\\config_manager.py:128: error: Missing named argument \"faiss_top_k\" for \"AppConfig\"  [call-arg]",
          "scripts\\config\\config_manager.py:128: error: Missing named argument \"force_summary_tracker_rebuild\" for \"AppConfig\"  [call-arg]",
          "scripts\\config\\config_manager.py:128: error: Missing named argument \"vector_store_dir\" for \"AppConfig\"  [call-arg]",
          "scripts\\config\\config_manager.py:128: error: Missing named argument \"faiss_index_path\" for \"AppConfig\"  [call-arg]",
          "scripts\\config\\config_manager.py:128: error: Missing named argument \"faiss_metadata_path\" for \"AppConfig\"  [call-arg]",
          "scripts\\config\\config_manager.py:128: error: Missing named argument \"logs_dir\" for \"AppConfig\"  [call-arg]",
          "scripts\\config\\config_manager.py:128: error: Missing named argument \"export_dir\" for \"AppConfig\"  [call-arg]",
          "scripts\\config\\config_manager.py:128: error: Missing named argument \"correction_summaries_path\" for \"AppConfig\"  [call-arg]",
          "scripts\\config\\config_manager.py:128: error: Missing named argument \"raw_log_path\" for \"AppConfig\"  [call-arg]",
          "scripts\\config\\config_manager.py:128: error: Missing named argument \"raw_log_index_path\" for \"AppConfig\"  [call-arg]",
          "scripts\\config\\config_manager.py:128: error: Missing named argument \"raw_log_metadata_path\" for \"AppConfig\"  [call-arg]",
          "scripts\\config\\config_manager.py:128: error: Missing named argument \"log_format\" for \"AppConfig\"  [call-arg]",
          "scripts\\config\\config_manager.py:128: error: Missing named argument \"markdown_export\" for \"AppConfig\"  [call-arg]",
          "scripts\\config\\config_manager.py:128: error: Missing named argument \"default_tags\" for \"AppConfig\"  [call-arg]",
          "scripts\\config\\config_manager.py:128: error: Missing named argument \"use_templates\" for \"AppConfig\"  [call-arg]",
          "scripts\\config\\config_manager.py:128: error: Missing named argument \"persona\" for \"AppConfig\"  [call-arg]",
          "scripts\\config\\config_manager.py:128: error: Missing named argument \"category_structure\" for \"AppConfig\"  [call-arg]",
          "scripts\\config\\config_manager.py:128: error: Missing named argument \"prompts_by_subcategory\" for \"AppConfig\"  [call-arg]",
          "scripts\\config\\config_manager.py:128: error: Missing named argument \"test_mode\" for \"AppConfig\"  [call-arg]",
          "scripts\\config\\config_manager.py:128: error: Missing named argument \"test_logs_dir\" for \"AppConfig\"  [call-arg]",
          "scripts\\config\\config_manager.py:128: error: Missing named argument \"test_vector_store_dir\" for \"AppConfig\"  [call-arg]",
          "scripts\\config\\config_manager.py:128: error: Missing named argument \"test_export_dir\" for \"AppConfig\"  [call-arg]",
          "scripts\\config\\config_manager.py:128: error: Missing named argument \"test_correction_summaries_path\" for \"AppConfig\"  [call-arg]",
          "scripts\\config\\config_manager.py:128: error: Missing named argument \"test_raw_log_path\" for \"AppConfig\"  [call-arg]",
          "scripts\\config\\config_manager.py:128: error: Missing named argument \"test_summary_tracker_path\" for \"AppConfig\"  [call-arg]",
          "scripts\\config\\config_manager.py:128: error: Missing named argument \"remote_sync\" for \"AppConfig\"  [call-arg]",
          "scripts\\config\\config_manager.py:128: error: Missing named argument \"plugin_dir\" for \"AppConfig\"  [call-arg]",
          "scripts\\config\\config_manager.py:128: error: Missing named argument \"enable_debug_logging\" for \"AppConfig\"  [call-arg]",
          "scripts\\config\\config_manager.py:128: error: Missing named argument \"strict_offline_mode\" for \"AppConfig\"  [call-arg]",
          "scripts\\config\\config_manager.py:150: error: Function is missing a return type annotation  [no-untyped-def]",
          "scripts\\config\\config_manager.py:156: error: Function is missing a return type annotation  [no-untyped-def]"
        ]
      },
      "pydocstyle": {
        "issues": [
          "scripts\\config\\config_manager.py:1 at module level:",
          "scripts\\config\\config_manager.py:11 in public class `AppConfig`:",
          "scripts\\config\\config_manager.py:54 in public nested class `Config`:",
          "scripts\\config\\config_manager.py:58 in public class `ConfigManager`:",
          "scripts\\config\\config_manager.py:63 in public method `load_config`:",
          "scripts\\config\\config_manager.py:145 in public method `get_value`:",
          "scripts\\config\\config_manager.py:150 in public method `reset`:",
          "scripts\\config\\config_manager.py:156 in public method `validate_config_paths`:"
        ]
      },
      "coverage": {
        "percent": 90.4
      }
    }
  },
  "core\\core.py": {
    "quality": {
      "flake8": {
        "issues": [
          {
            "line": 8,
            "column": 1,
            "code": "F401",
            "message": "'scripts.utils.file_utils.make_backup' imported but unused"
          },
          {
            "line": 18,
            "column": 101,
            "code": "E501",
            "message": "line too long (386 > 100 characters)"
          },
          {
            "line": 32,
            "column": 101,
            "code": "E501",
            "message": "line too long (293 > 100 characters)"
          },
          {
            "line": 35,
            "column": 101,
            "code": "E501",
            "message": "line too long (115 > 100 characters)"
          },
          {
            "line": 84,
            "column": 101,
            "code": "E501",
            "message": "line too long (111 > 100 characters)"
          },
          {
            "line": 96,
            "column": 101,
            "code": "E501",
            "message": "line too long (114 > 100 characters)"
          },
          {
            "line": 98,
            "column": 101,
            "code": "E501",
            "message": "line too long (136 > 100 characters)"
          },
          {
            "line": 107,
            "column": 101,
            "code": "E501",
            "message": "line too long (190 > 100 characters)"
          },
          {
            "line": 109,
            "column": 101,
            "code": "E501",
            "message": "line too long (110 > 100 characters)"
          },
          {
            "line": 319,
            "column": 101,
            "code": "E501",
            "message": "line too long (102 > 100 characters)"
          },
          {
            "line": 326,
            "column": 101,
            "code": "E501",
            "message": "line too long (111 > 100 characters)"
          },
          {
            "line": 359,
            "column": 101,
            "code": "E501",
            "message": "line too long (108 > 100 characters)"
          }
        ]
      },
      "mypy": {
        "errors": [
          "scripts\\core\\core.py:30: error: Function is missing a type annotation  [no-untyped-def]",
          "scripts\\core\\core.py:38: error: Call to untyped function \"get_effective_config\" in typed context  [no-untyped-call]",
          "scripts\\core\\core.py:44: error: Call to untyped function \"_initialize_environment\" in typed context  [no-untyped-call]",
          "scripts\\core\\core.py:46: error: Call to untyped function \"AISummarizer\" in typed context  [no-untyped-call]",
          "scripts\\core\\core.py:49: error: Call to untyped function \"get_config_value\" in typed context  [no-untyped-call]",
          "scripts\\core\\core.py:54: error: Call to untyped function \"rebuild\" in typed context  [no-untyped-call]",
          "scripts\\core\\core.py:57: error: Call to untyped function \"rebuild\" in typed context  [no-untyped-call]",
          "scripts\\core\\core.py:65: error: Call to untyped function \"get_config_value\" in typed context  [no-untyped-call]",
          "scripts\\core\\core.py:76: error: Missing type parameters for generic type \"dict\"  [type-arg]",
          "scripts\\core\\core.py:87: error: Returning Any from function declared to return \"dict[Any, Any]\"  [no-any-return]",
          "scripts\\core\\core.py:87: error: Call to untyped function \"read_json\" in typed context  [no-untyped-call]",
          "scripts\\core\\core.py:92: error: Function is missing a return type annotation  [no-untyped-def]",
          "scripts\\core\\core.py:119: error: Call to untyped function \"write_json\" in typed context  [no-untyped-call]",
          "scripts\\core\\core.py:130: error: Call to untyped function \"write_json\" in typed context  [no-untyped-call]",
          "scripts\\core\\core.py:133: error: Call to untyped function \"write_json\" in typed context  [no-untyped-call]",
          "scripts\\core\\core.py:141: error: Call to untyped function \"write_json\" in typed context  [no-untyped-call]",
          "scripts\\core\\core.py:143: error: Function is missing a type annotation for one or more arguments  [no-untyped-def]",
          "scripts\\core\\core.py:155: error: Call to untyped function \"summarize_entries_bulk\" in typed context  [no-untyped-call]",
          "scripts\\core\\core.py:161: error: Call to untyped function \"_fallback_summary\" in typed context  [no-untyped-call]",
          "scripts\\core\\core.py:166: error: Incompatible return value type (got \"None\", expected \"str\")  [return-value]",
          "scripts\\core\\core.py:167: error: Incompatible return value type (got \"Any | None\", expected \"str\")  [return-value]",
          "scripts\\core\\core.py:169: error: Function is missing a type annotation for one or more arguments  [no-untyped-def]",
          "scripts\\core\\core.py:265: error: Function is missing a type annotation  [no-untyped-def]",
          "scripts\\core\\core.py:279: error: Function is missing a type annotation for one or more arguments  [no-untyped-def]",
          "scripts\\core\\core.py:297: error: Call to untyped function \"sanitize_filename\" in typed context  [no-untyped-call]",
          "scripts\\core\\core.py:317: error: Function is missing a return type annotation  [no-untyped-def]",
          "scripts\\core\\core.py:330: error: Function is missing a type annotation for one or more arguments  [no-untyped-def]",
          "scripts\\core\\core.py:343: error: Function is missing a return type annotation  [no-untyped-def]",
          "scripts\\core\\core.py:343: error: Function is missing a type annotation for one or more arguments  [no-untyped-def]",
          "scripts\\core\\core.py:355: error: Item \"None\" of \"SummaryIndexer | None\" has no attribute \"search\"  [union-attr]",
          "scripts\\core\\core.py:357: error: Function is missing a return type annotation  [no-untyped-def]",
          "scripts\\core\\core.py:357: error: Function is missing a type annotation for one or more arguments  [no-untyped-def]",
          "scripts\\core\\core.py:368: error: Item \"None\" of \"RawLogIndexer | None\" has no attribute \"search\"  [union-attr]",
          "scripts\\core\\core.py:370: error: Function is missing a type annotation  [no-untyped-def]"
        ]
      },
      "pydocstyle": {
        "issues": [
          "scripts\\core\\core.py:1 at module level:",
          "scripts\\core\\core.py:17 in public class `ZephyrusLoggerCore`:",
          "scripts\\core\\core.py:31 in public method `__init__`:",
          "scripts\\core\\core.py:95 in private method `_initialize_environment`:",
          "scripts\\core\\core.py:144 in private method `_get_summary_for_batch`:",
          "scripts\\core\\core.py:170 in public method `log_to_json`:",
          "scripts\\core\\core.py:211 in public method `generate_global_summary`:",
          "scripts\\core\\core.py:266 in public method `generate_summary`:",
          "scripts\\core\\core.py:280 in public method `log_to_markdown`:",
          "scripts\\core\\core.py:318 in public method `force_summary_all`:",
          "scripts\\core\\core.py:318 in public method `force_summary_all`:",
          "scripts\\core\\core.py:331 in public method `save_entry`:",
          "scripts\\core\\core.py:331 in public method `save_entry`:",
          "scripts\\core\\core.py:344 in public method `search_summaries`:",
          "scripts\\core\\core.py:344 in public method `search_summaries`:",
          "scripts\\core\\core.py:344 in public method `search_summaries`:",
          "scripts\\core\\core.py:358 in public method `search_raw_logs`:",
          "scripts\\core\\core.py:371 in public method `log_new_entry`:"
        ]
      },
      "coverage": {
        "percent": 75.0
      }
    }
  },
  "core\\log_manager.py": {
    "quality": {
      "flake8": {
        "issues": [
          {
            "line": 25,
            "column": 101,
            "code": "E501",
            "message": "line too long (101 > 100 characters)"
          },
          {
            "line": 62,
            "column": 101,
            "code": "E501",
            "message": "line too long (121 > 100 characters)"
          },
          {
            "line": 122,
            "column": 101,
            "code": "E501",
            "message": "line too long (102 > 100 characters)"
          },
          {
            "line": 126,
            "column": 101,
            "code": "E501",
            "message": "line too long (110 > 100 characters)"
          }
        ]
      },
      "mypy": {
        "errors": [
          "scripts\\core\\log_manager.py:37: error: Missing type parameters for generic type \"dict\"  [type-arg]",
          "scripts\\core\\log_manager.py:55: error: Returning Any from function declared to return \"dict[Any, Any]\"  [no-any-return]",
          "scripts\\core\\log_manager.py:55: error: Call to untyped function \"read_json\" in typed context  [no-untyped-call]",
          "scripts\\core\\log_manager.py:60: error: Missing type parameters for generic type \"dict\"  [type-arg]",
          "scripts\\core\\log_manager.py:70: error: Function is missing a type annotation for one or more arguments  [no-untyped-def]",
          "scripts\\core\\log_manager.py:82: error: Call to untyped function \"write_json\" in typed context  [no-untyped-call]",
          "scripts\\core\\log_manager.py:95: error: Missing type parameters for generic type \"dict\"  [type-arg]",
          "scripts\\core\\log_manager.py:115: error: Missing type parameters for generic type \"list\"  [type-arg]",
          "scripts\\core\\log_manager.py:141: error: Missing type parameters for generic type \"dict\"  [type-arg]",
          "scripts\\core\\log_manager.py:162: error: Call to untyped function \"write_json\" in typed context  [no-untyped-call]"
        ]
      },
      "pydocstyle": {
        "issues": [
          "scripts\\core\\log_manager.py:1 at module level:",
          "scripts\\core\\log_manager.py:9 in public class `LogManager`:",
          "scripts\\core\\log_manager.py:19 in public method `__init__`:",
          "scripts\\core\\log_manager.py:38 in private method `_safe_read_or_create_json`:",
          "scripts\\core\\log_manager.py:61 in public method `read_logs`:",
          "scripts\\core\\log_manager.py:61 in public method `read_logs`:",
          "scripts\\core\\log_manager.py:71 in public method `update_logs`:",
          "scripts\\core\\log_manager.py:85 in public method `append_entry`:",
          "scripts\\core\\log_manager.py:96 in private nested function `updater`:",
          "scripts\\core\\log_manager.py:116 in public method `get_unsummarized_batch`:",
          "scripts\\core\\log_manager.py:143 in public method `update_correction_summaries`:"
        ]
      },
      "coverage": {
        "percent": 87.8
      }
    }
  },
  "core\\summary_tracker.py": {
    "quality": {
      "flake8": {
        "issues": [
          {
            "line": 3,
            "column": 1,
            "code": "F401",
            "message": "'json' imported but unused"
          },
          {
            "line": 5,
            "column": 1,
            "code": "F401",
            "message": "'pathlib.Path' imported but unused"
          },
          {
            "line": 56,
            "column": 101,
            "code": "E501",
            "message": "line too long (102 > 100 characters)"
          }
        ]
      },
      "mypy": {
        "errors": [
          "scripts\\core\\summary_tracker.py:28: error: Returning Any from function declared to return \"dict[str, dict[str, Any]]\"  [no-any-return]",
          "scripts\\core\\summary_tracker.py:28: error: Call to untyped function \"read_json\" in typed context  [no-untyped-call]",
          "scripts\\core\\summary_tracker.py:50: error: Returning Any from function declared to return \"int\"  [no-any-return]",
          "scripts\\core\\summary_tracker.py:52: error: Function is missing a return type annotation  [no-untyped-def]",
          "scripts\\core\\summary_tracker.py:63: error: Call to untyped function \"_save\" in typed context  [no-untyped-call]",
          "scripts\\core\\summary_tracker.py:65: error: Function is missing a return type annotation  [no-untyped-def]",
          "scripts\\core\\summary_tracker.py:67: error: Call to untyped function \"write_json\" in typed context  [no-untyped-call]",
          "scripts\\core\\summary_tracker.py:71: error: Function is missing a return type annotation  [no-untyped-def]",
          "scripts\\core\\summary_tracker.py:74: error: Call to untyped function \"read_json\" in typed context  [no-untyped-call]",
          "scripts\\core\\summary_tracker.py:75: error: Call to untyped function \"read_json\" in typed context  [no-untyped-call]",
          "scripts\\core\\summary_tracker.py:99: error: Call to untyped function \"rebuild\" in typed context  [no-untyped-call]",
          "scripts\\core\\summary_tracker.py:101: error: Call to untyped function \"rebuild\" in typed context  [no-untyped-call]",
          "scripts\\core\\summary_tracker.py:103: error: Function is missing a type annotation for one or more arguments  [no-untyped-def]",
          "scripts\\core\\summary_tracker.py:119: error: Call to untyped function \"read_json\" in typed context  [no-untyped-call]",
          "scripts\\core\\summary_tracker.py:157: error: Missing type parameters for generic type \"dict\"  [type-arg]",
          "scripts\\core\\summary_tracker.py:170: error: Call to untyped function \"get_effective_config\" in typed context  [no-untyped-call]",
          "scripts\\core\\summary_tracker.py:171: error: Call to untyped function \"get_config_value\" in typed context  [no-untyped-call]"
        ]
      },
      "pydocstyle": {
        "issues": [
          "scripts\\core\\summary_tracker.py:1 at module level:",
          "scripts\\core\\summary_tracker.py:17 in public class `SummaryTracker`:",
          "scripts\\core\\summary_tracker.py:18 in public method `__init__`:",
          "scripts\\core\\summary_tracker.py:49 in public method `get_summarized_count`:",
          "scripts\\core\\summary_tracker.py:52 in public method `update`:",
          "scripts\\core\\summary_tracker.py:71 in public method `rebuild`:",
          "scripts\\core\\summary_tracker.py:104 in public method `validate`:",
          "scripts\\core\\summary_tracker.py:104 in public method `validate`:",
          "scripts\\core\\summary_tracker.py:158 in public method `get_coverage_data`:"
        ]
      },
      "coverage": {
        "percent": 73.4
      }
    }
  },
  "dev_commit.py": {
    "quality": {
      "flake8": {
        "issues": [
          {
            "line": 9,
            "column": 1,
            "code": "E402",
            "message": "module level import not at top of file"
          },
          {
            "line": 110,
            "column": 15,
            "code": "F541",
            "message": "f-string is missing placeholders"
          }
        ]
      },
      "mypy": {
        "errors": [
          "scripts\\dev_commit.py:12: error: Function is missing a return type annotation  [no-untyped-def]",
          "scripts\\dev_commit.py:29: error: Function is missing a return type annotation  [no-untyped-def]",
          "scripts\\dev_commit.py:45: error: Function is missing a type annotation  [no-untyped-def]",
          "scripts\\dev_commit.py:58: error: Function is missing a return type annotation  [no-untyped-def]",
          "scripts\\dev_commit.py:65: error: Call to untyped function \"get_modified_files\" in typed context  [no-untyped-call]",
          "scripts\\dev_commit.py:81: error: Function is missing a return type annotation  [no-untyped-def]",
          "scripts\\dev_commit.py:88: error: Call to untyped function \"generate_suggested_branch_name\" in typed context  [no-untyped-call]",
          "scripts\\dev_commit.py:97: error: Call to untyped function \"is_valid_branch_name\" in typed context  [no-untyped-call]",
          "scripts\\dev_commit.py:127: error: Call to untyped function \"get_current_branch\" in typed context  [no-untyped-call]",
          "scripts\\dev_commit.py:134: error: Call to untyped function \"switch_to_new_branch\" in typed context  [no-untyped-call]",
          "scripts\\dev_commit.py:135: error: Call to untyped function \"get_current_branch\" in typed context  [no-untyped-call]",
          "scripts\\dev_commit.py:141: error: Call to untyped function \"interactive_commit_flow\" in typed context  [no-untyped-call]"
        ]
      },
      "pydocstyle": {
        "issues": [
          "scripts\\dev_commit.py:1 at module level:",
          "scripts\\dev_commit.py:13 in public function `get_current_branch`:",
          "scripts\\dev_commit.py:30 in public function `get_modified_files`:",
          "scripts\\dev_commit.py:46 in public function `is_valid_branch_name`:",
          "scripts\\dev_commit.py:59 in public function `generate_suggested_branch_name`:",
          "scripts\\dev_commit.py:82 in public function `switch_to_new_branch`:"
        ]
      }
    }
  },
  "gui\\app.py": {
    "quality": {
      "flake8": {
        "issues": [
          {
            "line": 5,
            "column": 1,
            "code": "F401",
            "message": "'scripts.gui.widget_factory.WidgetFactory' imported but unused"
          }
        ]
      },
      "mypy": {
        "errors": [
          "scripts\\gui\\app.py:17: error: Function is missing a type annotation  [no-untyped-def]",
          "scripts\\gui\\app.py:26: error: Call to untyped function \"StyleManager\" in typed context  [no-untyped-call]",
          "scripts\\gui\\app.py:33: error: Call to untyped function \"MainTab\" in typed context  [no-untyped-call]",
          "scripts\\gui\\app.py:42: error: Call to untyped function \"_create_status_bar\" in typed context  [no-untyped-call]",
          "scripts\\gui\\app.py:44: error: Function is missing a return type annotation  [no-untyped-def]",
          "scripts\\gui\\app.py:54: error: Function is missing a return type annotation  [no-untyped-def]",
          "scripts\\gui\\app.py:61: error: Call to untyped function \"GUIController\" in typed context  [no-untyped-call]",
          "scripts\\gui\\app.py:62: error: Call to untyped function \"ZephyrusLoggerApp\" in typed context  [no-untyped-call]",
          "scripts\\gui\\app.py:63: error: Call to untyped function \"run\" in typed context  [no-untyped-call]"
        ]
      },
      "pydocstyle": {
        "issues": [
          "scripts\\gui\\app.py:1 at module level:",
          "scripts\\gui\\app.py:11 in public class `ZephyrusLoggerApp`:",
          "scripts\\gui\\app.py:11 in public class `ZephyrusLoggerApp`:",
          "scripts\\gui\\app.py:17 in public method `__init__`:",
          "scripts\\gui\\app.py:45 in private method `_create_status_bar`:",
          "scripts\\gui\\app.py:55 in public method `run`:"
        ]
      },
      "coverage": {
        "percent": 0.0
      }
    }
  },
  "gui\\base\\base_panel.py": {
    "quality": {
      "flake8": {
        "issues": [
          {
            "line": 1,
            "column": 1,
            "code": "F401",
            "message": "'tkinter as tk' imported but unused"
          }
        ]
      },
      "mypy": {
        "errors": [
          "scripts\\gui\\base\\base_panel.py:11: error: Function is missing a type annotation  [no-untyped-def]",
          "scripts\\gui\\base\\base_panel.py:14: error: Call to untyped function \"initialize_ui\" in typed context  [no-untyped-call]",
          "scripts\\gui\\base\\base_panel.py:16: error: Function is missing a return type annotation  [no-untyped-def]",
          "scripts\\gui\\base\\base_panel.py:23: error: Function is missing a return type annotation  [no-untyped-def]"
        ]
      },
      "pydocstyle": {
        "issues": [
          "scripts\\gui\\base\\base_panel.py:1 at module level:",
          "scripts\\gui\\base\\base_panel.py:6 in public class `BasePanel`:",
          "scripts\\gui\\base\\base_panel.py:11 in public method `__init__`:",
          "scripts\\gui\\base\\base_panel.py:17 in public method `initialize_ui`:",
          "scripts\\gui\\base\\base_panel.py:24 in public method `refresh`:"
        ]
      }
    }
  },
  "gui\\base\\base_tab.py": {
    "quality": {
      "flake8": {
        "issues": [
          {
            "line": 1,
            "column": 1,
            "code": "F401",
            "message": "'tkinter as tk' imported but unused"
          }
        ]
      },
      "mypy": {
        "errors": [
          "scripts\\gui\\base\\base_tab.py:11: error: Function is missing a type annotation  [no-untyped-def]",
          "scripts\\gui\\base\\base_tab.py:14: error: Call to untyped function \"setup_tab\" in typed context  [no-untyped-call]",
          "scripts\\gui\\base\\base_tab.py:16: error: Function is missing a return type annotation  [no-untyped-def]",
          "scripts\\gui\\base\\base_tab.py:23: error: Function is missing a return type annotation  [no-untyped-def]"
        ]
      },
      "pydocstyle": {
        "issues": [
          "scripts\\gui\\base\\base_tab.py:1 at module level:",
          "scripts\\gui\\base\\base_tab.py:6 in public class `BaseTab`:",
          "scripts\\gui\\base\\base_tab.py:11 in public method `__init__`:",
          "scripts\\gui\\base\\base_tab.py:17 in public method `setup_tab`:",
          "scripts\\gui\\base\\base_tab.py:24 in public method `on_show`:",
          "scripts\\gui\\base\\base_tab.py:24 in public method `on_show`:"
        ]
      }
    }
  },
  "gui\\gui.py": {
    "quality": {
      "flake8": {
        "issues": [
          {
            "line": 2,
            "column": 1,
            "code": "F401",
            "message": "'tkinter.simpledialog' imported but unused"
          },
          {
            "line": 4,
            "column": 1,
            "code": "F401",
            "message": "'tkinter.PhotoImage' imported but unused"
          }
        ]
      },
      "mypy": {
        "errors": [
          "scripts\\gui\\gui.py:18: error: Call to untyped function \"load_config\" in typed context  [no-untyped-call]",
          "scripts\\gui\\gui.py:19: error: Call to untyped function \"get_config_value\" in typed context  [no-untyped-call]",
          "scripts\\gui\\gui.py:90: error: Call to untyped function \"_build_main_tab\" in typed context  [no-untyped-call]",
          "scripts\\gui\\gui.py:91: error: Call to untyped function \"_build_search_tab\" in typed context  [no-untyped-call]",
          "scripts\\gui\\gui.py:92: error: Call to untyped function \"_build_analytics_tab\" in typed context  [no-untyped-call]",
          "scripts\\gui\\gui.py:94: error: Call to untyped function \"_setup_gui_logging\" in typed context  [no-untyped-call]",
          "scripts\\gui\\gui.py:95: error: Call to untyped function \"_update_coverage_display\" in typed context  [no-untyped-call]",
          "scripts\\gui\\gui.py:98: error: Call to untyped function \"_create_status_bar\" in typed context  [no-untyped-call]",
          "scripts\\gui\\gui.py:100: error: Function is missing a return type annotation  [no-untyped-def]",
          "scripts\\gui\\gui.py:101: error: Call to untyped function \"GUILogHandler\" in typed context  [no-untyped-call]",
          "scripts\\gui\\gui.py:107: error: Function is missing a return type annotation  [no-untyped-def]",
          "scripts\\gui\\gui.py:204: error: Call to untyped function \"_update_main_category\" in typed context  [no-untyped-call]",
          "scripts\\gui\\gui.py:221: error: Call to untyped function \"_populate_category_dropdown\" in typed context  [no-untyped-call]",
          "scripts\\gui\\gui.py:257: error: Function is missing a return type annotation  [no-untyped-def]",
          "scripts\\gui\\gui.py:275: error: Call to untyped function \"_build_summary_search\" in typed context  [no-untyped-call]",
          "scripts\\gui\\gui.py:276: error: Call to untyped function \"_build_raw_search\" in typed context  [no-untyped-call]",
          "scripts\\gui\\gui.py:277: error: Call to untyped function \"_build_advanced_search\" in typed context  [no-untyped-call]",
          "scripts\\gui\\gui.py:279: error: Function is missing a type annotation  [no-untyped-def]",
          "scripts\\gui\\gui.py:321: error: Function is missing a type annotation  [no-untyped-def]",
          "scripts\\gui\\gui.py:364: error: Function is missing a type annotation  [no-untyped-def]",
          "scripts\\gui\\gui.py:373: error: Function is missing a return type annotation  [no-untyped-def]",
          "scripts\\gui\\gui.py:395: error: Function is missing a return type annotation  [no-untyped-def]",
          "scripts\\gui\\gui.py:401: error: Call to untyped function \"get_tracker_status\" in typed context  [no-untyped-call]",
          "scripts\\gui\\gui.py:410: error: Function is missing a return type annotation  [no-untyped-def]",
          "scripts\\gui\\gui.py:417: error: Call to untyped function \"_update_main_category\" in typed context  [no-untyped-call]",
          "scripts\\gui\\gui.py:421: error: Function is missing a type annotation  [no-untyped-def]",
          "scripts\\gui\\gui.py:432: error: Function is missing a return type annotation  [no-untyped-def]",
          "scripts\\gui\\gui.py:434: error: Call to untyped function \"get_coverage_data\" in typed context  [no-untyped-call]",
          "scripts\\gui\\gui.py:471: error: Function is missing a type annotation  [no-untyped-def]",
          "scripts\\gui\\gui.py:476: error: Function is missing a type annotation  [no-untyped-def]",
          "scripts\\gui\\gui.py:481: error: Function is missing a return type annotation  [no-untyped-def]",
          "scripts\\gui\\gui.py:489: error: Call to untyped function \"log_entry\" in typed context  [no-untyped-call]",
          "scripts\\gui\\gui.py:490: error: Call to untyped function \"display_message\" in typed context  [no-untyped-call]",
          "scripts\\gui\\gui.py:492: error: Call to untyped function \"_on_entry_focus_out\" in typed context  [no-untyped-call]",
          "scripts\\gui\\gui.py:493: error: Call to untyped function \"_update_coverage_display\" in typed context  [no-untyped-call]",
          "scripts\\gui\\gui.py:495: error: Call to untyped function \"display_error\" in typed context  [no-untyped-call]",
          "scripts\\gui\\gui.py:497: error: Call to untyped function \"display_error\" in typed context  [no-untyped-call]",
          "scripts\\gui\\gui.py:499: error: Function is missing a type annotation  [no-untyped-def]",
          "scripts\\gui\\gui.py:558: error: Function is missing a return type annotation  [no-untyped-def]",
          "scripts\\gui\\gui.py:562: error: Call to untyped function \"search_summaries\" in typed context  [no-untyped-call]",
          "scripts\\gui\\gui.py:565: error: Call to untyped function \"_format_json_for_display\" in typed context  [no-untyped-call]",
          "scripts\\gui\\gui.py:576: error: Function is missing a return type annotation  [no-untyped-def]",
          "scripts\\gui\\gui.py:580: error: Call to untyped function \"search_raw_logs\" in typed context  [no-untyped-call]",
          "scripts\\gui\\gui.py:586: error: Call to untyped function \"_format_json_for_display\" in typed context  [no-untyped-call]",
          "scripts\\gui\\gui.py:596: error: Function is missing a return type annotation  [no-untyped-def]",
          "scripts\\gui\\gui.py:601: error: Call to untyped function \"display_message\" in typed context  [no-untyped-call]",
          "scripts\\gui\\gui.py:602: error: Call to untyped function \"_update_coverage_display\" in typed context  [no-untyped-call]",
          "scripts\\gui\\gui.py:604: error: Call to untyped function \"display_error\" in typed context  [no-untyped-call]",
          "scripts\\gui\\gui.py:606: error: Function is missing a return type annotation  [no-untyped-def]",
          "scripts\\gui\\gui.py:608: error: Call to untyped function \"rebuild_tracker\" in typed context  [no-untyped-call]",
          "scripts\\gui\\gui.py:617: error: Call to untyped function \"display_message\" in typed context  [no-untyped-call]",
          "scripts\\gui\\gui.py:618: error: Call to untyped function \"_update_coverage_display\" in typed context  [no-untyped-call]",
          "scripts\\gui\\gui.py:620: error: Call to untyped function \"display_error\" in typed context  [no-untyped-call]",
          "scripts\\gui\\gui.py:622: error: Function is missing a return type annotation  [no-untyped-def]",
          "scripts\\gui\\gui.py:624: error: Call to untyped function \"get_coverage_data\" in typed context  [no-untyped-call]",
          "scripts\\gui\\gui.py:626: error: Call to untyped function \"display_message\" in typed context  [no-untyped-call]",
          "scripts\\gui\\gui.py:628: error: Call to untyped function \"display_error\" in typed context  [no-untyped-call]",
          "scripts\\gui\\gui.py:630: error: Function is missing a return type annotation  [no-untyped-def]"
        ]
      },
      "pydocstyle": {
        "issues": [
          "scripts\\gui\\gui.py:1 at module level:",
          "scripts\\gui\\gui.py:12 in public class `ZephyrusLoggerGUI`:",
          "scripts\\gui\\gui.py:13 in public method `__init__`:",
          "scripts\\gui\\gui.py:500 in private method `_format_json_for_display`:",
          "scripts\\gui\\gui.py:500 in private method `_format_json_for_display`:",
          "scripts\\gui\\gui.py:630 in public method `run`:"
        ]
      },
      "coverage": {
        "percent": 9.5
      }
    }
  },
  "gui\\gui_logging.py": {
    "quality": {
      "flake8": {
        "issues": [
          {
            "line": 27,
            "column": 9,
            "code": "F841",
            "message": "local variable 'e' is assigned to but never used"
          }
        ]
      },
      "mypy": {
        "errors": [
          "scripts\\gui\\gui_logging.py:10: error: Function is missing a type annotation  [no-untyped-def]",
          "scripts\\gui\\gui_logging.py:17: error: Function is missing a type annotation  [no-untyped-def]",
          "scripts\\gui\\gui_logging.py:30: error: Function is missing a type annotation  [no-untyped-def]"
        ]
      },
      "pydocstyle": {
        "issues": [
          "scripts\\gui\\gui_logging.py:1 at module level:",
          "scripts\\gui\\gui_logging.py:6 in public class `GUILogHandler`:",
          "scripts\\gui\\gui_logging.py:11 in public method `__init__`:",
          "scripts\\gui\\gui_logging.py:18 in public method `emit`:",
          "scripts\\gui\\gui_logging.py:31 in public method `append_message`:"
        ]
      },
      "coverage": {
        "percent": 27.3
      }
    }
  },
  "gui\\panels\\entry_panel.py": {
    "quality": {
      "flake8": {
        "issues": [
          {
            "line": 43,
            "column": 101,
            "code": "E501",
            "message": "line too long (101 > 100 characters)"
          }
        ]
      },
      "mypy": {
        "errors": [
          "scripts\\gui\\panels\\entry_panel.py:14: error: Function is missing a type annotation  [no-untyped-def]",
          "scripts\\gui\\panels\\entry_panel.py:19: error: Call to untyped function \"__init__\" in typed context  [no-untyped-call]",
          "scripts\\gui\\panels\\entry_panel.py:21: error: Function is missing a return type annotation  [no-untyped-def]",
          "scripts\\gui\\panels\\entry_panel.py:31: error: Call to untyped function \"create_button\" of \"WidgetFactory\" in typed context  [no-untyped-call]",
          "scripts\\gui\\panels\\entry_panel.py:34: error: Item \"None\" of \"Button | None\" has no attribute \"pack\"  [union-attr]",
          "scripts\\gui\\panels\\entry_panel.py:36: error: Function is missing a return type annotation  [no-untyped-def]",
          "scripts\\gui\\panels\\entry_panel.py:38: error: Item \"None\" of \"Text | None\" has no attribute \"get\"  [union-attr]",
          "scripts\\gui\\panels\\entry_panel.py:47: error: Item \"None\" of \"Text | None\" has no attribute \"delete\"  [union-attr]",
          "scripts\\gui\\panels\\entry_panel.py:55: error: Function is missing a return type annotation  [no-untyped-def]",
          "scripts\\gui\\panels\\entry_panel.py:57: error: Item \"None\" of \"Text | None\" has no attribute \"delete\"  [union-attr]"
        ]
      },
      "pydocstyle": {
        "issues": [
          "scripts\\gui\\panels\\entry_panel.py:1 at module level:",
          "scripts\\gui\\panels\\entry_panel.py:10 in public class `EntryPanel`:",
          "scripts\\gui\\panels\\entry_panel.py:14 in public method `__init__`:",
          "scripts\\gui\\panels\\entry_panel.py:21 in public method `initialize_ui`:",
          "scripts\\gui\\panels\\entry_panel.py:36 in public method `on_submit`:",
          "scripts\\gui\\panels\\entry_panel.py:55 in public method `refresh`:"
        ]
      }
    }
  },
  "gui\\widget_factory.py": {
    "quality": {
      "flake8": {
        "issues": [
          {
            "line": 1,
            "column": 1,
            "code": "F401",
            "message": "'tkinter as tk' imported but unused"
          }
        ]
      },
      "mypy": {
        "errors": [
          "scripts\\gui\\widget_factory.py:11: error: Function is missing a type annotation  [no-untyped-def]",
          "scripts\\gui\\widget_factory.py:18: error: Function is missing a type annotation  [no-untyped-def]",
          "scripts\\gui\\widget_factory.py:25: error: Function is missing a type annotation  [no-untyped-def]",
          "scripts\\gui\\widget_factory.py:32: error: Function is missing a type annotation  [no-untyped-def]",
          "scripts\\gui\\widget_factory.py:39: error: Function is missing a type annotation  [no-untyped-def]"
        ]
      },
      "pydocstyle": {
        "issues": [
          "scripts\\gui\\widget_factory.py:1 at module level:",
          "scripts\\gui\\widget_factory.py:6 in public class `WidgetFactory`:",
          "scripts\\gui\\widget_factory.py:12 in public method `create_button`:",
          "scripts\\gui\\widget_factory.py:19 in public method `create_label`:",
          "scripts\\gui\\widget_factory.py:26 in public method `create_entry`:",
          "scripts\\gui\\widget_factory.py:33 in public method `create_frame`:",
          "scripts\\gui\\widget_factory.py:40 in public method `create_notebook`:"
        ]
      },
      "coverage": {
        "percent": 77.8
      }
    }
  },
  "indexers\\base_indexer.py": {
    "quality": {
      "flake8": {
        "issues": [
          {
            "line": 1,
            "column": 1,
            "code": "F401",
            "message": "'typing.Tuple' imported but unused"
          },
          {
            "line": 2,
            "column": 1,
            "code": "F401",
            "message": "'os' imported but unused"
          },
          {
            "line": 2,
            "column": 10,
            "code": "E401",
            "message": "multiple imports on one line"
          },
          {
            "line": 66,
            "column": 101,
            "code": "E501",
            "message": "line too long (116 > 100 characters)"
          },
          {
            "line": 81,
            "column": 16,
            "code": "E741",
            "message": "ambiguous variable name 'I'"
          }
        ]
      },
      "mypy": {
        "errors": [
          "scripts\\indexers\\base_indexer.py:28: error: Call to untyped function \"get_config_value\" in typed context  [no-untyped-call]",
          "scripts\\indexers\\base_indexer.py:117: error: \"None\" has no attribute \"add\"  [attr-defined]"
        ]
      },
      "pydocstyle": {
        "issues": [
          "scripts\\indexers\\base_indexer.py:1 at module level:",
          "scripts\\indexers\\base_indexer.py:12 in public class `BaseIndexer`:",
          "scripts\\indexers\\base_indexer.py:14 in public method `__init__`:",
          "scripts\\indexers\\base_indexer.py:14 in public method `__init__`:",
          "scripts\\indexers\\base_indexer.py:36 in public method `load_index`:",
          "scripts\\indexers\\base_indexer.py:58 in public method `search`:",
          "scripts\\indexers\\base_indexer.py:97 in public method `build_index`:",
          "scripts\\indexers\\base_indexer.py:126 in public method `save_index`:"
        ]
      },
      "coverage": {
        "percent": 63.8
      }
    }
  },
  "indexers\\raw_log_indexer.py": {
    "quality": {
      "flake8": {
        "issues": [
          {
            "line": 68,
            "column": 101,
            "code": "E501",
            "message": "line too long (111 > 100 characters)"
          },
          {
            "line": 97,
            "column": 101,
            "code": "E501",
            "message": "line too long (108 > 100 characters)"
          },
          {
            "line": 129,
            "column": 101,
            "code": "E501",
            "message": "line too long (101 > 100 characters)"
          },
          {
            "line": 134,
            "column": 101,
            "code": "E501",
            "message": "line too long (108 > 100 characters)"
          }
        ]
      },
      "mypy": {
        "errors": [
          "scripts\\indexers\\raw_log_indexer.py:46: error: Need type annotation for \"texts\" (hint: \"texts: list[<type>] = ...\")  [var-annotated]",
          "scripts\\indexers\\raw_log_indexer.py:46: error: Need type annotation for \"meta\" (hint: \"meta: list[<type>] = ...\")  [var-annotated]",
          "scripts\\indexers\\raw_log_indexer.py:56: error: Missing type parameters for generic type \"dict\"  [type-arg]",
          "scripts\\indexers\\raw_log_indexer.py:84: error: Missing type parameters for generic type \"dict\"  [type-arg]",
          "scripts\\indexers\\raw_log_indexer.py:179: error: Function is missing a return type annotation  [no-untyped-def]"
        ]
      },
      "pydocstyle": {
        "issues": [
          "scripts\\indexers\\raw_log_indexer.py:1 at module level:",
          "scripts\\indexers\\raw_log_indexer.py:11 in public class `RawLogIndexer`:",
          "scripts\\indexers\\raw_log_indexer.py:16 in public method `__init__`:",
          "scripts\\indexers\\raw_log_indexer.py:27 in public method `load_entries`:",
          "scripts\\indexers\\raw_log_indexer.py:58 in private method `_process_categories`:",
          "scripts\\indexers\\raw_log_indexer.py:86 in private method `_process_subcategories`:",
          "scripts\\indexers\\raw_log_indexer.py:122 in private method `_process_entries`:",
          "scripts\\indexers\\raw_log_indexer.py:166 in public method `build_index_from_logs`:",
          "scripts\\indexers\\raw_log_indexer.py:166 in public method `build_index_from_logs`:",
          "scripts\\indexers\\raw_log_indexer.py:179 in public method `rebuild`:"
        ]
      },
      "coverage": {
        "percent": 59.7
      }
    }
  },
  "indexers\\summary_indexer.py": {
    "quality": {
      "flake8": {
        "issues": [
          {
            "line": 3,
            "column": 1,
            "code": "F401",
            "message": "'pathlib.Path' imported but unused"
          },
          {
            "line": 103,
            "column": 101,
            "code": "E501",
            "message": "line too long (102 > 100 characters)"
          }
        ]
      },
      "mypy": {
        "errors": [
          "scripts\\indexers\\summary_indexer.py:60: error: Need type annotation for \"texts\" (hint: \"texts: list[<type>] = ...\")  [var-annotated]",
          "scripts\\indexers\\summary_indexer.py:60: error: Need type annotation for \"meta\" (hint: \"meta: list[<type>] = ...\")  [var-annotated]",
          "scripts\\indexers\\summary_indexer.py:70: error: Missing type parameters for generic type \"dict\"  [type-arg]",
          "scripts\\indexers\\summary_indexer.py:98: error: Missing type parameters for generic type \"dict\"  [type-arg]",
          "scripts\\indexers\\summary_indexer.py:136: error: Missing type parameters for generic type \"list\"  [type-arg]",
          "scripts\\indexers\\summary_indexer.py:205: error: Function is missing a return type annotation  [no-untyped-def]"
        ]
      },
      "pydocstyle": {
        "issues": [
          "scripts\\indexers\\summary_indexer.py:1 at module level:",
          "scripts\\indexers\\summary_indexer.py:13 in public class `SummaryIndexer`:",
          "scripts\\indexers\\summary_indexer.py:18 in public method `__init__`:",
          "scripts\\indexers\\summary_indexer.py:41 in public method `load_entries`:",
          "scripts\\indexers\\summary_indexer.py:186 in public method `build_index_from_logs`:",
          "scripts\\indexers\\summary_indexer.py:186 in public method `build_index_from_logs`:",
          "scripts\\indexers\\summary_indexer.py:205 in public method `rebuild`:"
        ]
      },
      "coverage": {
        "percent": 51.2
      }
    }
  },
  "main.py": {
    "quality": {
      "flake8": {
        "issues": [
          {
            "line": 7,
            "column": 1,
            "code": "F401",
            "message": "'scripts.gui.gui_logging.GUILogHandler' imported but unused"
          },
          {
            "line": 18,
            "column": 101,
            "code": "E501",
            "message": "line too long (107 > 100 characters)"
          }
        ]
      },
      "mypy": {
        "errors": [
          "scripts\\main.py:24: error: Call to untyped function \"setup_logging\" in typed context  [no-untyped-call]",
          "scripts\\main.py:27: error: Call to untyped function \"load_config\" in typed context  [no-untyped-call]",
          "scripts\\main.py:36: error: Call to untyped function \"ZephyrusLoggerCore\" in typed context  [no-untyped-call]",
          "scripts\\main.py:37: error: Call to untyped function \"GUIController\" in typed context  [no-untyped-call]",
          "scripts\\main.py:55: error: Call to untyped function \"run\" in typed context  [no-untyped-call]"
        ]
      },
      "pydocstyle": {
        "issues": [
          "scripts\\main.py:1 at module level:"
        ]
      }
    }
  },
  "refactor\\ast_extractor.py": {
    "quality": {
      "flake8": {
        "issues": [
          {
            "line": 34,
            "column": 101,
            "code": "E501",
            "message": "line too long (105 > 100 characters)"
          }
        ]
      },
      "mypy": {
        "errors": [
          "scripts\\refactor\\ast_extractor.py:44: error: Function is missing a return type annotation  [no-untyped-def]",
          "scripts\\refactor\\ast_extractor.py:70: error: Call to untyped function \"ClassMethodExtractor\" in typed context  [no-untyped-call]"
        ]
      },
      "pydocstyle": {
        "issues": [
          "scripts\\refactor\\ast_extractor.py:1 at module level:",
          "scripts\\refactor\\ast_extractor.py:14 in public method `__init__`:",
          "scripts\\refactor\\ast_extractor.py:22 in public method `__repr__`:",
          "scripts\\refactor\\ast_extractor.py:27 in public function `extract_class_methods`:",
          "scripts\\refactor\\ast_extractor.py:78 in public function `compare_class_methods`:",
          "scripts\\refactor\\ast_extractor.py:78 in public function `compare_class_methods`:"
        ]
      },
      "coverage": {
        "percent": 96.2
      }
    }
  },
  "refactor\\method_line_ranges.py": {
    "quality": {
      "flake8": {
        "issues": [
          {
            "line": 5,
            "column": 1,
            "code": "E302",
            "message": "expected 2 blank lines, found 1"
          }
        ]
      },
      "black": {
        "needs_formatting": true
      },
      "pydocstyle": {
        "issues": [
          "scripts\\refactor\\method_line_ranges.py:1 at module level:",
          "scripts\\refactor\\method_line_ranges.py:6 in public class `MethodRangeVisitor`:",
          "scripts\\refactor\\method_line_ranges.py:6 in public class `MethodRangeVisitor`:",
          "scripts\\refactor\\method_line_ranges.py:12 in public method `__init__`:",
          "scripts\\refactor\\method_line_ranges.py:16 in public method `visit_ClassDef`:",
          "scripts\\refactor\\method_line_ranges.py:32 in public method `visit_FunctionDef`:",
          "scripts\\refactor\\method_line_ranges.py:35 in public method `visit_AsyncFunctionDef`:",
          "scripts\\refactor\\method_line_ranges.py:54 in public function `extract_method_line_ranges`:",
          "scripts\\refactor\\method_line_ranges.py:54 in public function `extract_method_line_ranges`:"
        ]
      }
    }
  },
  "refactor\\quality_checker.py": {
    "quality": {
      "flake8": {
        "issues": [
          {
            "line": 9,
            "column": 1,
            "code": "E302",
            "message": "expected 2 blank lines, found 1"
          },
          {
            "line": 15,
            "column": 1,
            "code": "E305",
            "message": "expected 2 blank lines after class or function definition, found 1"
          },
          {
            "line": 25,
            "column": 1,
            "code": "E302",
            "message": "expected 2 blank lines, found 1"
          },
          {
            "line": 41,
            "column": 1,
            "code": "E302",
            "message": "expected 2 blank lines, found 1"
          },
          {
            "line": 44,
            "column": 1,
            "code": "E302",
            "message": "expected 2 blank lines, found 1"
          },
          {
            "line": 47,
            "column": 1,
            "code": "E302",
            "message": "expected 2 blank lines, found 1"
          },
          {
            "line": 48,
            "column": 101,
            "code": "E501",
            "message": "line too long (106 > 100 characters)"
          },
          {
            "line": 50,
            "column": 1,
            "code": "E302",
            "message": "expected 2 blank lines, found 1"
          },
          {
            "line": 53,
            "column": 1,
            "code": "E302",
            "message": "expected 2 blank lines, found 1"
          },
          {
            "line": 56,
            "column": 1,
            "code": "E302",
            "message": "expected 2 blank lines, found 1"
          },
          {
            "line": 65,
            "column": 1,
            "code": "E302",
            "message": "expected 2 blank lines, found 1"
          },
          {
            "line": 79,
            "column": 1,
            "code": "E302",
            "message": "expected 2 blank lines, found 1"
          },
          {
            "line": 89,
            "column": 1,
            "code": "E302",
            "message": "expected 2 blank lines, found 1"
          },
          {
            "line": 91,
            "column": 9,
            "code": "E741",
            "message": "ambiguous variable name 'l'"
          },
          {
            "line": 98,
            "column": 1,
            "code": "E302",
            "message": "expected 2 blank lines, found 1"
          },
          {
            "line": 108,
            "column": 1,
            "code": "E302",
            "message": "expected 2 blank lines, found 1"
          },
          {
            "line": 125,
            "column": 9,
            "code": "F841",
            "message": "local variable 'entry' is assigned to but never used"
          },
          {
            "line": 127,
            "column": 1,
            "code": "E302",
            "message": "expected 2 blank lines, found 1"
          },
          {
            "line": 140,
            "column": 14,
            "code": "E201",
            "message": "whitespace after '{'"
          },
          {
            "line": 140,
            "column": 61,
            "code": "E202",
            "message": "whitespace before '}'"
          },
          {
            "line": 169,
            "column": 1,
            "code": "E302",
            "message": "expected 2 blank lines, found 1"
          },
          {
            "line": 180,
            "column": 18,
            "code": "W292",
            "message": "no newline at end of file"
          }
        ]
      },
      "black": {
        "needs_formatting": true
      },
      "mypy": {
        "errors": [
          "scripts\\refactor\\quality_checker.py:9: error: Function is missing a return type annotation  [no-untyped-def]",
          "scripts\\refactor\\quality_checker.py:35: error: Missing type parameters for generic type \"PathLike\"  [type-arg]",
          "scripts\\refactor\\quality_checker.py:65: error: Function is missing a type annotation for one or more arguments  [no-untyped-def]",
          "scripts\\refactor\\quality_checker.py:79: error: Function is missing a type annotation for one or more arguments  [no-untyped-def]",
          "scripts\\refactor\\quality_checker.py:89: error: Function is missing a type annotation for one or more arguments  [no-untyped-def]",
          "scripts\\refactor\\quality_checker.py:98: error: Function is missing a type annotation for one or more arguments  [no-untyped-def]",
          "scripts\\refactor\\quality_checker.py:108: error: Function is missing a type annotation for one or more arguments  [no-untyped-def]",
          "scripts\\refactor\\quality_checker.py:127: error: Function is missing a type annotation for one or more arguments  [no-untyped-def]",
          "scripts\\refactor\\quality_checker.py:145: error: Function is missing a return type annotation  [no-untyped-def]",
          "scripts\\refactor\\quality_checker.py:145: error: Function is missing a type annotation for one or more arguments  [no-untyped-def]",
          "scripts\\refactor\\quality_checker.py:169: error: Missing type parameters for generic type \"Dict\"  [type-arg]"
        ]
      },
      "pydocstyle": {
        "issues": [
          "scripts\\refactor\\quality_checker.py:1 at module level:",
          "scripts\\refactor\\quality_checker.py:9 in public function `safe_print`:",
          "scripts\\refactor\\quality_checker.py:35 in public function `run_command`:",
          "scripts\\refactor\\quality_checker.py:41 in public function `run_black`:",
          "scripts\\refactor\\quality_checker.py:44 in public function `run_flake8`:",
          "scripts\\refactor\\quality_checker.py:47 in public function `run_mypy`:",
          "scripts\\refactor\\quality_checker.py:50 in public function `run_pydocstyle`:",
          "scripts\\refactor\\quality_checker.py:53 in public function `run_coverage_xml`:",
          "scripts\\refactor\\quality_checker.py:127 in public function `merge_into_refactor_guard`:",
          "scripts\\refactor\\quality_checker.py:170 in public function `merge_reports`:"
        ]
      }
    }
  },
  "refactor\\refactor_guard.py": {
    "quality": {
      "flake8": {
        "issues": [
          {
            "line": 222,
            "column": 24,
            "code": "E221",
            "message": "multiple spaces before operator"
          },
          {
            "line": 233,
            "column": 20,
            "code": "E221",
            "message": "multiple spaces before operator"
          },
          {
            "line": 249,
            "column": 24,
            "code": "E221",
            "message": "multiple spaces before operator"
          }
        ]
      },
      "black": {
        "needs_formatting": true
      },
      "pydocstyle": {
        "issues": [
          "scripts\\refactor\\refactor_guard.py:1 at module level:",
          "scripts\\refactor\\refactor_guard.py:15 in public class `AnalysisError`:",
          "scripts\\refactor\\refactor_guard.py:19 in public class `RefactorGuard`:",
          "scripts\\refactor\\refactor_guard.py:20 in public method `__init__`:",
          "scripts\\refactor\\refactor_guard.py:39 in public method `analyze_tests`:",
          "scripts\\refactor\\refactor_guard.py:81 in public method `analyze_module`:",
          "scripts\\refactor\\refactor_guard.py:81 in public method `analyze_module`:",
          "scripts\\refactor\\refactor_guard.py:158 in public method `analyze_directory_recursive`:",
          "scripts\\refactor\\refactor_guard.py:158 in public method `analyze_directory_recursive`:",
          "scripts\\refactor\\refactor_guard.py:208 in public function `print_human_readable`:"
        ]
      },
      "coverage": {
        "percent": 41.7
      }
    }
  },
  "refactor\\refactor_guard_cli.py": {
    "quality": {
      "flake8": {
        "issues": [
          {
            "line": 6,
            "column": 1,
            "code": "E402",
            "message": "module level import not at top of file"
          },
          {
            "line": 7,
            "column": 1,
            "code": "E402",
            "message": "module level import not at top of file"
          },
          {
            "line": 8,
            "column": 1,
            "code": "E402",
            "message": "module level import not at top of file"
          },
          {
            "line": 9,
            "column": 1,
            "code": "E402",
            "message": "module level import not at top of file"
          },
          {
            "line": 10,
            "column": 1,
            "code": "E402",
            "message": "module level import not at top of file"
          },
          {
            "line": 11,
            "column": 1,
            "code": "E402",
            "message": "module level import not at top of file"
          },
          {
            "line": 12,
            "column": 1,
            "code": "E402",
            "message": "module level import not at top of file"
          },
          {
            "line": 13,
            "column": 1,
            "code": "E402",
            "message": "module level import not at top of file"
          },
          {
            "line": 19,
            "column": 1,
            "code": "E402",
            "message": "module level import not at top of file"
          },
          {
            "line": 20,
            "column": 1,
            "code": "E402",
            "message": "module level import not at top of file"
          },
          {
            "line": 21,
            "column": 1,
            "code": "E402",
            "message": "module level import not at top of file"
          },
          {
            "line": 22,
            "column": 1,
            "code": "E402",
            "message": "module level import not at top of file"
          },
          {
            "line": 23,
            "column": 1,
            "code": "E402",
            "message": "module level import not at top of file"
          }
        ]
      },
      "black": {
        "needs_formatting": true
      },
      "mypy": {
        "errors": [
          "scripts\\refactor\\refactor_guard_cli.py:35: error: Function is missing a return type annotation  [no-untyped-def]",
          "scripts\\refactor\\refactor_guard_cli.py:56: error: Function is missing a type annotation  [no-untyped-def]",
          "scripts\\refactor\\refactor_guard_cli.py:80: error: Function is missing a return type annotation  [no-untyped-def]",
          "scripts\\refactor\\refactor_guard_cli.py:80: error: Function is missing a type annotation for one or more arguments  [no-untyped-def]",
          "scripts\\refactor\\refactor_guard_cli.py:136: error: Function is missing a return type annotation  [no-untyped-def]",
          "scripts\\refactor\\refactor_guard_cli.py:136: error: Function is missing a type annotation for one or more arguments  [no-untyped-def]",
          "scripts\\refactor\\refactor_guard_cli.py:161: error: Function is missing a return type annotation  [no-untyped-def]",
          "scripts\\refactor\\refactor_guard_cli.py:162: error: Call to untyped function \"parse_args\" in typed context  [no-untyped-call]",
          "scripts\\refactor\\refactor_guard_cli.py:167: error: Argument 1 to \"int\" has incompatible type \"str | None\"; expected \"str | Buffer | SupportsInt | SupportsIndex | SupportsTrunc\"  [arg-type]",
          "scripts\\refactor\\refactor_guard_cli.py:172: error: Call to untyped function \"handle_merge\" in typed context  [no-untyped-call]",
          "scripts\\refactor\\refactor_guard_cli.py:193: error: Call to untyped function \"main\" in typed context  [no-untyped-call]"
        ]
      },
      "pydocstyle": {
        "issues": [
          "scripts\\refactor\\refactor_guard_cli.py:1 at module level:",
          "scripts\\refactor\\refactor_guard_cli.py:35 in public function `parse_args`:",
          "scripts\\refactor\\refactor_guard_cli.py:56 in public function `handle_merge`:",
          "scripts\\refactor\\refactor_guard_cli.py:80 in public function `handle_full_scan`:",
          "scripts\\refactor\\refactor_guard_cli.py:136 in public function `handle_single_file`:",
          "scripts\\refactor\\refactor_guard_cli.py:161 in public function `main`:"
        ]
      }
    }
  },
  "utils\\complexity_summary.py": {
    "quality": {
      "flake8": {
        "issues": [
          {
            "line": 52,
            "column": 15,
            "code": "F541",
            "message": "f-string is missing placeholders"
          }
        ]
      },
      "mypy": {
        "errors": [
          "scripts\\utils\\complexity_summary.py:7: error: Item \"TextIO\" of \"TextIO | Any\" has no attribute \"reconfigure\"  [union-attr]",
          "scripts\\utils\\complexity_summary.py:12: error: Function is missing a type annotation  [no-untyped-def]",
          "scripts\\utils\\complexity_summary.py:31: error: Call to untyped function \"run_analysis\" in typed context  [no-untyped-call]",
          "scripts\\utils\\complexity_summary.py:38: error: Function is missing a type annotation  [no-untyped-def]",
          "scripts\\utils\\complexity_summary.py:78: error: Call to untyped function \"analyze_complexity\" in typed context  [no-untyped-call]"
        ]
      },
      "pydocstyle": {
        "issues": [
          "scripts\\utils\\complexity_summary.py:1 at module level:",
          "scripts\\utils\\complexity_summary.py:12 in public function `analyze_complexity`:",
          "scripts\\utils\\complexity_summary.py:38 in public function `run_analysis`:"
        ]
      },
      "coverage": {
        "percent": 0.0
      }
    }
  },
  "utils\\enrich_refactor.py": {
    "quality": {
      "flake8": {
        "issues": [
          {
            "line": 50,
            "column": 101,
            "code": "E501",
            "message": "line too long (101 > 100 characters)"
          },
          {
            "line": 68,
            "column": 101,
            "code": "E501",
            "message": "line too long (107 > 100 characters)"
          },
          {
            "line": 69,
            "column": 101,
            "code": "E501",
            "message": "line too long (117 > 100 characters)"
          }
        ]
      },
      "black": {
        "needs_formatting": true
      },
      "mypy": {
        "errors": [
          "scripts\\utils\\enrich_refactor.py:8: error: Function is missing a return type annotation  [no-untyped-def]",
          "scripts\\utils\\enrich_refactor.py:15: error: Function is missing a return type annotation  [no-untyped-def]"
        ]
      },
      "pydocstyle": {
        "issues": [
          "scripts\\utils\\enrich_refactor.py:1 at module level:",
          "scripts\\utils\\enrich_refactor.py:8 in public function `safe_print`:",
          "scripts\\utils\\enrich_refactor.py:15 in public function `enrich_refactor_audit`:"
        ]
      }
    }
  },
  "utils\\file_utils.py": {
    "quality": {
      "flake8": {
        "issues": [
          {
            "line": 105,
            "column": 101,
            "code": "E501",
            "message": "line too long (122 > 100 characters)"
          }
        ]
      },
      "mypy": {
        "errors": [
          "scripts\\utils\\file_utils.py:14: error: Function is missing a type annotation  [no-untyped-def]",
          "scripts\\utils\\file_utils.py:21: error: Function is missing a return type annotation  [no-untyped-def]",
          "scripts\\utils\\file_utils.py:28: error: Function is missing a type annotation  [no-untyped-def]",
          "scripts\\utils\\file_utils.py:36: error: Function is missing a type annotation  [no-untyped-def]",
          "scripts\\utils\\file_utils.py:41: error: Call to untyped function \"safe_path\" in typed context  [no-untyped-call]",
          "scripts\\utils\\file_utils.py:59: error: Function is missing a type annotation  [no-untyped-def]",
          "scripts\\utils\\file_utils.py:71: error: Missing type parameters for generic type \"dict\"  [type-arg]",
          "scripts\\utils\\file_utils.py:88: error: Returning Any from function declared to return \"dict[Any, Any]\"  [no-any-return]",
          "scripts\\utils\\file_utils.py:108: error: Incompatible return value type (got \"None\", expected \"str\")  [return-value]",
          "scripts\\utils\\file_utils.py:111: error: Call to untyped function \"get_timestamp\" in typed context  [no-untyped-call]",
          "scripts\\utils\\file_utils.py:115: error: Call to untyped function \"read_json\" in typed context  [no-untyped-call]",
          "scripts\\utils\\file_utils.py:121: error: Incompatible return value type (got \"None\", expected \"str\")  [return-value]",
          "scripts\\utils\\file_utils.py:124: error: Function is missing a return type annotation  [no-untyped-def]",
          "scripts\\utils\\file_utils.py:124: error: Function is missing a type annotation for one or more arguments  [no-untyped-def]"
        ]
      },
      "pydocstyle": {
        "issues": [
          "scripts\\utils\\file_utils.py:1 at module level:",
          "scripts\\utils\\file_utils.py:15 in public function `sanitize_filename`:",
          "scripts\\utils\\file_utils.py:22 in public function `get_timestamp`:",
          "scripts\\utils\\file_utils.py:29 in public function `safe_path`:",
          "scripts\\utils\\file_utils.py:37 in public function `write_json`:",
          "scripts\\utils\\file_utils.py:60 in public function `read_json`:",
          "scripts\\utils\\file_utils.py:72 in public function `safe_read_json`:",
          "scripts\\utils\\file_utils.py:72 in public function `safe_read_json`:",
          "scripts\\utils\\file_utils.py:95 in public function `make_backup`:",
          "scripts\\utils\\file_utils.py:125 in public function `zip_python_files`:",
          "scripts\\utils\\file_utils.py:125 in public function `zip_python_files`:"
        ]
      },
      "coverage": {
        "percent": 67.1
      }
    }
  },
  "utils\\gui_helpers.py": {
    "quality": {
      "flake8": {
        "issues": [
          {
            "line": 196,
            "column": 101,
            "code": "E501",
            "message": "line too long (102 > 100 characters)"
          }
        ]
      },
      "mypy": {
        "errors": [
          "scripts\\utils\\gui_helpers.py:8: error: Function is missing a type annotation  [no-untyped-def]",
          "scripts\\utils\\gui_helpers.py:15: error: Function is missing a return type annotation  [no-untyped-def]",
          "scripts\\utils\\gui_helpers.py:19: error: Function is missing a return type annotation  [no-untyped-def]",
          "scripts\\utils\\gui_helpers.py:23: error: Function is missing a type annotation  [no-untyped-def]",
          "scripts\\utils\\gui_helpers.py:27: error: Function is missing a type annotation  [no-untyped-def]",
          "scripts\\utils\\gui_helpers.py:31: error: Function is missing a type annotation  [no-untyped-def]",
          "scripts\\utils\\gui_helpers.py:35: error: Function is missing a type annotation  [no-untyped-def]",
          "scripts\\utils\\gui_helpers.py:36: error: Call to untyped function \"read_json\" in typed context  [no-untyped-call]",
          "scripts\\utils\\gui_helpers.py:45: error: Call to untyped function \"get_current_timestamp\" in typed context  [no-untyped-call]",
          "scripts\\utils\\gui_helpers.py:47: error: Call to untyped function \"write_json\" in typed context  [no-untyped-call]",
          "scripts\\utils\\gui_helpers.py:50: error: Function is missing a type annotation  [no-untyped-def]",
          "scripts\\utils\\gui_helpers.py:52: error: Call to untyped function \"read_json\" in typed context  [no-untyped-call]",
          "scripts\\utils\\gui_helpers.py:58: error: Function is missing a type annotation  [no-untyped-def]",
          "scripts\\utils\\gui_helpers.py:64: error: Function is missing a type annotation  [no-untyped-def]",
          "scripts\\utils\\gui_helpers.py:73: error: Function is missing a type annotation  [no-untyped-def]",
          "scripts\\utils\\gui_helpers.py:81: error: Function is missing a type annotation  [no-untyped-def]",
          "scripts\\utils\\gui_helpers.py:89: error: Function is missing a type annotation  [no-untyped-def]",
          "scripts\\utils\\gui_helpers.py:93: error: Function is missing a type annotation  [no-untyped-def]",
          "scripts\\utils\\gui_helpers.py:102: error: Function is missing a type annotation  [no-untyped-def]",
          "scripts\\utils\\gui_helpers.py:119: error: Function is missing a type annotation  [no-untyped-def]",
          "scripts\\utils\\gui_helpers.py:140: error: Function is missing a type annotation  [no-untyped-def]",
          "scripts\\utils\\gui_helpers.py:160: error: Function is missing a type annotation  [no-untyped-def]",
          "scripts\\utils\\gui_helpers.py:167: error: Function is missing a type annotation  [no-untyped-def]",
          "scripts\\utils\\gui_helpers.py:174: error: Missing type parameters for generic type \"dict\"  [type-arg]"
        ]
      },
      "pydocstyle": {
        "issues": [
          "scripts\\utils\\gui_helpers.py:1 at module level:",
          "scripts\\utils\\gui_helpers.py:8 in public function `validate_log_input`:",
          "scripts\\utils\\gui_helpers.py:15 in public function `get_current_date`:",
          "scripts\\utils\\gui_helpers.py:19 in public function `get_current_timestamp`:",
          "scripts\\utils\\gui_helpers.py:23 in public function `clear_text_input`:",
          "scripts\\utils\\gui_helpers.py:27 in public function `update_status_label`:",
          "scripts\\utils\\gui_helpers.py:31 in public function `get_selected_option`:",
          "scripts\\utils\\gui_helpers.py:35 in public function `append_log_entry`:",
          "scripts\\utils\\gui_helpers.py:50 in public function `get_category_options`:",
          "scripts\\utils\\gui_helpers.py:58 in public function `create_status_label`:",
          "scripts\\utils\\gui_helpers.py:64 in public function `create_log_frame`:",
          "scripts\\utils\\gui_helpers.py:73 in public function `log_message`:",
          "scripts\\utils\\gui_helpers.py:81 in public function `create_dropdown_menu`:",
          "scripts\\utils\\gui_helpers.py:89 in public function `create_button`:",
          "scripts\\utils\\gui_helpers.py:93 in public function `show_messagebox`:",
          "scripts\\utils\\gui_helpers.py:103 in public function `create_text_entry`:",
          "scripts\\utils\\gui_helpers.py:120 in public function `format_summary_results`:",
          "scripts\\utils\\gui_helpers.py:120 in public function `format_summary_results`:",
          "scripts\\utils\\gui_helpers.py:141 in public function `format_raw_results`:",
          "scripts\\utils\\gui_helpers.py:141 in public function `format_raw_results`:",
          "scripts\\utils\\gui_helpers.py:161 in public function `display_message`:",
          "scripts\\utils\\gui_helpers.py:161 in public function `display_message`:",
          "scripts\\utils\\gui_helpers.py:168 in public function `display_error`:",
          "scripts\\utils\\gui_helpers.py:168 in public function `display_error`:",
          "scripts\\utils\\gui_helpers.py:175 in public function `format_coverage_data`:"
        ]
      },
      "coverage": {
        "percent": 38.3
      }
    }
  },
  "utils\\link_summaries_to_raw_logs.py": {
    "quality": {
      "flake8": {
        "issues": [
          {
            "line": 19,
            "column": 101,
            "code": "E501",
            "message": "line too long (107 > 100 characters)"
          },
          {
            "line": 35,
            "column": 101,
            "code": "E501",
            "message": "line too long (103 > 100 characters)"
          }
        ]
      },
      "mypy": {
        "errors": [
          "scripts\\utils\\link_summaries_to_raw_logs.py:8: error: Function is missing a type annotation  [no-untyped-def]",
          "scripts\\utils\\link_summaries_to_raw_logs.py:33: error: Function is missing a return type annotation  [no-untyped-def]",
          "scripts\\utils\\link_summaries_to_raw_logs.py:38: error: Call to untyped function \"load_config\" in typed context  [no-untyped-call]",
          "scripts\\utils\\link_summaries_to_raw_logs.py:41: error: Call to untyped function \"get_absolute_path\" in typed context  [no-untyped-call]",
          "scripts\\utils\\link_summaries_to_raw_logs.py:41: error: Call to untyped function \"get_config_value\" in typed context  [no-untyped-call]",
          "scripts\\utils\\link_summaries_to_raw_logs.py:42: error: Call to untyped function \"get_absolute_path\" in typed context  [no-untyped-call]",
          "scripts\\utils\\link_summaries_to_raw_logs.py:43: error: Call to untyped function \"get_config_value\" in typed context  [no-untyped-call]",
          "scripts\\utils\\link_summaries_to_raw_logs.py:60: error: Call to untyped function \"flatten_raw_entries\" in typed context  [no-untyped-call]",
          "scripts\\utils\\link_summaries_to_raw_logs.py:95: error: Call to untyped function \"inject_entries_into_summaries\" in typed context  [no-untyped-call]"
        ]
      },
      "pydocstyle": {
        "issues": [
          "scripts\\utils\\link_summaries_to_raw_logs.py:1 at module level:",
          "scripts\\utils\\link_summaries_to_raw_logs.py:9 in public function `flatten_raw_entries`:",
          "scripts\\utils\\link_summaries_to_raw_logs.py:9 in public function `flatten_raw_entries`:",
          "scripts\\utils\\link_summaries_to_raw_logs.py:34 in public function `inject_entries_into_summaries`:",
          "scripts\\utils\\link_summaries_to_raw_logs.py:34 in public function `inject_entries_into_summaries`:"
        ]
      },
      "coverage": {
        "percent": 0.0
      }
    }
  },
  "insights\\descriptive_insights.py": {
    "quality": {
      "black": {
        "needs_formatting": true
      }
    }
  },
  "utils\\git_utils.py": {
    "quality": {
      "mypy": {
        "errors": [
          "scripts\\utils\\git_utils.py:17: error: Function is missing a type annotation  [no-untyped-def]",
          "scripts\\utils\\git_utils.py:21: error: Call to untyped function \"get_current_branch\" in typed context  [no-untyped-call]",
          "scripts\\utils\\git_utils.py:41: error: Function is missing a return type annotation  [no-untyped-def]"
        ]
      },
      "pydocstyle": {
        "issues": [
          "scripts\\utils\\git_utils.py:1 at module level:",
          "scripts\\utils\\git_utils.py:6 in public function `get_changed_files`:",
          "scripts\\utils\\git_utils.py:17 in public function `interactive_commit_flow`:",
          "scripts\\utils\\git_utils.py:41 in public function `get_current_branch`:"
        ]
      },
      "coverage": {
        "percent": 0.0
      }
    }
  },
  "refactor\\coverage_parser.py": {
    "quality": {
      "mypy": {
        "errors": [
          "scripts\\refactor\\coverage_parser.py:40: error: Name \"file_hits\" already defined on line 27  [no-redef]"
        ]
      },
      "pydocstyle": {
        "issues": [
          "scripts\\refactor\\coverage_parser.py:1 at module level:"
        ]
      }
    }
  },
  "refactor\\complexity_analyzer.py": {
    "quality": {
      "mypy": {
        "errors": [
          "scripts\\refactor\\complexity_analyzer.py:62: error: Argument 1 to \"visit_FunctionDef\" of \"ComplexityVisitor\" has incompatible type \"AsyncFunctionDef\"; expected \"FunctionDef\"  [arg-type]"
        ]
      },
      "pydocstyle": {
        "issues": [
          "scripts\\refactor\\complexity_analyzer.py:1 at module level:",
          "scripts\\refactor\\complexity_analyzer.py:35 in public class `ComplexityVisitor`:",
          "scripts\\refactor\\complexity_analyzer.py:35 in public class `ComplexityVisitor`:",
          "scripts\\refactor\\complexity_analyzer.py:41 in public method `__init__`:",
          "scripts\\refactor\\complexity_analyzer.py:45 in public method `visit_ClassDef`:",
          "scripts\\refactor\\complexity_analyzer.py:58 in public method `visit_FunctionDef`:",
          "scripts\\refactor\\complexity_analyzer.py:61 in public method `visit_AsyncFunctionDef`:",
          "scripts\\refactor\\complexity_analyzer.py:65 in private method `_compute_and_record`:",
          "scripts\\refactor\\complexity_analyzer.py:86 in public method `get_scores`:",
          "scripts\\refactor\\complexity_analyzer.py:93 in public function `calculate_function_complexity_map`:",
          "scripts\\refactor\\complexity_analyzer.py:93 in public function `calculate_function_complexity_map`:",
          "scripts\\refactor\\complexity_analyzer.py:133 in public function `calculate_cyclomatic_complexity_for_module`:"
        ]
      },
      "coverage": {
        "percent": 92.1
      }
    }
  },
  "gui\\style_manager.py": {
    "quality": {
      "mypy": {
        "errors": [
          "scripts\\gui\\style_manager.py:10: error: Function is missing a type annotation  [no-untyped-def]",
          "scripts\\gui\\style_manager.py:13: error: Call to untyped function \"initialize_styles\" in typed context  [no-untyped-call]",
          "scripts\\gui\\style_manager.py:15: error: Function is missing a return type annotation  [no-untyped-def]",
          "scripts\\gui\\style_manager.py:30: error: Function is missing a type annotation  [no-untyped-def]"
        ]
      },
      "pydocstyle": {
        "issues": [
          "scripts\\gui\\style_manager.py:1 at module level:",
          "scripts\\gui\\style_manager.py:5 in public class `StyleManager`:",
          "scripts\\gui\\style_manager.py:10 in public method `__init__`:",
          "scripts\\gui\\style_manager.py:15 in public method `initialize_styles`:",
          "scripts\\gui\\style_manager.py:31 in public method `update_style`:"
        ]
      },
      "coverage": {
        "percent": 0.0
      }
    }
  },
  "config\\logging_setup.py": {
    "quality": {
      "mypy": {
        "errors": [
          "scripts\\config\\logging_setup.py:5: error: Function is missing a type annotation  [no-untyped-def]",
          "scripts\\config\\logging_setup.py:24: error: Call to untyped function \"setup_logging\" in typed context  [no-untyped-call]"
        ]
      },
      "pydocstyle": {
        "issues": [
          "scripts\\config\\logging_setup.py:1 at module level:"
        ]
      },
      "coverage": {
        "percent": 0.0
      }
    }
  },
  "paths.py": {
    "quality": {
      "mypy": {
        "errors": [
          "scripts\\paths.py:23: error: Function is missing a type annotation for one or more arguments  [no-untyped-def]",
          "scripts\\paths.py:24: error: Call to untyped function \"get_absolute_path\" in typed context  [no-untyped-call]",
          "scripts\\paths.py:24: error: Call to untyped function \"get_config_value\" in typed context  [no-untyped-call]",
          "scripts\\paths.py:28: error: Call to untyped function \"get_effective_config\" in typed context  [no-untyped-call]",
          "scripts\\paths.py:35: error: Call to untyped function \"get_absolute_path\" in typed context  [no-untyped-call]",
          "scripts\\paths.py:36: error: Call to untyped function \"get_absolute_path\" in typed context  [no-untyped-call]"
        ]
      },
      "pydocstyle": {
        "issues": [
          "scripts\\paths.py:1 at module level:",
          "scripts\\paths.py:7 in public class `ZephyrusPaths`:",
          "scripts\\paths.py:27 in public method `from_config`:"
        ]
      }
    }
  },
  "utils\\zip_util.py": {
    "quality": {
      "mypy": {
        "errors": [
          "scripts\\utils\\zip_util.py:8: error: Function is missing a return type annotation  [no-untyped-def]",
          "scripts\\utils\\zip_util.py:40: error: Call to untyped function \"main\" in typed context  [no-untyped-call]"
        ]
      },
      "pydocstyle": {
        "issues": [
          "scripts\\utils\\zip_util.py:1 at module level:",
          "scripts\\utils\\zip_util.py:8 in public function `main`:"
        ]
      },
      "coverage": {
        "percent": 92.9
      }
    }
  },
  "gui\\panels\\log_panel.py": {
    "quality": {
      "mypy": {
        "errors": [
          "scripts\\gui\\panels\\log_panel.py:11: error: Function is missing a type annotation  [no-untyped-def]",
          "scripts\\gui\\panels\\log_panel.py:13: error: Incompatible types in assignment (expression has type \"None\", variable has type \"Labelframe\")  [assignment]",
          "scripts\\gui\\panels\\log_panel.py:14: error: Incompatible types in assignment (expression has type \"None\", variable has type \"ScrolledText\")  [assignment]",
          "scripts\\gui\\panels\\log_panel.py:15: error: Call to untyped function \"__init__\" in typed context  [no-untyped-call]",
          "scripts\\gui\\panels\\log_panel.py:17: error: Function is missing a return type annotation  [no-untyped-def]",
          "scripts\\gui\\panels\\log_panel.py:26: error: Function is missing a return type annotation  [no-untyped-def]"
        ]
      },
      "pydocstyle": {
        "issues": [
          "scripts\\gui\\panels\\log_panel.py:1 at module level:",
          "scripts\\gui\\panels\\log_panel.py:7 in public class `LogPanel`:",
          "scripts\\gui\\panels\\log_panel.py:11 in public method `__init__`:",
          "scripts\\gui\\panels\\log_panel.py:17 in public method `initialize_ui`:",
          "scripts\\gui\\panels\\log_panel.py:26 in public method `refresh`:"
        ]
      }
    }
  },
  "gui\\panels\\coverage_panel.py": {
    "quality": {
      "mypy": {
        "errors": [
          "scripts\\gui\\panels\\coverage_panel.py:13: error: Function is missing a type annotation  [no-untyped-def]",
          "scripts\\gui\\panels\\coverage_panel.py:17: error: Call to untyped function \"__init__\" in typed context  [no-untyped-call]",
          "scripts\\gui\\panels\\coverage_panel.py:19: error: Function is missing a return type annotation  [no-untyped-def]",
          "scripts\\gui\\panels\\coverage_panel.py:33: error: Function is missing a return type annotation  [no-untyped-def]",
          "scripts\\gui\\panels\\coverage_panel.py:35: error: Item \"None\" of \"Treeview | None\" has no attribute \"get_children\"  [union-attr]",
          "scripts\\gui\\panels\\coverage_panel.py:36: error: Item \"None\" of \"Treeview | None\" has no attribute \"delete\"  [union-attr]",
          "scripts\\gui\\panels\\coverage_panel.py:47: error: Item \"None\" of \"Treeview | None\" has no attribute \"insert\"  [union-attr]"
        ]
      },
      "pydocstyle": {
        "issues": [
          "scripts\\gui\\panels\\coverage_panel.py:1 at module level:",
          "scripts\\gui\\panels\\coverage_panel.py:9 in public class `CoveragePanel`:",
          "scripts\\gui\\panels\\coverage_panel.py:13 in public method `__init__`:",
          "scripts\\gui\\panels\\coverage_panel.py:19 in public method `initialize_ui`:",
          "scripts\\gui\\panels\\coverage_panel.py:33 in public method `refresh`:"
        ]
      }
    }
  },
  "gui\\panels\\action_panel.py": {
    "quality": {
      "mypy": {
        "errors": [
          "scripts\\gui\\panels\\action_panel.py:14: error: Function is missing a type annotation  [no-untyped-def]",
          "scripts\\gui\\panels\\action_panel.py:19: error: Call to untyped function \"__init__\" in typed context  [no-untyped-call]",
          "scripts\\gui\\panels\\action_panel.py:21: error: Function is missing a return type annotation  [no-untyped-def]",
          "scripts\\gui\\panels\\action_panel.py:27: error: Call to untyped function \"create_button\" of \"WidgetFactory\" in typed context  [no-untyped-call]",
          "scripts\\gui\\panels\\action_panel.py:30: error: Item \"None\" of \"Button | None\" has no attribute \"pack\"  [union-attr]",
          "scripts\\gui\\panels\\action_panel.py:33: error: Call to untyped function \"create_button\" of \"WidgetFactory\" in typed context  [no-untyped-call]",
          "scripts\\gui\\panels\\action_panel.py:36: error: Item \"None\" of \"Button | None\" has no attribute \"pack\"  [union-attr]",
          "scripts\\gui\\panels\\action_panel.py:38: error: Function is missing a return type annotation  [no-untyped-def]",
          "scripts\\gui\\panels\\action_panel.py:49: error: Function is missing a return type annotation  [no-untyped-def]",
          "scripts\\gui\\panels\\action_panel.py:60: error: Function is missing a return type annotation  [no-untyped-def]"
        ]
      },
      "pydocstyle": {
        "issues": [
          "scripts\\gui\\panels\\action_panel.py:1 at module level:",
          "scripts\\gui\\panels\\action_panel.py:10 in public class `ActionPanel`:",
          "scripts\\gui\\panels\\action_panel.py:14 in public method `__init__`:",
          "scripts\\gui\\panels\\action_panel.py:21 in public method `initialize_ui`:",
          "scripts\\gui\\panels\\action_panel.py:38 in public method `on_summarize`:",
          "scripts\\gui\\panels\\action_panel.py:49 in public method `on_rebuild`:",
          "scripts\\gui\\panels\\action_panel.py:60 in public method `refresh`:"
        ]
      }
    }
  },
  "gui\\tabs\\main_tab.py": {
    "quality": {
      "mypy": {
        "errors": [
          "scripts\\gui\\tabs\\main_tab.py:17: error: Function is missing a return type annotation  [no-untyped-def]",
          "scripts\\gui\\tabs\\main_tab.py:23: error: Call to untyped function \"LogPanel\" in typed context  [no-untyped-call]",
          "scripts\\gui\\tabs\\main_tab.py:27: error: Call to untyped function \"CoveragePanel\" in typed context  [no-untyped-call]",
          "scripts\\gui\\tabs\\main_tab.py:31: error: Call to untyped function \"EntryPanel\" in typed context  [no-untyped-call]",
          "scripts\\gui\\tabs\\main_tab.py:35: error: Call to untyped function \"ActionPanel\" in typed context  [no-untyped-call]",
          "scripts\\gui\\tabs\\main_tab.py:38: error: Function is missing a return type annotation  [no-untyped-def]",
          "scripts\\gui\\tabs\\main_tab.py:43: error: Call to untyped function \"refresh\" in typed context  [no-untyped-call]",
          "scripts\\gui\\tabs\\main_tab.py:45: error: Call to untyped function \"refresh\" in typed context  [no-untyped-call]",
          "scripts\\gui\\tabs\\main_tab.py:47: error: Call to untyped function \"refresh\" in typed context  [no-untyped-call]",
          "scripts\\gui\\tabs\\main_tab.py:49: error: Call to untyped function \"refresh\" in typed context  [no-untyped-call]"
        ]
      },
      "pydocstyle": {
        "issues": [
          "scripts\\gui\\tabs\\main_tab.py:1 at module level:",
          "scripts\\gui\\tabs\\main_tab.py:12 in public class `MainTab`:",
          "scripts\\gui\\tabs\\main_tab.py:17 in public method `setup_tab`:",
          "scripts\\gui\\tabs\\main_tab.py:39 in public method `on_show`:",
          "scripts\\gui\\tabs\\main_tab.py:39 in public method `on_show`:"
        ]
      }
    }
  },
  "gui\\gui_controller.py": {
    "quality": {
      "mypy": {
        "errors": [
          "scripts\\gui\\gui_controller.py:9: error: Function is missing a type annotation  [no-untyped-def]",
          "scripts\\gui\\gui_controller.py:13: error: Call to untyped function \"ZephyrusLoggerCore\" in typed context  [no-untyped-call]",
          "scripts\\gui\\gui_controller.py:20: error: Function is missing a type annotation  [no-untyped-def]",
          "scripts\\gui\\gui_controller.py:22: error: Call to untyped function \"log_new_entry\" in typed context  [no-untyped-call]",
          "scripts\\gui\\gui_controller.py:26: error: Function is missing a return type annotation  [no-untyped-def]",
          "scripts\\gui\\gui_controller.py:28: error: Call to untyped function \"force_summary_all\" in typed context  [no-untyped-call]",
          "scripts\\gui\\gui_controller.py:32: error: Function is missing a type annotation  [no-untyped-def]",
          "scripts\\gui\\gui_controller.py:38: error: Function is missing a type annotation  [no-untyped-def]",
          "scripts\\gui\\gui_controller.py:44: error: Function is missing a return type annotation  [no-untyped-def]",
          "scripts\\gui\\gui_controller.py:49: error: Call to untyped function \"rebuild\" in typed context  [no-untyped-call]",
          "scripts\\gui\\gui_controller.py:52: error: Function is missing a return type annotation  [no-untyped-def]",
          "scripts\\gui\\gui_controller.py:59: error: Function is missing a return type annotation  [no-untyped-def]",
          "scripts\\gui\\gui_controller.py:65: error: Function is missing a return type annotation  [no-untyped-def]"
        ]
      },
      "pydocstyle": {
        "issues": [
          "scripts\\gui\\gui_controller.py:1 at module level:",
          "scripts\\gui\\gui_controller.py:8 in public class `GUIController`:",
          "scripts\\gui\\gui_controller.py:9 in public method `__init__`:",
          "scripts\\gui\\gui_controller.py:20 in public method `log_entry`:",
          "scripts\\gui\\gui_controller.py:26 in public method `force_summarize_all`:",
          "scripts\\gui\\gui_controller.py:32 in public method `search_summaries`:",
          "scripts\\gui\\gui_controller.py:38 in public method `search_raw_logs`:",
          "scripts\\gui\\gui_controller.py:45 in public method `rebuild_tracker`:",
          "scripts\\gui\\gui_controller.py:53 in public method `get_tracker_status`:",
          "scripts\\gui\\gui_controller.py:53 in public method `get_tracker_status`:",
          "scripts\\gui\\gui_controller.py:60 in public method `get_coverage_data`:",
          "scripts\\gui\\gui_controller.py:60 in public method `get_coverage_data`:",
          "scripts\\gui\\gui_controller.py:66 in public method `get_logs`:",
          "scripts\\gui\\gui_controller.py:66 in public method `get_logs`:"
        ]
      },
      "coverage": {
        "percent": 50.0
      }
    }
  },
  "Ideas_Logger\\        D100": {
    "quality": {
      "pydocstyle": {
        "issues": [
          "D100: Missing docstring in public module",
          "D100: Missing docstring in public module",
          "D100: Missing docstring in public module",
          "D100: Missing docstring in public module",
          "D100: Missing docstring in public module",
          "D100: Missing docstring in public module",
          "D100: Missing docstring in public module",
          "D100: Missing docstring in public module",
          "D100: Missing docstring in public module",
          "D100: Missing docstring in public module",
          "D100: Missing docstring in public module",
          "D100: Missing docstring in public module",
          "D100: Missing docstring in public module",
          "D100: Missing docstring in public module",
          "D100: Missing docstring in public module",
          "D100: Missing docstring in public module",
          "D100: Missing docstring in public module",
          "D100: Missing docstring in public module",
          "D100: Missing docstring in public module",
          "D100: Missing docstring in public module",
          "D100: Missing docstring in public module",
          "D100: Missing docstring in public module",
          "D100: Missing docstring in public module",
          "D100: Missing docstring in public module",
          "D100: Missing docstring in public module",
          "D100: Missing docstring in public module",
          "D100: Missing docstring in public module",
          "D100: Missing docstring in public module",
          "D100: Missing docstring in public module",
          "D100: Missing docstring in public module",
          "D100: Missing docstring in public module",
          "D100: Missing docstring in public module",
          "D100: Missing docstring in public module",
          "D100: Missing docstring in public module",
          "D100: Missing docstring in public module",
          "D100: Missing docstring in public module",
          "D100: Missing docstring in public module",
          "D100: Missing docstring in public module",
          "D100: Missing docstring in public module",
          "D100: Missing docstring in public module",
          "D100: Missing docstring in public module",
          "D100: Missing docstring in public module",
          "D100: Missing docstring in public module",
          "D100: Missing docstring in public module",
          "D100: Missing docstring in public module",
          "D100: Missing docstring in public module",
          "D100: Missing docstring in public module",
          "D100: Missing docstring in public module",
          "D100: Missing docstring in public module"
        ]
      }
    }
  },
  "Ideas_Logger\\        D401": {
    "quality": {
      "pydocstyle": {
        "issues": [
          "D401: First line should be in imperative mood (perhaps 'Return', not 'Returns')",
          "D401: First line should be in imperative mood (perhaps 'Return', not 'Returns')",
          "D401: First line should be in imperative mood (perhaps 'Check', not 'Checks')",
          "D401: First line should be in imperative mood (perhaps 'Generate', not 'Generates')",
          "D401: First line should be in imperative mood (perhaps 'Configure', not 'Configures')",
          "D401: First line should be in imperative mood (perhaps 'Load', not 'Loads')",
          "D401: First line should be in imperative mood (perhaps 'Initialize', not 'Initializes')",
          "D401: First line should be in imperative mood (perhaps 'Ensure', not 'Ensures')",
          "D401: First line should be in imperative mood (perhaps 'Get', not 'Gets')",
          "D401: First line should be in imperative mood (perhaps 'Log', not 'Logs')",
          "D401: First line should be in imperative mood (perhaps 'Generate', not 'Generates')",
          "D401: First line should be in imperative mood (perhaps 'Generate', not 'Generates')",
          "D401: First line should be in imperative mood (perhaps 'Log', not 'Logs')",
          "D401: First line should be in imperative mood (perhaps 'Force', not 'Forces')",
          "D401: First line should be in imperative mood; try rephrasing (found 'Wrapper')",
          "D401: First line should be in imperative mood (perhaps 'Search', not 'Searches')",
          "D401: First line should be in imperative mood (perhaps 'Search', not 'Searches')",
          "D401: First line should be in imperative mood (perhaps 'Log', not 'Logs')",
          "D401: First line should be in imperative mood (perhaps 'Initialize', not 'Initializes')",
          "D401: First line should be in imperative mood (perhaps 'Read', not 'Reads')",
          "D401: First line should be in imperative mood (perhaps 'Update', not 'Updates')",
          "D401: First line should be in imperative mood (perhaps 'Append', not 'Appends')",
          "D401: First line should be in imperative mood (perhaps 'Update', not 'Updates')",
          "D401: First line should be in imperative mood (perhaps 'Retrieve', not 'Retrieves')",
          "D401: First line should be in imperative mood (perhaps 'Update', not 'Updates')",
          "D401: First line should be in imperative mood (perhaps 'Validate', not 'Validates')",
          "D401: First line should be in imperative mood (perhaps 'Return', not 'Returns')",
          "D401: First line should be in imperative mood (perhaps 'Create', not 'Creates')",
          "D401: First line should be in imperative mood (perhaps 'Start', not 'Starts')",
          "D401: First line should be in imperative mood; try rephrasing (found 'Helper')",
          "D401: First line should be in imperative mood (perhaps 'Return', not 'Returns')",
          "D401: First line should be in imperative mood (perhaps 'Retrieve', not 'Retrieves')",
          "D401: First line should be in imperative mood (perhaps 'Retrieve', not 'Retrieves')",
          "D401: First line should be in imperative mood (perhaps 'Emit', not 'Emits')",
          "D401: First line should be in imperative mood (perhaps 'Append', not 'Appends')",
          "D401: First line should be in imperative mood (perhaps 'Call', not 'Called')",
          "D401: First line should be in imperative mood (perhaps 'Call', not 'Called')",
          "D401: First line should be in imperative mood (perhaps 'Initialize', not 'Initializes')",
          "D401: First line should be in imperative mood (perhaps 'Load', not 'Loads')",
          "D401: First line should be in imperative mood (perhaps 'Search', not 'Searches')",
          "D401: First line should be in imperative mood (perhaps 'Build', not 'Builds')",
          "D401: First line should be in imperative mood (perhaps 'Save', not 'Saves')",
          "D401: First line should be in imperative mood (perhaps 'Load', not 'Loads')",
          "D401: First line should be in imperative mood (perhaps 'Process', not 'Processes')",
          "D401: First line should be in imperative mood (perhaps 'Process', not 'Processes')",
          "D401: First line should be in imperative mood (perhaps 'Process', not 'Processes')",
          "D401: First line should be in imperative mood (perhaps 'Load', not 'Loads')",
          "D401: First line should be in imperative mood (perhaps 'Initialize', not 'Initializes')",
          "D401: First line should be in imperative mood (perhaps 'Load', not 'Loads')",
          "D401: First line should be in imperative mood (perhaps 'Load', not 'Loads')",
          "D401: First line should be in imperative mood; try rephrasing (found 'Deprecated')",
          "D401: First line should be in imperative mood (perhaps 'Create', not 'Creates')",
          "D401: First line should be in imperative mood (perhaps 'Return', not 'Returns')",
          "D401: First line should be in imperative mood (perhaps 'Create', not 'Creates')",
          "D401: First line should be in imperative mood (perhaps 'Format', not 'Formats')",
          "D401: First line should be in imperative mood (perhaps 'Format', not 'Formats')",
          "D401: First line should be in imperative mood (perhaps 'Display', not 'Displays')",
          "D401: First line should be in imperative mood (perhaps 'Display', not 'Displays')",
          "D401: First line should be in imperative mood (perhaps 'Format', not 'Formats')"
        ]
      }
    }
  },
  "Ideas_Logger\\        D205": {
    "quality": {
      "pydocstyle": {
        "issues": [
          "D205: 1 blank line required between summary line and description (found 0)",
          "D205: 1 blank line required between summary line and description (found 0)",
          "D205: 1 blank line required between summary line and description (found 0)",
          "D205: 1 blank line required between summary line and description (found 0)",
          "D205: 1 blank line required between summary line and description (found 0)",
          "D205: 1 blank line required between summary line and description (found 0)",
          "D205: 1 blank line required between summary line and description (found 0)",
          "D205: 1 blank line required between summary line and description (found 0)",
          "D205: 1 blank line required between summary line and description (found 0)",
          "D205: 1 blank line required between summary line and description (found 0)",
          "D205: 1 blank line required between summary line and description (found 0)",
          "D205: 1 blank line required between summary line and description (found 0)",
          "D205: 1 blank line required between summary line and description (found 0)",
          "D205: 1 blank line required between summary line and description (found 0)",
          "D205: 1 blank line required between summary line and description (found 0)",
          "D205: 1 blank line required between summary line and description (found 0)",
          "D205: 1 blank line required between summary line and description (found 0)",
          "D205: 1 blank line required between summary line and description (found 0)",
          "D205: 1 blank line required between summary line and description (found 0)",
          "D205: 1 blank line required between summary line and description (found 0)",
          "D205: 1 blank line required between summary line and description (found 0)",
          "D205: 1 blank line required between summary line and description (found 0)",
          "D205: 1 blank line required between summary line and description (found 0)",
          "D205: 1 blank line required between summary line and description (found 0)",
          "D205: 1 blank line required between summary line and description (found 0)",
          "D205: 1 blank line required between summary line and description (found 0)",
          "D205: 1 blank line required between summary line and description (found 0)",
          "D205: 1 blank line required between summary line and description (found 0)",
          "D205: 1 blank line required between summary line and description (found 0)",
          "D205: 1 blank line required between summary line and description (found 0)",
          "D205: 1 blank line required between summary line and description (found 0)",
          "D205: 1 blank line required between summary line and description (found 0)",
          "D205: 1 blank line required between summary line and description (found 0)",
          "D205: 1 blank line required between summary line and description (found 0)"
        ]
      }
    }
  },
  "Ideas_Logger\\        D101": {
    "quality": {
      "pydocstyle": {
        "issues": [
          "D101: Missing docstring in public class",
          "D101: Missing docstring in public class",
          "D101: Missing docstring in public class",
          "D101: Missing docstring in public class",
          "D101: Missing docstring in public class",
          "D101: Missing docstring in public class",
          "D101: Missing docstring in public class",
          "D101: Missing docstring in public class",
          "D101: Missing docstring in public class"
        ]
      }
    }
  },
  "Ideas_Logger\\        D102": {
    "quality": {
      "pydocstyle": {
        "issues": [
          "D102: Missing docstring in public method",
          "D102: Missing docstring in public method",
          "D102: Missing docstring in public method",
          "D102: Missing docstring in public method",
          "D102: Missing docstring in public method",
          "D102: Missing docstring in public method",
          "D102: Missing docstring in public method",
          "D102: Missing docstring in public method",
          "D102: Missing docstring in public method",
          "D102: Missing docstring in public method",
          "D102: Missing docstring in public method",
          "D102: Missing docstring in public method",
          "D102: Missing docstring in public method",
          "D102: Missing docstring in public method",
          "D102: Missing docstring in public method",
          "D102: Missing docstring in public method",
          "D102: Missing docstring in public method",
          "D102: Missing docstring in public method",
          "D102: Missing docstring in public method",
          "D102: Missing docstring in public method",
          "D102: Missing docstring in public method",
          "D102: Missing docstring in public method",
          "D102: Missing docstring in public method",
          "D102: Missing docstring in public method",
          "D102: Missing docstring in public method",
          "D102: Missing docstring in public method",
          "D102: Missing docstring in public method",
          "D102: Missing docstring in public method",
          "D102: Missing docstring in public method",
          "D102: Missing docstring in public method",
          "D102: Missing docstring in public method",
          "D102: Missing docstring in public method",
          "D102: Missing docstring in public method",
          "D102: Missing docstring in public method"
        ]
      }
    }
  },
  "__init__.py": {
    "quality": {
      "pydocstyle": {
        "issues": [
          "scripts\\__init__.py:1 at module level:"
        ]
      }
    }
  },
  "Ideas_Logger\\        D104": {
    "quality": {
      "pydocstyle": {
        "issues": [
          "D104: Missing docstring in public package",
          "D104: Missing docstring in public package",
          "D104: Missing docstring in public package",
          "D104: Missing docstring in public package",
          "D104: Missing docstring in public package",
          "D104: Missing docstring in public package",
          "D104: Missing docstring in public package",
          "D104: Missing docstring in public package",
          "D104: Missing docstring in public package",
          "D104: Missing docstring in public package",
          "D104: Missing docstring in public package",
          "D104: Missing docstring in public package",
          "D104: Missing docstring in public package"
        ]
      }
    }
  },
  "Ideas_Logger\\        D200": {
    "quality": {
      "pydocstyle": {
        "issues": [
          "D200: One-line docstring should fit on one line with quotes (found 3)",
          "D200: One-line docstring should fit on one line with quotes (found 3)",
          "D200: One-line docstring should fit on one line with quotes (found 3)",
          "D200: One-line docstring should fit on one line with quotes (found 3)",
          "D200: One-line docstring should fit on one line with quotes (found 3)",
          "D200: One-line docstring should fit on one line with quotes (found 3)",
          "D200: One-line docstring should fit on one line with quotes (found 3)",
          "D200: One-line docstring should fit on one line with quotes (found 3)",
          "D200: One-line docstring should fit on one line with quotes (found 3)",
          "D200: One-line docstring should fit on one line with quotes (found 3)",
          "D200: One-line docstring should fit on one line with quotes (found 3)",
          "D200: One-line docstring should fit on one line with quotes (found 3)",
          "D200: One-line docstring should fit on one line with quotes (found 3)",
          "D200: One-line docstring should fit on one line with quotes (found 3)",
          "D200: One-line docstring should fit on one line with quotes (found 3)",
          "D200: One-line docstring should fit on one line with quotes (found 3)",
          "D200: One-line docstring should fit on one line with quotes (found 3)",
          "D200: One-line docstring should fit on one line with quotes (found 3)",
          "D200: One-line docstring should fit on one line with quotes (found 3)",
          "D200: One-line docstring should fit on one line with quotes (found 3)",
          "D200: One-line docstring should fit on one line with quotes (found 3)",
          "D200: One-line docstring should fit on one line with quotes (found 3)",
          "D200: One-line docstring should fit on one line with quotes (found 3)",
          "D200: One-line docstring should fit on one line with quotes (found 3)",
          "D200: One-line docstring should fit on one line with quotes (found 3)",
          "D200: One-line docstring should fit on one line with quotes (found 3)",
          "D200: One-line docstring should fit on one line with quotes (found 3)",
          "D200: One-line docstring should fit on one line with quotes (found 3)",
          "D200: One-line docstring should fit on one line with quotes (found 3)",
          "D200: One-line docstring should fit on one line with quotes (found 3)",
          "D200: One-line docstring should fit on one line with quotes (found 3)",
          "D200: One-line docstring should fit on one line with quotes (found 3)",
          "D200: One-line docstring should fit on one line with quotes (found 3)",
          "D200: One-line docstring should fit on one line with quotes (found 3)",
          "D200: One-line docstring should fit on one line with quotes (found 3)",
          "D200: One-line docstring should fit on one line with quotes (found 3)",
          "D200: One-line docstring should fit on one line with quotes (found 3)",
          "D200: One-line docstring should fit on one line with quotes (found 3)",
          "D200: One-line docstring should fit on one line with quotes (found 3)",
          "D200: One-line docstring should fit on one line with quotes (found 3)",
          "D200: One-line docstring should fit on one line with quotes (found 3)",
          "D200: One-line docstring should fit on one line with quotes (found 3)"
        ]
      }
    }
  },
  "ai\\__init__.py": {
    "quality": {
      "pydocstyle": {
        "issues": [
          "scripts\\ai\\__init__.py:1 at module level:"
        ]
      },
      "coverage": {
        "percent": 100.0
      }
    }
  },
  "Ideas_Logger\\        D103": {
    "quality": {
      "pydocstyle": {
        "issues": [
          "D103: Missing docstring in public function",
          "D103: Missing docstring in public function",
          "D103: Missing docstring in public function",
          "D103: Missing docstring in public function",
          "D103: Missing docstring in public function",
          "D103: Missing docstring in public function",
          "D103: Missing docstring in public function",
          "D103: Missing docstring in public function",
          "D103: Missing docstring in public function",
          "D103: Missing docstring in public function",
          "D103: Missing docstring in public function",
          "D103: Missing docstring in public function",
          "D103: Missing docstring in public function",
          "D103: Missing docstring in public function",
          "D103: Missing docstring in public function",
          "D103: Missing docstring in public function",
          "D103: Missing docstring in public function",
          "D103: Missing docstring in public function",
          "D103: Missing docstring in public function",
          "D103: Missing docstring in public function",
          "D103: Missing docstring in public function",
          "D103: Missing docstring in public function",
          "D103: Missing docstring in public function",
          "D103: Missing docstring in public function",
          "D103: Missing docstring in public function",
          "D103: Missing docstring in public function",
          "D103: Missing docstring in public function",
          "D103: Missing docstring in public function",
          "D103: Missing docstring in public function",
          "D103: Missing docstring in public function",
          "D103: Missing docstring in public function",
          "D103: Missing docstring in public function",
          "D103: Missing docstring in public function",
          "D103: Missing docstring in public function",
          "D103: Missing docstring in public function",
          "D103: Missing docstring in public function",
          "D103: Missing docstring in public function",
          "D103: Missing docstring in public function",
          "D103: Missing docstring in public function",
          "D103: Missing docstring in public function",
          "D103: Missing docstring in public function",
          "D103: Missing docstring in public function"
        ]
      }
    }
  },
  "ci_analyzer\\__init__.py": {
    "quality": {
      "pydocstyle": {
        "issues": [
          "scripts\\ci_analyzer\\__init__.py:1 at module level:"
        ]
      }
    }
  },
  "ci_analyzer\\insights\\prime_suspects.py": {
    "quality": {
      "pydocstyle": {
        "issues": [
          "scripts\\ci_analyzer\\insights\\prime_suspects.py:1 at module level:",
          "scripts\\ci_analyzer\\insights\\prime_suspects.py:9 in public function `generate_prime_insights`:"
        ]
      }
    }
  },
  "ci_analyzer\\insights\\__init__.py": {
    "quality": {
      "pydocstyle": {
        "issues": [
          "scripts\\ci_analyzer\\insights\\__init__.py:1 at module level:"
        ]
      }
    }
  },
  "ci_analyzer\\utils\\visuals.py": {
    "quality": {
      "pydocstyle": {
        "issues": [
          "scripts\\ci_analyzer\\utils\\visuals.py:1 at module level:",
          "scripts\\ci_analyzer\\utils\\visuals.py:5 in public function `render_bar`:",
          "scripts\\ci_analyzer\\utils\\visuals.py:15 in public function `risk_emoji`:"
        ]
      }
    }
  },
  "ci_analyzer\\utils\\__ini__.py": {
    "quality": {
      "pydocstyle": {
        "issues": [
          "scripts\\ci_analyzer\\utils\\__ini__.py:1 at module level:"
        ]
      }
    }
  },
  "Ideas_Logger\\        D106": {
    "quality": {
      "pydocstyle": {
        "issues": [
          "D106: Missing docstring in public nested class"
        ]
      }
    }
  },
  "config\\constants.py": {
    "quality": {
      "pydocstyle": {
        "issues": [
          "scripts\\config\\constants.py:1 at module level:"
        ]
      },
      "coverage": {
        "percent": 0.0
      }
    }
  },
  "config\\__init__.py": {
    "quality": {
      "pydocstyle": {
        "issues": [
          "scripts\\config\\__init__.py:1 at module level:"
        ]
      },
      "coverage": {
        "percent": 100.0
      }
    }
  },
  "Ideas_Logger\\        D400": {
    "quality": {
      "pydocstyle": {
        "issues": [
          "D400: First line should end with a period (not ')')",
          "D400: First line should end with a period (not ',')",
          "D400: First line should end with a period (not 'g')",
          "D400: First line should end with a period (not 's')",
          "D400: First line should end with a period (not 's')",
          "D400: First line should end with a period (not 'd')",
          "D400: First line should end with a period (not ',')",
          "D400: First line should end with a period (not 'd')",
          "D400: First line should end with a period (not ':')",
          "D400: First line should end with a period (not ',')",
          "D400: First line should end with a period (not 't')",
          "D400: First line should end with a period (not ',')",
          "D400: First line should end with a period (not ',')",
          "D400: First line should end with a period (not ')')"
        ]
      }
    }
  },
  "Ideas_Logger\\        D202": {
    "quality": {
      "pydocstyle": {
        "issues": [
          "D202: No blank lines allowed after function docstring (found 1)",
          "D202: No blank lines allowed after function docstring (found 1)"
        ]
      }
    }
  },
  "Ideas_Logger\\        D107": {
    "quality": {
      "pydocstyle": {
        "issues": [
          "D107: Missing docstring in __init__",
          "D107: Missing docstring in __init__",
          "D107: Missing docstring in __init__",
          "D107: Missing docstring in __init__",
          "D107: Missing docstring in __init__",
          "D107: Missing docstring in __init__",
          "D107: Missing docstring in __init__",
          "D107: Missing docstring in __init__",
          "D107: Missing docstring in __init__",
          "D107: Missing docstring in __init__",
          "D107: Missing docstring in __init__",
          "D107: Missing docstring in __init__",
          "D107: Missing docstring in __init__",
          "D107: Missing docstring in __init__",
          "D107: Missing docstring in __init__",
          "D107: Missing docstring in __init__"
        ]
      }
    }
  },
  "core\\__init__.py": {
    "quality": {
      "pydocstyle": {
        "issues": [
          "scripts\\core\\__init__.py:1 at module level:"
        ]
      },
      "coverage": {
        "percent": 100.0
      }
    }
  },
  "gui\\__init__.py": {
    "quality": {
      "pydocstyle": {
        "issues": [
          "scripts\\gui\\__init__.py:1 at module level:"
        ]
      },
      "coverage": {
        "percent": 100.0
      }
    }
  },
  "gui\\base\\__init__.py": {
    "quality": {
      "pydocstyle": {
        "issues": [
          "scripts\\gui\\base\\__init__.py:1 at module level:"
        ]
      }
    }
  },
  "gui\\panels\\__init__.py": {
    "quality": {
      "pydocstyle": {
        "issues": [
          "scripts\\gui\\panels\\__init__.py:1 at module level:"
        ]
      }
    }
  },
  "gui\\tabs\\__init__.py": {
    "quality": {
      "pydocstyle": {
        "issues": [
          "scripts\\gui\\tabs\\__init__.py:1 at module level:"
        ]
      }
    }
  },
  "indexers\\__init__.py": {
    "quality": {
      "pydocstyle": {
        "issues": [
          "scripts\\indexers\\__init__.py:1 at module level:"
        ]
      },
      "coverage": {
        "percent": 100.0
      }
    }
  },
  "Ideas_Logger\\        D105": {
    "quality": {
      "pydocstyle": {
        "issues": [
          "D105: Missing docstring in magic method"
        ]
      }
    }
  },
  "Ideas_Logger\\        D204": {
    "quality": {
      "pydocstyle": {
        "issues": [
          "D204: 1 blank line required after class docstring (found 0)"
        ]
      }
    }
  },
  "refactor\\__init__.py": {
    "quality": {
      "pydocstyle": {
        "issues": [
          "scripts\\refactor\\__init__.py:1 at module level:"
        ]
      }
    }
  },
  "utils\\__init__.py": {
    "quality": {
      "pydocstyle": {
        "issues": [
          "scripts\\utils\\__init__.py:1 at module level:"
        ]
      },
      "coverage": {
        "percent": 100.0
      }
    }
  },
  "Ideas_Logger\\__init__.py": {
    "quality": {
      "coverage": {
        "percent": 100.0
      }
    }
  },
  "Ideas_Logger\\dev_commit.py": {
    "quality": {
      "coverage": {
        "percent": 0.0
      }
    }
  },
  "Ideas_Logger\\main.py": {
    "quality": {
      "coverage": {
        "percent": 0.0
      }
    }
  },
  "Ideas_Logger\\paths.py": {
    "quality": {
      "coverage": {
        "percent": 95.2
      }
    }
  },
  "base\\base_panel.py": {
    "quality": {
      "coverage": {
        "percent": 81.8
      }
    }
  },
  "base\\base_tab.py": {
    "quality": {
      "coverage": {
        "percent": 81.8
      }
    }
  },
  "panels\\action_panel.py": {
    "quality": {
      "coverage": {
        "percent": 91.7
      }
    }
  },
  "panels\\coverage_panel.py": {
    "quality": {
      "coverage": {
        "percent": 93.8
      }
    }
  },
  "panels\\entry_panel.py": {
    "quality": {
      "coverage": {
        "percent": 84.4
      }
    }
  },
  "panels\\log_panel.py": {
    "quality": {
      "coverage": {
        "percent": 95.5
      }
    }
  },
  "tabs\\main_tab.py": {
    "quality": {
      "coverage": {
        "percent": 100.0
      }
    }
  }
}