{"meta": {"format": 3, "version": "7.8.0", "timestamp": "2025-05-08T22:03:34.599670", "branch_coverage": true, "show_contexts": false}, "files": {"scripts\\__init__.py": {"executed_lines": [], "summary": {"covered_lines": 0, "num_statements": 0, "percent_covered": 100.0, "percent_covered_display": "100", "missing_lines": 0, "excluded_lines": 0, "num_branches": 0, "num_partial_branches": 0, "covered_branches": 0, "missing_branches": 0}, "missing_lines": [], "excluded_lines": [], "executed_branches": [], "missing_branches": [], "functions": {"": {"executed_lines": [], "summary": {"covered_lines": 0, "num_statements": 0, "percent_covered": 100.0, "percent_covered_display": "100", "missing_lines": 0, "excluded_lines": 0, "num_branches": 0, "num_partial_branches": 0, "covered_branches": 0, "missing_branches": 0}, "missing_lines": [], "excluded_lines": [], "executed_branches": [], "missing_branches": []}}, "classes": {"": {"executed_lines": [], "summary": {"covered_lines": 0, "num_statements": 0, "percent_covered": 100.0, "percent_covered_display": "100", "missing_lines": 0, "excluded_lines": 0, "num_branches": 0, "num_partial_branches": 0, "covered_branches": 0, "missing_branches": 0}, "missing_lines": [], "excluded_lines": [], "executed_branches": [], "missing_branches": []}}}, "scripts\\ai\\__init__.py": {"executed_lines": [1], "summary": {"covered_lines": 0, "num_statements": 0, "percent_covered": 100.0, "percent_covered_display": "100", "missing_lines": 0, "excluded_lines": 0, "num_branches": 0, "num_partial_branches": 0, "covered_branches": 0, "missing_branches": 0}, "missing_lines": [], "excluded_lines": [], "executed_branches": [], "missing_branches": [], "functions": {"": {"executed_lines": [1], "summary": {"covered_lines": 0, "num_statements": 0, "percent_covered": 100.0, "percent_covered_display": "100", "missing_lines": 0, "excluded_lines": 0, "num_branches": 0, "num_partial_branches": 0, "covered_branches": 0, "missing_branches": 0}, "missing_lines": [], "excluded_lines": [], "executed_branches": [], "missing_branches": []}}, "classes": {"": {"executed_lines": [1], "summary": {"covered_lines": 0, "num_statements": 0, "percent_covered": 100.0, "percent_covered_display": "100", "missing_lines": 0, "excluded_lines": 0, "num_branches": 0, "num_partial_branches": 0, "covered_branches": 0, "missing_branches": 0}, "missing_lines": [], "excluded_lines": [], "executed_branches": [], "missing_branches": []}}}, "scripts\\ai\\ai_cli.py": {"executed_lines": [], "summary": {"covered_lines": 0, "num_statements": 42, "percent_covered": 0.0, "percent_covered_display": "0", "missing_lines": 42, "excluded_lines": 0, "num_branches": 14, "num_partial_branches": 0, "covered_branches": 0, "missing_branches": 14}, "missing_lines": [9, 10, 11, 13, 14, 16, 19, 27, 31, 34, 35, 36, 37, 40, 41, 42, 45, 46, 47, 48, 51, 52, 54, 56, 57, 58, 60, 62, 63, 64, 66, 67, 68, 70, 71, 72, 73, 74, 76, 77, 80, 81], "excluded_lines": [], "executed_branches": [], "missing_branches": [[56, 57], [56, 60], [62, 63], [62, 66], [66, 67], [66, 70], [70, -19], [70, 71], [73, 74], [73, 76], [76, -19], [76, 77], [80, -2], [80, 81]], "functions": {"cli": {"executed_lines": [], "summary": {"covered_lines": 0, "num_statements": 33, "percent_covered": 0.0, "percent_covered_display": "0", "missing_lines": 33, "excluded_lines": 0, "num_branches": 12, "num_partial_branches": 0, "covered_branches": 0, "missing_branches": 12}, "missing_lines": [27, 31, 34, 35, 36, 37, 40, 41, 42, 45, 46, 47, 48, 51, 52, 54, 56, 57, 58, 60, 62, 63, 64, 66, 67, 68, 70, 71, 72, 73, 74, 76, 77], "excluded_lines": [], "executed_branches": [], "missing_branches": [[56, 57], [56, 60], [62, 63], [62, 66], [66, 67], [66, 70], [70, -19], [70, 71], [73, 74], [73, 76], [76, -19], [76, 77]]}, "": {"executed_lines": [], "summary": {"covered_lines": 0, "num_statements": 9, "percent_covered": 0.0, "percent_covered_display": "0", "missing_lines": 9, "excluded_lines": 0, "num_branches": 2, "num_partial_branches": 0, "covered_branches": 0, "missing_branches": 2}, "missing_lines": [9, 10, 11, 13, 14, 16, 19, 80, 81], "excluded_lines": [], "executed_branches": [], "missing_branches": [[80, -2], [80, 81]]}}, "classes": {"": {"executed_lines": [], "summary": {"covered_lines": 0, "num_statements": 42, "percent_covered": 0.0, "percent_covered_display": "0", "missing_lines": 42, "excluded_lines": 0, "num_branches": 14, "num_partial_branches": 0, "covered_branches": 0, "missing_branches": 14}, "missing_lines": [9, 10, 11, 13, 14, 16, 19, 27, 31, 34, 35, 36, 37, 40, 41, 42, 45, 46, 47, 48, 51, 52, 54, 56, 57, 58, 60, 62, 63, 64, 66, 67, 68, 70, 71, 72, 73, 74, 76, 77, 80, 81], "excluded_lines": [], "executed_branches": [], "missing_branches": [[56, 57], [56, 60], [62, 63], [62, 66], [66, 67], [66, 70], [70, -19], [70, 71], [73, 74], [73, 76], [76, -19], [76, 77], [80, -2], [80, 81]]}}}, "scripts\\ai\\ai_summarizer.py": {"executed_lines": [1, 15, 16, 17, 18, 19, 21, 24, 25, 32, 37, 38, 39, 42, 44, 55, 56, 57, 60, 61, 68, 80, 83, 85, 86, 87, 88, 89, 96, 108, 109, 110, 112, 115, 116, 118, 119, 120, 121], "summary": {"covered_lines": 37, "num_statements": 46, "percent_covered": 81.25, "percent_covered_display": "81", "missing_lines": 9, "excluded_lines": 0, "num_branches": 2, "num_partial_branches": 0, "covered_branches": 2, "missing_branches": 0}, "missing_lines": [64, 65, 66, 92, 93, 94, 124, 125, 126], "excluded_lines": [], "executed_branches": [[108, 109], [108, 112]], "missing_branches": [], "functions": {"AISummarizer.__init__": {"executed_lines": [37, 38, 39, 42], "summary": {"covered_lines": 4, "num_statements": 4, "percent_covered": 100.0, "percent_covered_display": "100", "missing_lines": 0, "excluded_lines": 0, "num_branches": 0, "num_partial_branches": 0, "covered_branches": 0, "missing_branches": 0}, "missing_lines": [], "excluded_lines": [], "executed_branches": [], "missing_branches": []}, "AISummarizer._fallback_summary": {"executed_lines": [55, 56, 57, 60, 61], "summary": {"covered_lines": 5, "num_statements": 8, "percent_covered": 62.5, "percent_covered_display": "62", "missing_lines": 3, "excluded_lines": 0, "num_branches": 0, "num_partial_branches": 0, "covered_branches": 0, "missing_branches": 0}, "missing_lines": [64, 65, 66], "excluded_lines": [], "executed_branches": [], "missing_branches": []}, "AISummarizer.summarize_entry": {"executed_lines": [80, 83, 85, 86, 87, 88, 89], "summary": {"covered_lines": 7, "num_statements": 10, "percent_covered": 70.0, "percent_covered_display": "70", "missing_lines": 3, "excluded_lines": 0, "num_branches": 0, "num_partial_branches": 0, "covered_branches": 0, "missing_branches": 0}, "missing_lines": [92, 93, 94], "excluded_lines": [], "executed_branches": [], "missing_branches": []}, "AISummarizer.summarize_entries_bulk": {"executed_lines": [108, 109, 110, 112, 115, 116, 118, 119, 120, 121], "summary": {"covered_lines": 10, "num_statements": 13, "percent_covered": 80.0, "percent_covered_display": "80", "missing_lines": 3, "excluded_lines": 0, "num_branches": 2, "num_partial_branches": 0, "covered_branches": 2, "missing_branches": 0}, "missing_lines": [124, 125, 126], "excluded_lines": [], "executed_branches": [[108, 109], [108, 112]], "missing_branches": []}, "": {"executed_lines": [1, 15, 16, 17, 18, 19, 21, 24, 25, 32, 44, 68, 96], "summary": {"covered_lines": 11, "num_statements": 11, "percent_covered": 100.0, "percent_covered_display": "100", "missing_lines": 0, "excluded_lines": 0, "num_branches": 0, "num_partial_branches": 0, "covered_branches": 0, "missing_branches": 0}, "missing_lines": [], "excluded_lines": [], "executed_branches": [], "missing_branches": []}}, "classes": {"AISummarizer": {"executed_lines": [37, 38, 39, 42, 55, 56, 57, 60, 61, 80, 83, 85, 86, 87, 88, 89, 108, 109, 110, 112, 115, 116, 118, 119, 120, 121], "summary": {"covered_lines": 26, "num_statements": 35, "percent_covered": 75.67567567567568, "percent_covered_display": "76", "missing_lines": 9, "excluded_lines": 0, "num_branches": 2, "num_partial_branches": 0, "covered_branches": 2, "missing_branches": 0}, "missing_lines": [64, 65, 66, 92, 93, 94, 124, 125, 126], "excluded_lines": [], "executed_branches": [[108, 109], [108, 112]], "missing_branches": []}, "": {"executed_lines": [1, 15, 16, 17, 18, 19, 21, 24, 25, 32, 44, 68, 96], "summary": {"covered_lines": 11, "num_statements": 11, "percent_covered": 100.0, "percent_covered_display": "100", "missing_lines": 0, "excluded_lines": 0, "num_branches": 0, "num_partial_branches": 0, "covered_branches": 0, "missing_branches": 0}, "missing_lines": [], "excluded_lines": [], "executed_branches": [], "missing_branches": []}}}, "scripts\\ai\\chat_refactor.py": {"executed_lines": [1, 7, 8, 9, 10, 13, 23, 24, 27, 39, 45, 46, 47, 48, 49, 50, 51, 52, 53, 55, 65, 68], "summary": {"covered_lines": 21, "num_statements": 40, "percent_covered": 50.0, "percent_covered_display": "50", "missing_lines": 19, "excluded_lines": 0, "num_branches": 8, "num_partial_branches": 1, "covered_branches": 3, "missing_branches": 5}, "missing_lines": [69, 71, 72, 73, 75, 76, 77, 79, 80, 81, 82, 84, 85, 86, 87, 89, 90, 91, 92], "excluded_lines": [], "executed_branches": [[46, 47], [46, 55], [68, -1]], "missing_branches": [[68, 69], [71, 72], [71, 75], [86, 87], [86, 89]], "functions": {"load_report": {"executed_lines": [23, 24], "summary": {"covered_lines": 2, "num_statements": 2, "percent_covered": 100.0, "percent_covered_display": "100", "missing_lines": 0, "excluded_lines": 0, "num_branches": 0, "num_partial_branches": 0, "covered_branches": 0, "missing_branches": 0}, "missing_lines": [], "excluded_lines": [], "executed_branches": [], "missing_branches": []}, "build_contextual_prompt": {"executed_lines": [39, 45, 46, 47, 48, 49, 50, 51, 52, 53, 55, 65], "summary": {"covered_lines": 12, "num_statements": 12, "percent_covered": 100.0, "percent_covered_display": "100", "missing_lines": 0, "excluded_lines": 0, "num_branches": 2, "num_partial_branches": 0, "covered_branches": 2, "missing_branches": 0}, "missing_lines": [], "excluded_lines": [], "executed_branches": [[46, 47], [46, 55]], "missing_branches": []}, "": {"executed_lines": [1, 7, 8, 9, 10, 13, 27, 68], "summary": {"covered_lines": 7, "num_statements": 26, "percent_covered": 25.0, "percent_covered_display": "25", "missing_lines": 19, "excluded_lines": 0, "num_branches": 6, "num_partial_branches": 1, "covered_branches": 1, "missing_branches": 5}, "missing_lines": [69, 71, 72, 73, 75, 76, 77, 79, 80, 81, 82, 84, 85, 86, 87, 89, 90, 91, 92], "excluded_lines": [], "executed_branches": [[68, -1]], "missing_branches": [[68, 69], [71, 72], [71, 75], [86, 87], [86, 89]]}}, "classes": {"": {"executed_lines": [1, 7, 8, 9, 10, 13, 23, 24, 27, 39, 45, 46, 47, 48, 49, 50, 51, 52, 53, 55, 65, 68], "summary": {"covered_lines": 21, "num_statements": 40, "percent_covered": 50.0, "percent_covered_display": "50", "missing_lines": 19, "excluded_lines": 0, "num_branches": 8, "num_partial_branches": 1, "covered_branches": 3, "missing_branches": 5}, "missing_lines": [69, 71, 72, 73, 75, 76, 77, 79, 80, 81, 82, 84, 85, 86, 87, 89, 90, 91, 92], "excluded_lines": [], "executed_branches": [[46, 47], [46, 55], [68, -1]], "missing_branches": [[68, 69], [71, 72], [71, 75], [86, 87], [86, 89]]}}}, "scripts\\ai\\llm_refactor_advisor.py": {"executed_lines": [1, 8, 9, 10, 11, 12, 15, 25, 26, 29, 40, 41, 42, 43, 44, 45, 46, 47, 50, 52, 54, 56, 57, 60, 72, 73, 74, 75, 76, 79], "summary": {"covered_lines": 29, "num_statements": 42, "percent_covered": 69.23076923076923, "percent_covered_display": "69", "missing_lines": 13, "excluded_lines": 0, "num_branches": 10, "num_partial_branches": 1, "covered_branches": 7, "missing_branches": 3}, "missing_lines": [80, 81, 82, 84, 85, 86, 87, 89, 90, 92, 93, 94, 95], "excluded_lines": [], "executed_branches": [[41, 42], [41, 57], [50, 52], [50, 54], [74, 75], [74, 76], [79, -1]], "missing_branches": [[79, 80], [80, 81], [80, 84]], "functions": {"load_audit": {"executed_lines": [25, 26], "summary": {"covered_lines": 2, "num_statements": 2, "percent_covered": 100.0, "percent_covered_display": "100", "missing_lines": 0, "excluded_lines": 0, "num_branches": 0, "num_partial_branches": 0, "covered_branches": 0, "missing_branches": 0}, "missing_lines": [], "excluded_lines": [], "executed_branches": [], "missing_branches": []}, "extract_top_offenders": {"executed_lines": [40, 41, 42, 43, 44, 45, 46, 47, 50, 52, 54, 56, 57], "summary": {"covered_lines": 13, "num_statements": 13, "percent_covered": 100.0, "percent_covered_display": "100", "missing_lines": 0, "excluded_lines": 0, "num_branches": 4, "num_partial_branches": 0, "covered_branches": 4, "missing_branches": 0}, "missing_lines": [], "excluded_lines": [], "executed_branches": [[41, 42], [41, 57], [50, 52], [50, 54]], "missing_branches": []}, "build_refactor_prompt": {"executed_lines": [72, 73, 74, 75, 76], "summary": {"covered_lines": 5, "num_statements": 5, "percent_covered": 100.0, "percent_covered_display": "100", "missing_lines": 0, "excluded_lines": 0, "num_branches": 2, "num_partial_branches": 0, "covered_branches": 2, "missing_branches": 0}, "missing_lines": [], "excluded_lines": [], "executed_branches": [[74, 75], [74, 76]], "missing_branches": []}, "": {"executed_lines": [1, 8, 9, 10, 11, 12, 15, 29, 60, 79], "summary": {"covered_lines": 9, "num_statements": 22, "percent_covered": 38.46153846153846, "percent_covered_display": "38", "missing_lines": 13, "excluded_lines": 0, "num_branches": 4, "num_partial_branches": 1, "covered_branches": 1, "missing_branches": 3}, "missing_lines": [80, 81, 82, 84, 85, 86, 87, 89, 90, 92, 93, 94, 95], "excluded_lines": [], "executed_branches": [[79, -1]], "missing_branches": [[79, 80], [80, 81], [80, 84]]}}, "classes": {"": {"executed_lines": [1, 8, 9, 10, 11, 12, 15, 25, 26, 29, 40, 41, 42, 43, 44, 45, 46, 47, 50, 52, 54, 56, 57, 60, 72, 73, 74, 75, 76, 79], "summary": {"covered_lines": 29, "num_statements": 42, "percent_covered": 69.23076923076923, "percent_covered_display": "69", "missing_lines": 13, "excluded_lines": 0, "num_branches": 10, "num_partial_branches": 1, "covered_branches": 7, "missing_branches": 3}, "missing_lines": [80, 81, 82, 84, 85, 86, 87, 89, 90, 92, 93, 94, 95], "excluded_lines": [], "executed_branches": [[41, 42], [41, 57], [50, 52], [50, 54], [74, 75], [74, 76], [79, -1]], "missing_branches": [[79, 80], [80, 81], [80, 84]]}}}, "scripts\\ai\\llm_router.py": {"executed_lines": [1, 7, 9, 21, 22, 24, 35, 41], "summary": {"covered_lines": 7, "num_statements": 7, "percent_covered": 100.0, "percent_covered_display": "100", "missing_lines": 0, "excluded_lines": 0, "num_branches": 0, "num_partial_branches": 0, "covered_branches": 0, "missing_branches": 0}, "missing_lines": [], "excluded_lines": [], "executed_branches": [], "missing_branches": [], "functions": {"get_prompt_template": {"executed_lines": [21, 22], "summary": {"covered_lines": 2, "num_statements": 2, "percent_covered": 100.0, "percent_covered_display": "100", "missing_lines": 0, "excluded_lines": 0, "num_branches": 0, "num_partial_branches": 0, "covered_branches": 0, "missing_branches": 0}, "missing_lines": [], "excluded_lines": [], "executed_branches": [], "missing_branches": []}, "apply_persona": {"executed_lines": [35, 41], "summary": {"covered_lines": 2, "num_statements": 2, "percent_covered": 100.0, "percent_covered_display": "100", "missing_lines": 0, "excluded_lines": 0, "num_branches": 0, "num_partial_branches": 0, "covered_branches": 0, "missing_branches": 0}, "missing_lines": [], "excluded_lines": [], "executed_branches": [], "missing_branches": []}, "": {"executed_lines": [1, 7, 9, 24], "summary": {"covered_lines": 3, "num_statements": 3, "percent_covered": 100.0, "percent_covered_display": "100", "missing_lines": 0, "excluded_lines": 0, "num_branches": 0, "num_partial_branches": 0, "covered_branches": 0, "missing_branches": 0}, "missing_lines": [], "excluded_lines": [], "executed_branches": [], "missing_branches": []}}, "classes": {"": {"executed_lines": [1, 7, 9, 21, 22, 24, 35, 41], "summary": {"covered_lines": 7, "num_statements": 7, "percent_covered": 100.0, "percent_covered_display": "100", "missing_lines": 0, "excluded_lines": 0, "num_branches": 0, "num_partial_branches": 0, "covered_branches": 0, "missing_branches": 0}, "missing_lines": [], "excluded_lines": [], "executed_branches": [], "missing_branches": []}}}, "scripts\\ai\\module_docstring_summarizer.py": {"executed_lines": [1, 2, 3, 5, 6, 7, 10, 11, 12, 14, 15, 16, 17, 18, 19, 20, 21, 22, 23, 26, 27, 28, 29, 31, 32, 34, 35, 37, 38, 39, 40, 41, 43, 49, 50, 53], "summary": {"covered_lines": 36, "num_statements": 47, "percent_covered": 77.77777777777777, "percent_covered_display": "78", "missing_lines": 11, "excluded_lines": 0, "num_branches": 16, "num_partial_branches": 3, "covered_branches": 13, "missing_branches": 3}, "missing_lines": [36, 44, 45, 46, 47, 54, 55, 56, 57, 58, 59], "excluded_lines": [], "executed_branches": [[11, 12], [11, 14], [15, 16], [15, 19], [34, 35], [34, 43], [35, 37], [38, 39], [38, 40], [43, 49], [49, -26], [49, 50], [53, -1]], "missing_branches": [[35, 36], [43, 44], [53, 54]], "functions": {"summarize_module": {"executed_lines": [11, 12, 14, 15, 16, 17, 18, 19, 20, 21, 22, 23], "summary": {"covered_lines": 12, "num_statements": 12, "percent_covered": 100.0, "percent_covered_display": "100", "missing_lines": 0, "excluded_lines": 0, "num_branches": 4, "num_partial_branches": 0, "covered_branches": 4, "missing_branches": 0}, "missing_lines": [], "excluded_lines": [], "executed_branches": [[11, 12], [11, 14], [15, 16], [15, 19]], "missing_branches": []}, "run": {"executed_lines": [27, 28, 29, 31, 32, 34, 35, 37, 38, 39, 40, 41, 43, 49, 50], "summary": {"covered_lines": 15, "num_statements": 20, "percent_covered": 76.66666666666667, "percent_covered_display": "77", "missing_lines": 5, "excluded_lines": 0, "num_branches": 10, "num_partial_branches": 2, "covered_branches": 8, "missing_branches": 2}, "missing_lines": [36, 44, 45, 46, 47], "excluded_lines": [], "executed_branches": [[34, 35], [34, 43], [35, 37], [38, 39], [38, 40], [43, 49], [49, -26], [49, 50]], "missing_branches": [[35, 36], [43, 44]]}, "": {"executed_lines": [1, 2, 3, 5, 6, 7, 10, 26, 53], "summary": {"covered_lines": 9, "num_statements": 15, "percent_covered": 58.8235294117647, "percent_covered_display": "59", "missing_lines": 6, "excluded_lines": 0, "num_branches": 2, "num_partial_branches": 1, "covered_branches": 1, "missing_branches": 1}, "missing_lines": [54, 55, 56, 57, 58, 59], "excluded_lines": [], "executed_branches": [[53, -1]], "missing_branches": [[53, 54]]}}, "classes": {"": {"executed_lines": [1, 2, 3, 5, 6, 7, 10, 11, 12, 14, 15, 16, 17, 18, 19, 20, 21, 22, 23, 26, 27, 28, 29, 31, 32, 34, 35, 37, 38, 39, 40, 41, 43, 49, 50, 53], "summary": {"covered_lines": 36, "num_statements": 47, "percent_covered": 77.77777777777777, "percent_covered_display": "78", "missing_lines": 11, "excluded_lines": 0, "num_branches": 16, "num_partial_branches": 3, "covered_branches": 13, "missing_branches": 3}, "missing_lines": [36, 44, 45, 46, 47, 54, 55, 56, 57, 58, 59], "excluded_lines": [], "executed_branches": [[11, 12], [11, 14], [15, 16], [15, 19], [34, 35], [34, 43], [35, 37], [38, 39], [38, 40], [43, 49], [49, -26], [49, 50], [53, -1]], "missing_branches": [[35, 36], [43, 44], [53, 54]]}}}, "scripts\\ci_analyzer\\__init__.py": {"executed_lines": [], "summary": {"covered_lines": 0, "num_statements": 0, "percent_covered": 100.0, "percent_covered_display": "100", "missing_lines": 0, "excluded_lines": 0, "num_branches": 0, "num_partial_branches": 0, "covered_branches": 0, "missing_branches": 0}, "missing_lines": [], "excluded_lines": [], "executed_branches": [], "missing_branches": [], "functions": {"": {"executed_lines": [], "summary": {"covered_lines": 0, "num_statements": 0, "percent_covered": 100.0, "percent_covered_display": "100", "missing_lines": 0, "excluded_lines": 0, "num_branches": 0, "num_partial_branches": 0, "covered_branches": 0, "missing_branches": 0}, "missing_lines": [], "excluded_lines": [], "executed_branches": [], "missing_branches": []}}, "classes": {"": {"executed_lines": [], "summary": {"covered_lines": 0, "num_statements": 0, "percent_covered": 100.0, "percent_covered_display": "100", "missing_lines": 0, "excluded_lines": 0, "num_branches": 0, "num_partial_branches": 0, "covered_branches": 0, "missing_branches": 0}, "missing_lines": [], "excluded_lines": [], "executed_branches": [], "missing_branches": []}}}, "scripts\\ci_analyzer\\drilldown.py": {"executed_lines": [1, 8, 20, 21, 23, 24, 25, 28, 29, 30, 31, 32, 35, 36, 37, 38, 39, 40, 43, 44, 45, 46, 47, 48, 49, 50, 53, 54, 55, 56, 57, 58, 59, 60, 61, 63, 65], "summary": {"covered_lines": 36, "num_statements": 36, "percent_covered": 100.0, "percent_covered_display": "100", "missing_lines": 0, "excluded_lines": 0, "num_branches": 22, "num_partial_branches": 0, "covered_branches": 22, "missing_branches": 0}, "missing_lines": [], "excluded_lines": [], "executed_branches": [[23, 24], [23, 65], [29, 30], [29, 35], [31, 32], [31, 35], [36, 37], [36, 43], [38, 39], [38, 43], [39, 38], [39, 40], [44, 45], [44, 53], [46, 47], [46, 53], [49, 46], [49, 50], [54, 55], [54, 63], [56, 57], [56, 63]], "missing_branches": [], "functions": {"generate_top_offender_drilldowns": {"executed_lines": [20, 21, 23, 24, 25, 28, 29, 30, 31, 32, 35, 36, 37, 38, 39, 40, 43, 44, 45, 46, 47, 48, 49, 50, 53, 54, 55, 56, 57, 58, 59, 60, 61, 63, 65], "summary": {"covered_lines": 35, "num_statements": 35, "percent_covered": 100.0, "percent_covered_display": "100", "missing_lines": 0, "excluded_lines": 0, "num_branches": 22, "num_partial_branches": 0, "covered_branches": 22, "missing_branches": 0}, "missing_lines": [], "excluded_lines": [], "executed_branches": [[23, 24], [23, 65], [29, 30], [29, 35], [31, 32], [31, 35], [36, 37], [36, 43], [38, 39], [38, 43], [39, 38], [39, 40], [44, 45], [44, 53], [46, 47], [46, 53], [49, 46], [49, 50], [54, 55], [54, 63], [56, 57], [56, 63]], "missing_branches": []}, "": {"executed_lines": [1, 8], "summary": {"covered_lines": 1, "num_statements": 1, "percent_covered": 100.0, "percent_covered_display": "100", "missing_lines": 0, "excluded_lines": 0, "num_branches": 0, "num_partial_branches": 0, "covered_branches": 0, "missing_branches": 0}, "missing_lines": [], "excluded_lines": [], "executed_branches": [], "missing_branches": []}}, "classes": {"": {"executed_lines": [1, 8, 20, 21, 23, 24, 25, 28, 29, 30, 31, 32, 35, 36, 37, 38, 39, 40, 43, 44, 45, 46, 47, 48, 49, 50, 53, 54, 55, 56, 57, 58, 59, 60, 61, 63, 65], "summary": {"covered_lines": 36, "num_statements": 36, "percent_covered": 100.0, "percent_covered_display": "100", "missing_lines": 0, "excluded_lines": 0, "num_branches": 22, "num_partial_branches": 0, "covered_branches": 22, "missing_branches": 0}, "missing_lines": [], "excluded_lines": [], "executed_branches": [[23, 24], [23, 65], [29, 30], [29, 35], [31, 32], [31, 35], [36, 37], [36, 43], [38, 39], [38, 43], [39, 38], [39, 40], [44, 45], [44, 53], [46, 47], [46, 53], [49, 46], [49, 50], [54, 55], [54, 63], [56, 57], [56, 63]], "missing_branches": []}}}, "scripts\\ci_analyzer\\metrics_summary.py": {"executed_lines": [1, 8, 18, 19, 20, 21, 22, 24, 25, 26, 27, 28, 29, 30, 32, 33, 34, 36, 37, 38, 40], "summary": {"covered_lines": 20, "num_statements": 20, "percent_covered": 100.0, "percent_covered_display": "100", "missing_lines": 0, "excluded_lines": 0, "num_branches": 12, "num_partial_branches": 0, "covered_branches": 12, "missing_branches": 0}, "missing_lines": [], "excluded_lines": [], "executed_branches": [[24, 25], [24, 40], [25, 26], [25, 32], [27, 28], [27, 29], [29, 25], [29, 30], [32, 33], [32, 36], [33, 32], [33, 34]], "missing_branches": [], "functions": {"generate_metrics_summary": {"executed_lines": [18, 19, 20, 21, 22, 24, 25, 26, 27, 28, 29, 30, 32, 33, 34, 36, 37, 38, 40], "summary": {"covered_lines": 19, "num_statements": 19, "percent_covered": 100.0, "percent_covered_display": "100", "missing_lines": 0, "excluded_lines": 0, "num_branches": 12, "num_partial_branches": 0, "covered_branches": 12, "missing_branches": 0}, "missing_lines": [], "excluded_lines": [], "executed_branches": [[24, 25], [24, 40], [25, 26], [25, 32], [27, 28], [27, 29], [29, 25], [29, 30], [32, 33], [32, 36], [33, 32], [33, 34]], "missing_branches": []}, "": {"executed_lines": [1, 8], "summary": {"covered_lines": 1, "num_statements": 1, "percent_covered": 100.0, "percent_covered_display": "100", "missing_lines": 0, "excluded_lines": 0, "num_branches": 0, "num_partial_branches": 0, "covered_branches": 0, "missing_branches": 0}, "missing_lines": [], "excluded_lines": [], "executed_branches": [], "missing_branches": []}}, "classes": {"": {"executed_lines": [1, 8, 18, 19, 20, 21, 22, 24, 25, 26, 27, 28, 29, 30, 32, 33, 34, 36, 37, 38, 40], "summary": {"covered_lines": 20, "num_statements": 20, "percent_covered": 100.0, "percent_covered_display": "100", "missing_lines": 0, "excluded_lines": 0, "num_branches": 12, "num_partial_branches": 0, "covered_branches": 12, "missing_branches": 0}, "missing_lines": [], "excluded_lines": [], "executed_branches": [[24, 25], [24, 40], [25, 26], [25, 32], [27, 28], [27, 29], [29, 25], [29, 30], [32, 33], [32, 36], [33, 32], [33, 34]], "missing_branches": []}}}, "scripts\\ci_analyzer\\severity_audit.py": {"executed_lines": [1, 7, 8, 9, 10, 12, 13, 14, 15, 18, 28, 29, 30, 31, 33, 36, 47, 48, 51, 54, 55, 56, 57, 59, 60, 61, 62, 64, 69, 70, 71, 73, 74, 75, 77, 93, 103, 104, 105, 108, 109, 110, 112, 113, 114, 115, 116, 121, 124, 131, 132, 133, 134, 135, 137, 138, 140, 142, 149, 150, 151, 154], "summary": {"covered_lines": 61, "num_statements": 62, "percent_covered": 97.29729729729729, "percent_covered_display": "97", "missing_lines": 1, "excluded_lines": 0, "num_branches": 12, "num_partial_branches": 1, "covered_branches": 11, "missing_branches": 1}, "missing_lines": [155], "excluded_lines": [], "executed_branches": [[28, 29], [28, 30], [30, 31], [30, 33], [59, 60], [59, 73], [108, 109], [108, 112], [113, 114], [113, 121], [154, -1]], "missing_branches": [[154, 155]], "functions": {"format_priority": {"executed_lines": [28, 29, 30, 31, 33], "summary": {"covered_lines": 5, "num_statements": 5, "percent_covered": 100.0, "percent_covered_display": "100", "missing_lines": 0, "excluded_lines": 0, "num_branches": 4, "num_partial_branches": 0, "covered_branches": 4, "missing_branches": 0}, "missing_lines": [], "excluded_lines": [], "executed_branches": [[28, 29], [28, 30], [30, 31], [30, 33]], "missing_branches": []}, "generate_header_block": {"executed_lines": [47, 48, 51, 54, 55, 56, 57, 59, 60, 61, 62, 64, 69, 70, 71, 73, 74, 75, 77], "summary": {"covered_lines": 19, "num_statements": 19, "percent_covered": 100.0, "percent_covered_display": "100", "missing_lines": 0, "excluded_lines": 0, "num_branches": 2, "num_partial_branches": 0, "covered_branches": 2, "missing_branches": 0}, "missing_lines": [], "excluded_lines": [], "executed_branches": [[59, 60], [59, 73]], "missing_branches": []}, "generate_severity_table": {"executed_lines": [103, 104, 105, 108, 109, 110, 112, 113, 114, 115, 116, 121], "summary": {"covered_lines": 12, "num_statements": 12, "percent_covered": 100.0, "percent_covered_display": "100", "missing_lines": 0, "excluded_lines": 0, "num_branches": 4, "num_partial_branches": 0, "covered_branches": 4, "missing_branches": 0}, "missing_lines": [], "excluded_lines": [], "executed_branches": [[108, 109], [108, 112], [113, 114], [113, 121]], "missing_branches": []}, "main": {"executed_lines": [131, 132, 133, 134, 135, 137, 138, 140, 142, 149, 150, 151], "summary": {"covered_lines": 12, "num_statements": 12, "percent_covered": 100.0, "percent_covered_display": "100", "missing_lines": 0, "excluded_lines": 0, "num_branches": 0, "num_partial_branches": 0, "covered_branches": 0, "missing_branches": 0}, "missing_lines": [], "excluded_lines": [], "executed_branches": [], "missing_branches": []}, "": {"executed_lines": [1, 7, 8, 9, 10, 12, 13, 14, 15, 18, 36, 93, 124, 154], "summary": {"covered_lines": 13, "num_statements": 14, "percent_covered": 87.5, "percent_covered_display": "88", "missing_lines": 1, "excluded_lines": 0, "num_branches": 2, "num_partial_branches": 1, "covered_branches": 1, "missing_branches": 1}, "missing_lines": [155], "excluded_lines": [], "executed_branches": [[154, -1]], "missing_branches": [[154, 155]]}}, "classes": {"": {"executed_lines": [1, 7, 8, 9, 10, 12, 13, 14, 15, 18, 28, 29, 30, 31, 33, 36, 47, 48, 51, 54, 55, 56, 57, 59, 60, 61, 62, 64, 69, 70, 71, 73, 74, 75, 77, 93, 103, 104, 105, 108, 109, 110, 112, 113, 114, 115, 116, 121, 124, 131, 132, 133, 134, 135, 137, 138, 140, 142, 149, 150, 151, 154], "summary": {"covered_lines": 61, "num_statements": 62, "percent_covered": 97.29729729729729, "percent_covered_display": "97", "missing_lines": 1, "excluded_lines": 0, "num_branches": 12, "num_partial_branches": 1, "covered_branches": 11, "missing_branches": 1}, "missing_lines": [155], "excluded_lines": [], "executed_branches": [[28, 29], [28, 30], [30, 31], [30, 33], [59, 60], [59, 73], [108, 109], [108, 112], [113, 114], [113, 121], [154, -1]], "missing_branches": [[154, 155]]}}}, "scripts\\ci_analyzer\\severity_index.py": {"executed_lines": [1, 8, 9, 11, 22, 23, 24, 25, 27, 28, 30, 31, 33, 34, 36, 43, 52, 62, 65, 66, 70, 71], "summary": {"covered_lines": 21, "num_statements": 21, "percent_covered": 100.0, "percent_covered_display": "100", "missing_lines": 0, "excluded_lines": 0, "num_branches": 2, "num_partial_branches": 0, "covered_branches": 2, "missing_branches": 0}, "missing_lines": [], "excluded_lines": [], "executed_branches": [[65, 66], [65, 70]], "missing_branches": [], "functions": {"compute_severity": {"executed_lines": [22, 23, 24, 25, 27, 28, 30, 31, 33, 34, 36, 43], "summary": {"covered_lines": 12, "num_statements": 12, "percent_covered": 100.0, "percent_covered_display": "100", "missing_lines": 0, "excluded_lines": 0, "num_branches": 0, "num_partial_branches": 0, "covered_branches": 0, "missing_branches": 0}, "missing_lines": [], "excluded_lines": [], "executed_branches": [], "missing_branches": []}, "compute_severity_index": {"executed_lines": [62, 65, 66, 70, 71], "summary": {"covered_lines": 5, "num_statements": 5, "percent_covered": 100.0, "percent_covered_display": "100", "missing_lines": 0, "excluded_lines": 0, "num_branches": 2, "num_partial_branches": 0, "covered_branches": 2, "missing_branches": 0}, "missing_lines": [], "excluded_lines": [], "executed_branches": [[65, 66], [65, 70]], "missing_branches": []}, "": {"executed_lines": [1, 8, 9, 11, 52], "summary": {"covered_lines": 4, "num_statements": 4, "percent_covered": 100.0, "percent_covered_display": "100", "missing_lines": 0, "excluded_lines": 0, "num_branches": 0, "num_partial_branches": 0, "covered_branches": 0, "missing_branches": 0}, "missing_lines": [], "excluded_lines": [], "executed_branches": [], "missing_branches": []}}, "classes": {"": {"executed_lines": [1, 8, 9, 11, 22, 23, 24, 25, 27, 28, 30, 31, 33, 34, 36, 43, 52, 62, 65, 66, 70, 71], "summary": {"covered_lines": 21, "num_statements": 21, "percent_covered": 100.0, "percent_covered_display": "100", "missing_lines": 0, "excluded_lines": 0, "num_branches": 2, "num_partial_branches": 0, "covered_branches": 2, "missing_branches": 0}, "missing_lines": [], "excluded_lines": [], "executed_branches": [[65, 66], [65, 70]], "missing_branches": []}}}, "scripts\\ci_analyzer\\visuals.py": {"executed_lines": [1, 8, 18, 19, 20, 21, 23, 26, 37, 38], "summary": {"covered_lines": 9, "num_statements": 9, "percent_covered": 100.0, "percent_covered_display": "100", "missing_lines": 0, "excluded_lines": 0, "num_branches": 4, "num_partial_branches": 0, "covered_branches": 4, "missing_branches": 0}, "missing_lines": [], "excluded_lines": [], "executed_branches": [[18, 19], [18, 20], [20, 21], [20, 23]], "missing_branches": [], "functions": {"risk_emoji": {"executed_lines": [18, 19, 20, 21, 23], "summary": {"covered_lines": 5, "num_statements": 5, "percent_covered": 100.0, "percent_covered_display": "100", "missing_lines": 0, "excluded_lines": 0, "num_branches": 4, "num_partial_branches": 0, "covered_branches": 4, "missing_branches": 0}, "missing_lines": [], "excluded_lines": [], "executed_branches": [[18, 19], [18, 20], [20, 21], [20, 23]], "missing_branches": []}, "render_bar": {"executed_lines": [37, 38], "summary": {"covered_lines": 2, "num_statements": 2, "percent_covered": 100.0, "percent_covered_display": "100", "missing_lines": 0, "excluded_lines": 0, "num_branches": 0, "num_partial_branches": 0, "covered_branches": 0, "missing_branches": 0}, "missing_lines": [], "excluded_lines": [], "executed_branches": [], "missing_branches": []}, "": {"executed_lines": [1, 8, 26], "summary": {"covered_lines": 2, "num_statements": 2, "percent_covered": 100.0, "percent_covered_display": "100", "missing_lines": 0, "excluded_lines": 0, "num_branches": 0, "num_partial_branches": 0, "covered_branches": 0, "missing_branches": 0}, "missing_lines": [], "excluded_lines": [], "executed_branches": [], "missing_branches": []}}, "classes": {"": {"executed_lines": [1, 8, 18, 19, 20, 21, 23, 26, 37, 38], "summary": {"covered_lines": 9, "num_statements": 9, "percent_covered": 100.0, "percent_covered_display": "100", "missing_lines": 0, "excluded_lines": 0, "num_branches": 4, "num_partial_branches": 0, "covered_branches": 4, "missing_branches": 0}, "missing_lines": [], "excluded_lines": [], "executed_branches": [[18, 19], [18, 20], [20, 21], [20, 23]], "missing_branches": []}}}, "scripts\\config\\__init__.py": {"executed_lines": [1], "summary": {"covered_lines": 0, "num_statements": 0, "percent_covered": 100.0, "percent_covered_display": "100", "missing_lines": 0, "excluded_lines": 0, "num_branches": 0, "num_partial_branches": 0, "covered_branches": 0, "missing_branches": 0}, "missing_lines": [], "excluded_lines": [], "executed_branches": [], "missing_branches": [], "functions": {"": {"executed_lines": [1], "summary": {"covered_lines": 0, "num_statements": 0, "percent_covered": 100.0, "percent_covered_display": "100", "missing_lines": 0, "excluded_lines": 0, "num_branches": 0, "num_partial_branches": 0, "covered_branches": 0, "missing_branches": 0}, "missing_lines": [], "excluded_lines": [], "executed_branches": [], "missing_branches": []}}, "classes": {"": {"executed_lines": [1], "summary": {"covered_lines": 0, "num_statements": 0, "percent_covered": 100.0, "percent_covered_display": "100", "missing_lines": 0, "excluded_lines": 0, "num_branches": 0, "num_partial_branches": 0, "covered_branches": 0, "missing_branches": 0}, "missing_lines": [], "excluded_lines": [], "executed_branches": [], "missing_branches": []}}}, "scripts\\config\\config_loader.py": {"executed_lines": [1, 2, 3, 4, 7, 10, 22, 23, 24, 29, 32, 35, 36, 37, 40, 56, 57, 58, 60, 61, 62, 63, 64, 66, 67, 68, 70, 72, 82, 99, 100, 101, 102, 105, 118, 119, 125, 143, 159, 160, 161, 162, 166, 167, 170, 172, 173, 174, 178, 181], "summary": {"covered_lines": 50, "num_statements": 69, "percent_covered": 71.60493827160494, "percent_covered_display": "72", "missing_lines": 19, "excluded_lines": 0, "num_branches": 12, "num_partial_branches": 2, "covered_branches": 8, "missing_branches": 4}, "missing_lines": [74, 75, 76, 77, 78, 79, 120, 121, 122, 138, 139, 140, 175, 176, 182, 183, 184, 187, 188], "excluded_lines": [], "executed_branches": [[56, 57], [56, 60], [66, 67], [66, 70], [99, 100], [99, 102], [161, 162], [181, -1]], "missing_branches": [[138, 139], [138, 140], [161, 178], [181, 182]], "functions": {"setup_logging": {"executed_lines": [22, 23, 24, 29], "summary": {"covered_lines": 4, "num_statements": 4, "percent_covered": 100.0, "percent_covered_display": "100", "missing_lines": 0, "excluded_lines": 0, "num_branches": 0, "num_partial_branches": 0, "covered_branches": 0, "missing_branches": 0}, "missing_lines": [], "excluded_lines": [], "executed_branches": [], "missing_branches": []}, "load_config": {"executed_lines": [56, 57, 58, 60, 61, 62, 63, 64, 66, 67, 68, 70, 72], "summary": {"covered_lines": 13, "num_statements": 19, "percent_covered": 73.91304347826087, "percent_covered_display": "74", "missing_lines": 6, "excluded_lines": 0, "num_branches": 4, "num_partial_branches": 0, "covered_branches": 4, "missing_branches": 0}, "missing_lines": [74, 75, 76, 77, 78, 79], "excluded_lines": [], "executed_branches": [[56, 57], [56, 60], [66, 67], [66, 70]], "missing_branches": []}, "get_config_value": {"executed_lines": [99, 100, 101, 102], "summary": {"covered_lines": 4, "num_statements": 4, "percent_covered": 100.0, "percent_covered_display": "100", "missing_lines": 0, "excluded_lines": 0, "num_branches": 2, "num_partial_branches": 0, "covered_branches": 2, "missing_branches": 0}, "missing_lines": [], "excluded_lines": [], "executed_branches": [[99, 100], [99, 102]], "missing_branches": []}, "get_absolute_path": {"executed_lines": [118, 119], "summary": {"covered_lines": 2, "num_statements": 5, "percent_covered": 40.0, "percent_covered_display": "40", "missing_lines": 3, "excluded_lines": 0, "num_branches": 0, "num_partial_branches": 0, "covered_branches": 0, "missing_branches": 0}, "missing_lines": [120, 121, 122], "excluded_lines": [], "executed_branches": [], "missing_branches": []}, "is_test_mode": {"executed_lines": [], "summary": {"covered_lines": 0, "num_statements": 3, "percent_covered": 0.0, "percent_covered_display": "0", "missing_lines": 3, "excluded_lines": 0, "num_branches": 2, "num_partial_branches": 0, "covered_branches": 0, "missing_branches": 2}, "missing_lines": [138, 139, 140], "excluded_lines": [], "executed_branches": [], "missing_branches": [[138, 139], [138, 140]]}, "get_effective_config": {"executed_lines": [159, 160, 161, 162, 166, 167, 170, 172, 173, 174, 178], "summary": {"covered_lines": 11, "num_statements": 13, "percent_covered": 80.0, "percent_covered_display": "80", "missing_lines": 2, "excluded_lines": 0, "num_branches": 2, "num_partial_branches": 1, "covered_branches": 1, "missing_branches": 1}, "missing_lines": [175, 176], "excluded_lines": [], "executed_branches": [[161, 162]], "missing_branches": [[161, 178]]}, "": {"executed_lines": [1, 2, 3, 4, 7, 10, 32, 35, 36, 37, 40, 82, 105, 125, 143, 181], "summary": {"covered_lines": 16, "num_statements": 21, "percent_covered": 73.91304347826087, "percent_covered_display": "74", "missing_lines": 5, "excluded_lines": 0, "num_branches": 2, "num_partial_branches": 1, "covered_branches": 1, "missing_branches": 1}, "missing_lines": [182, 183, 184, 187, 188], "excluded_lines": [], "executed_branches": [[181, -1]], "missing_branches": [[181, 182]]}}, "classes": {"": {"executed_lines": [1, 2, 3, 4, 7, 10, 22, 23, 24, 29, 32, 35, 36, 37, 40, 56, 57, 58, 60, 61, 62, 63, 64, 66, 67, 68, 70, 72, 82, 99, 100, 101, 102, 105, 118, 119, 125, 143, 159, 160, 161, 162, 166, 167, 170, 172, 173, 174, 178, 181], "summary": {"covered_lines": 50, "num_statements": 69, "percent_covered": 71.60493827160494, "percent_covered_display": "72", "missing_lines": 19, "excluded_lines": 0, "num_branches": 12, "num_partial_branches": 2, "covered_branches": 8, "missing_branches": 4}, "missing_lines": [74, 75, 76, 77, 78, 79, 120, 121, 122, 138, 139, 140, 175, 176, 182, 183, 184, 187, 188], "excluded_lines": [], "executed_branches": [[56, 57], [56, 60], [66, 67], [66, 70], [99, 100], [99, 102], [161, 162], [181, -1]], "missing_branches": [[138, 139], [138, 140], [161, 178], [181, 182]]}}}, "scripts\\config\\config_manager.py": {"executed_lines": [1, 15, 16, 17, 18, 19, 20, 22, 25, 26, 34, 35, 36, 37, 38, 39, 40, 41, 42, 43, 44, 45, 46, 47, 48, 49, 50, 51, 52, 53, 54, 55, 56, 57, 58, 59, 60, 61, 62, 63, 64, 65, 66, 67, 68, 69, 70, 71, 72, 73, 74, 76, 77, 80, 81, 89, 90, 93, 138, 140, 141, 143, 145, 146, 163, 165, 171, 172, 173, 175, 176, 177, 178, 179, 180, 181, 182, 183, 187, 188, 189, 190, 193, 194, 195, 197, 199, 201, 202, 214, 215, 217, 218, 220, 221, 222, 224, 225], "summary": {"covered_lines": 95, "num_statements": 105, "percent_covered": 88.49557522123894, "percent_covered_display": "88", "missing_lines": 10, "excluded_lines": 0, "num_branches": 8, "num_partial_branches": 1, "covered_branches": 5, "missing_branches": 3}, "missing_lines": [184, 185, 191, 192, 234, 235, 240, 241, 242, 243], "excluded_lines": [], "executed_branches": [[165, 171], [165, 197], [171, 172], [171, 175], [183, 187]], "missing_branches": [[183, 184], [241, 242], [241, 243]], "functions": {"ConfigManager._default_config": {"executed_lines": [143], "summary": {"covered_lines": 1, "num_statements": 1, "percent_covered": 100.0, "percent_covered_display": "100", "missing_lines": 0, "excluded_lines": 0, "num_branches": 0, "num_partial_branches": 0, "covered_branches": 0, "missing_branches": 0}, "missing_lines": [], "excluded_lines": [], "executed_branches": [], "missing_branches": []}, "ConfigManager.load_config": {"executed_lines": [163, 165, 171, 172, 173, 175, 176, 177, 178, 179, 180, 181, 182, 183, 187, 188, 189, 190, 193, 194, 195, 197, 199], "summary": {"covered_lines": 23, "num_statements": 27, "percent_covered": 84.84848484848484, "percent_covered_display": "85", "missing_lines": 4, "excluded_lines": 0, "num_branches": 6, "num_partial_branches": 1, "covered_branches": 5, "missing_branches": 1}, "missing_lines": [184, 185, 191, 192], "excluded_lines": [], "executed_branches": [[165, 171], [165, 197], [171, 172], [171, 175], [183, 187]], "missing_branches": [[183, 184]]}, "ConfigManager.get_value": {"executed_lines": [214, 215], "summary": {"covered_lines": 2, "num_statements": 2, "percent_covered": 100.0, "percent_covered_display": "100", "missing_lines": 0, "excluded_lines": 0, "num_branches": 0, "num_partial_branches": 0, "covered_branches": 0, "missing_branches": 0}, "missing_lines": [], "excluded_lines": [], "executed_branches": [], "missing_branches": []}, "ConfigManager.reset": {"executed_lines": [220, 221, 222], "summary": {"covered_lines": 3, "num_statements": 3, "percent_covered": 100.0, "percent_covered_display": "100", "missing_lines": 0, "excluded_lines": 0, "num_branches": 0, "num_partial_branches": 0, "covered_branches": 0, "missing_branches": 0}, "missing_lines": [], "excluded_lines": [], "executed_branches": [], "missing_branches": []}, "ConfigManager.validate_config_paths": {"executed_lines": [], "summary": {"covered_lines": 0, "num_statements": 6, "percent_covered": 0.0, "percent_covered_display": "0", "missing_lines": 6, "excluded_lines": 0, "num_branches": 2, "num_partial_branches": 0, "covered_branches": 0, "missing_branches": 2}, "missing_lines": [234, 235, 240, 241, 242, 243], "excluded_lines": [], "executed_branches": [], "missing_branches": [[241, 242], [241, 243]]}, "": {"executed_lines": [1, 15, 16, 17, 18, 19, 20, 22, 25, 26, 34, 35, 36, 37, 38, 39, 40, 41, 42, 43, 44, 45, 46, 47, 48, 49, 50, 51, 52, 53, 54, 55, 56, 57, 58, 59, 60, 61, 62, 63, 64, 65, 66, 67, 68, 69, 70, 71, 72, 73, 74, 76, 77, 80, 81, 89, 90, 93, 138, 140, 141, 145, 146, 201, 202, 217, 218, 224, 225], "summary": {"covered_lines": 66, "num_statements": 66, "percent_covered": 100.0, "percent_covered_display": "100", "missing_lines": 0, "excluded_lines": 0, "num_branches": 0, "num_partial_branches": 0, "covered_branches": 0, "missing_branches": 0}, "missing_lines": [], "excluded_lines": [], "executed_branches": [], "missing_branches": []}}, "classes": {"AppConfig": {"executed_lines": [], "summary": {"covered_lines": 0, "num_statements": 0, "percent_covered": 100.0, "percent_covered_display": "100", "missing_lines": 0, "excluded_lines": 0, "num_branches": 0, "num_partial_branches": 0, "covered_branches": 0, "missing_branches": 0}, "missing_lines": [], "excluded_lines": [], "executed_branches": [], "missing_branches": []}, "AppConfig.Config": {"executed_lines": [], "summary": {"covered_lines": 0, "num_statements": 0, "percent_covered": 100.0, "percent_covered_display": "100", "missing_lines": 0, "excluded_lines": 0, "num_branches": 0, "num_partial_branches": 0, "covered_branches": 0, "missing_branches": 0}, "missing_lines": [], "excluded_lines": [], "executed_branches": [], "missing_branches": []}, "ConfigManager": {"executed_lines": [143, 163, 165, 171, 172, 173, 175, 176, 177, 178, 179, 180, 181, 182, 183, 187, 188, 189, 190, 193, 194, 195, 197, 199, 214, 215, 220, 221, 222], "summary": {"covered_lines": 29, "num_statements": 39, "percent_covered": 72.34042553191489, "percent_covered_display": "72", "missing_lines": 10, "excluded_lines": 0, "num_branches": 8, "num_partial_branches": 1, "covered_branches": 5, "missing_branches": 3}, "missing_lines": [184, 185, 191, 192, 234, 235, 240, 241, 242, 243], "excluded_lines": [], "executed_branches": [[165, 171], [165, 197], [171, 172], [171, 175], [183, 187]], "missing_branches": [[183, 184], [241, 242], [241, 243]]}, "": {"executed_lines": [1, 15, 16, 17, 18, 19, 20, 22, 25, 26, 34, 35, 36, 37, 38, 39, 40, 41, 42, 43, 44, 45, 46, 47, 48, 49, 50, 51, 52, 53, 54, 55, 56, 57, 58, 59, 60, 61, 62, 63, 64, 65, 66, 67, 68, 69, 70, 71, 72, 73, 74, 76, 77, 80, 81, 89, 90, 93, 138, 140, 141, 145, 146, 201, 202, 217, 218, 224, 225], "summary": {"covered_lines": 66, "num_statements": 66, "percent_covered": 100.0, "percent_covered_display": "100", "missing_lines": 0, "excluded_lines": 0, "num_branches": 0, "num_partial_branches": 0, "covered_branches": 0, "missing_branches": 0}, "missing_lines": [], "excluded_lines": [], "executed_branches": [], "missing_branches": []}}}, "scripts\\config\\constants.py": {"executed_lines": [1, 20, 21, 24, 25, 26, 27, 28, 29, 32, 33, 36, 37, 38, 41, 42, 45], "summary": {"covered_lines": 16, "num_statements": 16, "percent_covered": 100.0, "percent_covered_display": "100", "missing_lines": 0, "excluded_lines": 0, "num_branches": 0, "num_partial_branches": 0, "covered_branches": 0, "missing_branches": 0}, "missing_lines": [], "excluded_lines": [], "executed_branches": [], "missing_branches": [], "functions": {"": {"executed_lines": [1, 20, 21, 24, 25, 26, 27, 28, 29, 32, 33, 36, 37, 38, 41, 42, 45], "summary": {"covered_lines": 16, "num_statements": 16, "percent_covered": 100.0, "percent_covered_display": "100", "missing_lines": 0, "excluded_lines": 0, "num_branches": 0, "num_partial_branches": 0, "covered_branches": 0, "missing_branches": 0}, "missing_lines": [], "excluded_lines": [], "executed_branches": [], "missing_branches": []}}, "classes": {"": {"executed_lines": [1, 20, 21, 24, 25, 26, 27, 28, 29, 32, 33, 36, 37, 38, 41, 42, 45], "summary": {"covered_lines": 16, "num_statements": 16, "percent_covered": 100.0, "percent_covered_display": "100", "missing_lines": 0, "excluded_lines": 0, "num_branches": 0, "num_partial_branches": 0, "covered_branches": 0, "missing_branches": 0}, "missing_lines": [], "excluded_lines": [], "executed_branches": [], "missing_branches": []}}}, "scripts\\config\\logging_setup.py": {"executed_lines": [1, 14, 15, 18, 28, 30, 31, 34, 35, 38, 39, 40, 41, 42, 46], "summary": {"covered_lines": 14, "num_statements": 14, "percent_covered": 93.75, "percent_covered_display": "94", "missing_lines": 0, "excluded_lines": 0, "num_branches": 2, "num_partial_branches": 1, "covered_branches": 1, "missing_branches": 1}, "missing_lines": [], "excluded_lines": [], "executed_branches": [[34, 35]], "missing_branches": [[34, 38]], "functions": {"setup_logging": {"executed_lines": [28, 30, 31, 34, 35, 38, 39, 40, 41, 42], "summary": {"covered_lines": 10, "num_statements": 10, "percent_covered": 91.66666666666667, "percent_covered_display": "92", "missing_lines": 0, "excluded_lines": 0, "num_branches": 2, "num_partial_branches": 1, "covered_branches": 1, "missing_branches": 1}, "missing_lines": [], "excluded_lines": [], "executed_branches": [[34, 35]], "missing_branches": [[34, 38]]}, "": {"executed_lines": [1, 14, 15, 18, 46], "summary": {"covered_lines": 4, "num_statements": 4, "percent_covered": 100.0, "percent_covered_display": "100", "missing_lines": 0, "excluded_lines": 0, "num_branches": 0, "num_partial_branches": 0, "covered_branches": 0, "missing_branches": 0}, "missing_lines": [], "excluded_lines": [], "executed_branches": [], "missing_branches": []}}, "classes": {"": {"executed_lines": [1, 14, 15, 18, 28, 30, 31, 34, 35, 38, 39, 40, 41, 42, 46], "summary": {"covered_lines": 14, "num_statements": 14, "percent_covered": 93.75, "percent_covered_display": "94", "missing_lines": 0, "excluded_lines": 0, "num_branches": 2, "num_partial_branches": 1, "covered_branches": 1, "missing_branches": 1}, "missing_lines": [], "excluded_lines": [], "executed_branches": [[34, 35]], "missing_branches": [[34, 38]]}}}, "scripts\\core\\__init__.py": {"executed_lines": [], "summary": {"covered_lines": 0, "num_statements": 0, "percent_covered": 100.0, "percent_covered_display": "100", "missing_lines": 0, "excluded_lines": 0, "num_branches": 0, "num_partial_branches": 0, "covered_branches": 0, "missing_branches": 0}, "missing_lines": [], "excluded_lines": [], "executed_branches": [], "missing_branches": [], "functions": {"": {"executed_lines": [], "summary": {"covered_lines": 0, "num_statements": 0, "percent_covered": 100.0, "percent_covered_display": "100", "missing_lines": 0, "excluded_lines": 0, "num_branches": 0, "num_partial_branches": 0, "covered_branches": 0, "missing_branches": 0}, "missing_lines": [], "excluded_lines": [], "executed_branches": [], "missing_branches": []}}, "classes": {"": {"executed_lines": [], "summary": {"covered_lines": 0, "num_statements": 0, "percent_covered": 100.0, "percent_covered_display": "100", "missing_lines": 0, "excluded_lines": 0, "num_branches": 0, "num_partial_branches": 0, "covered_branches": 0, "missing_branches": 0}, "missing_lines": [], "excluded_lines": [], "executed_branches": [], "missing_branches": []}}}, "scripts\\core\\core.py": {"executed_lines": [1, 26, 28, 29, 30, 31, 33, 34, 35, 36, 37, 38, 39, 40, 41, 43, 46, 47, 74, 75, 78, 79, 80, 81, 82, 83, 88, 102, 103, 104, 107, 110, 111, 112, 120, 121, 122, 133, 134, 135, 136, 142, 155, 156, 157, 158, 159, 160, 166, 171, 183, 186, 192, 197, 209, 210, 211, 212, 217, 228, 230, 241, 247, 248], "summary": {"covered_lines": 62, "num_statements": 72, "percent_covered": 83.33333333333333, "percent_covered_display": "83", "missing_lines": 10, "excluded_lines": 2, "num_branches": 6, "num_partial_branches": 3, "covered_branches": 3, "missing_branches": 3}, "missing_lines": [137, 161, 162, 163, 215, 257, 258, 259, 260, 261], "excluded_lines": [213, 214], "executed_branches": [[133, 134], [136, -88], [210, 211]], "missing_branches": [[133, -88], [136, 137], [210, 215]], "functions": {"ZephyrusLoggerCore.__init__": {"executed_lines": [102, 103, 104, 107, 110, 111, 112, 120, 121, 122, 133, 134, 135, 136], "summary": {"covered_lines": 14, "num_statements": 15, "percent_covered": 84.21052631578948, "percent_covered_display": "84", "missing_lines": 1, "excluded_lines": 0, "num_branches": 4, "num_partial_branches": 2, "covered_branches": 2, "missing_branches": 2}, "missing_lines": [137], "excluded_lines": [], "executed_branches": [[133, 134], [136, -88]], "missing_branches": [[133, -88], [136, 137]]}, "ZephyrusLoggerCore.save_entry": {"executed_lines": [155, 156, 157, 158, 159, 160], "summary": {"covered_lines": 6, "num_statements": 9, "percent_covered": 66.66666666666667, "percent_covered_display": "67", "missing_lines": 3, "excluded_lines": 0, "num_branches": 0, "num_partial_branches": 0, "covered_branches": 0, "missing_branches": 0}, "missing_lines": [161, 162, 163], "excluded_lines": [], "executed_branches": [], "missing_branches": []}, "ZephyrusLoggerCore.generate_global_summary": {"executed_lines": [183], "summary": {"covered_lines": 1, "num_statements": 1, "percent_covered": 100.0, "percent_covered_display": "100", "missing_lines": 0, "excluded_lines": 0, "num_branches": 0, "num_partial_branches": 0, "covered_branches": 0, "missing_branches": 0}, "missing_lines": [], "excluded_lines": [], "executed_branches": [], "missing_branches": []}, "ZephyrusLoggerCore.generate_summary": {"executed_lines": [192], "summary": {"covered_lines": 1, "num_statements": 1, "percent_covered": 100.0, "percent_covered_display": "100", "missing_lines": 0, "excluded_lines": 0, "num_branches": 0, "num_partial_branches": 0, "covered_branches": 0, "missing_branches": 0}, "missing_lines": [], "excluded_lines": [], "executed_branches": [], "missing_branches": []}, "ZephyrusLoggerCore._safe_search": {"executed_lines": [209, 210, 211, 212], "summary": {"covered_lines": 4, "num_statements": 5, "percent_covered": 71.42857142857143, "percent_covered_display": "71", "missing_lines": 1, "excluded_lines": 2, "num_branches": 2, "num_partial_branches": 1, "covered_branches": 1, "missing_branches": 1}, "missing_lines": [215], "excluded_lines": [213, 214], "executed_branches": [[210, 211]], "missing_branches": [[210, 215]]}, "ZephyrusLoggerCore.search_summaries": {"executed_lines": [228], "summary": {"covered_lines": 1, "num_statements": 1, "percent_covered": 100.0, "percent_covered_display": "100", "missing_lines": 0, "excluded_lines": 0, "num_branches": 0, "num_partial_branches": 0, "covered_branches": 0, "missing_branches": 0}, "missing_lines": [], "excluded_lines": [], "executed_branches": [], "missing_branches": []}, "ZephyrusLoggerCore.search_raw_logs": {"executed_lines": [241], "summary": {"covered_lines": 1, "num_statements": 1, "percent_covered": 100.0, "percent_covered_display": "100", "missing_lines": 0, "excluded_lines": 0, "num_branches": 0, "num_partial_branches": 0, "covered_branches": 0, "missing_branches": 0}, "missing_lines": [], "excluded_lines": [], "executed_branches": [], "missing_branches": []}, "ZephyrusLoggerCore._safe_read_json": {"executed_lines": [], "summary": {"covered_lines": 0, "num_statements": 5, "percent_covered": 0.0, "percent_covered_display": "0", "missing_lines": 5, "excluded_lines": 0, "num_branches": 0, "num_partial_branches": 0, "covered_branches": 0, "missing_branches": 0}, "missing_lines": [257, 258, 259, 260, 261], "excluded_lines": [], "executed_branches": [], "missing_branches": []}, "": {"executed_lines": [1, 26, 28, 29, 30, 31, 33, 34, 35, 36, 37, 38, 39, 40, 41, 43, 46, 47, 74, 75, 78, 79, 80, 81, 82, 83, 88, 142, 166, 171, 186, 197, 217, 230, 247, 248], "summary": {"covered_lines": 34, "num_statements": 34, "percent_covered": 100.0, "percent_covered_display": "100", "missing_lines": 0, "excluded_lines": 0, "num_branches": 0, "num_partial_branches": 0, "covered_branches": 0, "missing_branches": 0}, "missing_lines": [], "excluded_lines": [], "executed_branches": [], "missing_branches": []}}, "classes": {"ZephyrusLoggerCore": {"executed_lines": [102, 103, 104, 107, 110, 111, 112, 120, 121, 122, 133, 134, 135, 136, 155, 156, 157, 158, 159, 160, 183, 192, 209, 210, 211, 212, 228, 241], "summary": {"covered_lines": 28, "num_statements": 38, "percent_covered": 70.45454545454545, "percent_covered_display": "70", "missing_lines": 10, "excluded_lines": 2, "num_branches": 6, "num_partial_branches": 3, "covered_branches": 3, "missing_branches": 3}, "missing_lines": [137, 161, 162, 163, 215, 257, 258, 259, 260, 261], "excluded_lines": [213, 214], "executed_branches": [[133, 134], [136, -88], [210, 211]], "missing_branches": [[133, -88], [136, 137], [210, 215]]}, "": {"executed_lines": [1, 26, 28, 29, 30, 31, 33, 34, 35, 36, 37, 38, 39, 40, 41, 43, 46, 47, 74, 75, 78, 79, 80, 81, 82, 83, 88, 142, 166, 171, 186, 197, 217, 230, 247, 248], "summary": {"covered_lines": 34, "num_statements": 34, "percent_covered": 100.0, "percent_covered_display": "100", "missing_lines": 0, "excluded_lines": 0, "num_branches": 0, "num_partial_branches": 0, "covered_branches": 0, "missing_branches": 0}, "missing_lines": [], "excluded_lines": [], "executed_branches": [], "missing_branches": []}}}, "scripts\\core\\core_cli.py": {"executed_lines": [], "summary": {"covered_lines": 0, "num_statements": 21, "percent_covered": 0.0, "percent_covered_display": "0", "missing_lines": 21, "excluded_lines": 0, "num_branches": 8, "num_partial_branches": 0, "covered_branches": 0, "missing_branches": 8}, "missing_lines": [8, 9, 11, 12, 14, 15, 24, 25, 27, 29, 30, 38, 39, 41, 43, 44, 53, 54, 55, 57, 58], "excluded_lines": [], "executed_branches": [], "missing_branches": [[24, 25], [24, 27], [38, 39], [38, 41], [54, -43], [54, 55], [57, -1], [57, 58]], "functions": {"log": {"executed_lines": [], "summary": {"covered_lines": 0, "num_statements": 3, "percent_covered": 0.0, "percent_covered_display": "0", "missing_lines": 3, "excluded_lines": 0, "num_branches": 2, "num_partial_branches": 0, "covered_branches": 0, "missing_branches": 2}, "missing_lines": [24, 25, 27], "excluded_lines": [], "executed_branches": [], "missing_branches": [[24, 25], [24, 27]]}, "summarize": {"executed_lines": [], "summary": {"covered_lines": 0, "num_statements": 3, "percent_covered": 0.0, "percent_covered_display": "0", "missing_lines": 3, "excluded_lines": 0, "num_branches": 2, "num_partial_branches": 0, "covered_branches": 0, "missing_branches": 2}, "missing_lines": [38, 39, 41], "excluded_lines": [], "executed_branches": [], "missing_branches": [[38, 39], [38, 41]]}, "search": {"executed_lines": [], "summary": {"covered_lines": 0, "num_statements": 3, "percent_covered": 0.0, "percent_covered_display": "0", "missing_lines": 3, "excluded_lines": 0, "num_branches": 2, "num_partial_branches": 0, "covered_branches": 0, "missing_branches": 2}, "missing_lines": [53, 54, 55], "excluded_lines": [], "executed_branches": [], "missing_branches": [[54, -43], [54, 55]]}, "": {"executed_lines": [], "summary": {"covered_lines": 0, "num_statements": 12, "percent_covered": 0.0, "percent_covered_display": "0", "missing_lines": 12, "excluded_lines": 0, "num_branches": 2, "num_partial_branches": 0, "covered_branches": 0, "missing_branches": 2}, "missing_lines": [8, 9, 11, 12, 14, 15, 29, 30, 43, 44, 57, 58], "excluded_lines": [], "executed_branches": [], "missing_branches": [[57, -1], [57, 58]]}}, "classes": {"": {"executed_lines": [], "summary": {"covered_lines": 0, "num_statements": 21, "percent_covered": 0.0, "percent_covered_display": "0", "missing_lines": 21, "excluded_lines": 0, "num_branches": 8, "num_partial_branches": 0, "covered_branches": 0, "missing_branches": 8}, "missing_lines": [8, 9, 11, 12, 14, 15, 24, 25, 27, 29, 30, 38, 39, 41, 43, 44, 53, 54, 55, 57, 58], "excluded_lines": [], "executed_branches": [], "missing_branches": [[24, 25], [24, 27], [38, 39], [38, 41], [54, -43], [54, 55], [57, -1], [57, 58]]}}}, "scripts\\core\\environment_bootstrapper.py": {"executed_lines": [1, 10, 11, 12, 13, 15, 17, 18, 31, 41, 42, 44, 49, 50, 52, 56, 57, 58, 60, 65, 69, 70, 72, 75, 79, 80, 81], "summary": {"covered_lines": 25, "num_statements": 31, "percent_covered": 75.60975609756098, "percent_covered_display": "76", "missing_lines": 6, "excluded_lines": 0, "num_branches": 10, "num_partial_branches": 4, "covered_branches": 6, "missing_branches": 4}, "missing_lines": [66, 67, 73, 74, 76, 77], "excluded_lines": [], "executed_branches": [[65, 69], [69, 70], [72, 75], [75, 79], [79, -60], [79, 80]], "missing_branches": [[65, 66], [69, 72], [72, 73], [75, 76]], "functions": {"EnvironmentBootstrapper.__init__": {"executed_lines": [41, 42], "summary": {"covered_lines": 2, "num_statements": 2, "percent_covered": 100.0, "percent_covered_display": "100", "missing_lines": 0, "excluded_lines": 0, "num_branches": 0, "num_partial_branches": 0, "covered_branches": 0, "missing_branches": 0}, "missing_lines": [], "excluded_lines": [], "executed_branches": [], "missing_branches": []}, "EnvironmentBootstrapper.bootstrap": {"executed_lines": [49, 50], "summary": {"covered_lines": 2, "num_statements": 2, "percent_covered": 100.0, "percent_covered_display": "100", "missing_lines": 0, "excluded_lines": 0, "num_branches": 0, "num_partial_branches": 0, "covered_branches": 0, "missing_branches": 0}, "missing_lines": [], "excluded_lines": [], "executed_branches": [], "missing_branches": []}, "EnvironmentBootstrapper._make_directories": {"executed_lines": [56, 57, 58], "summary": {"covered_lines": 3, "num_statements": 3, "percent_covered": 100.0, "percent_covered_display": "100", "missing_lines": 0, "excluded_lines": 0, "num_branches": 0, "num_partial_branches": 0, "covered_branches": 0, "missing_branches": 0}, "missing_lines": [], "excluded_lines": [], "executed_branches": [], "missing_branches": []}, "EnvironmentBootstrapper._initialize_files": {"executed_lines": [65, 69, 70, 72, 75, 79, 80, 81], "summary": {"covered_lines": 8, "num_statements": 14, "percent_covered": 58.333333333333336, "percent_covered_display": "58", "missing_lines": 6, "excluded_lines": 0, "num_branches": 10, "num_partial_branches": 4, "covered_branches": 6, "missing_branches": 4}, "missing_lines": [66, 67, 73, 74, 76, 77], "excluded_lines": [], "executed_branches": [[65, 69], [69, 70], [72, 75], [75, 79], [79, -60], [79, 80]], "missing_branches": [[65, 66], [69, 72], [72, 73], [75, 76]]}, "": {"executed_lines": [1, 10, 11, 12, 13, 15, 17, 18, 31, 44, 52, 60], "summary": {"covered_lines": 10, "num_statements": 10, "percent_covered": 100.0, "percent_covered_display": "100", "missing_lines": 0, "excluded_lines": 0, "num_branches": 0, "num_partial_branches": 0, "covered_branches": 0, "missing_branches": 0}, "missing_lines": [], "excluded_lines": [], "executed_branches": [], "missing_branches": []}}, "classes": {"EnvironmentBootstrapper": {"executed_lines": [41, 42, 49, 50, 56, 57, 58, 65, 69, 70, 72, 75, 79, 80, 81], "summary": {"covered_lines": 15, "num_statements": 21, "percent_covered": 67.74193548387096, "percent_covered_display": "68", "missing_lines": 6, "excluded_lines": 0, "num_branches": 10, "num_partial_branches": 4, "covered_branches": 6, "missing_branches": 4}, "missing_lines": [66, 67, 73, 74, 76, 77], "excluded_lines": [], "executed_branches": [[65, 69], [69, 70], [72, 75], [75, 79], [79, -60], [79, 80]], "missing_branches": [[65, 66], [69, 72], [72, 73], [75, 76]]}, "": {"executed_lines": [1, 10, 11, 12, 13, 15, 17, 18, 31, 44, 52, 60], "summary": {"covered_lines": 10, "num_statements": 10, "percent_covered": 100.0, "percent_covered_display": "100", "missing_lines": 0, "excluded_lines": 0, "num_branches": 0, "num_partial_branches": 0, "covered_branches": 0, "missing_branches": 0}, "missing_lines": [], "excluded_lines": [], "executed_branches": [], "missing_branches": []}}}, "scripts\\core\\log_manager.py": {"executed_lines": [1, 16, 17, 18, 19, 21, 24, 25, 45, 46, 47, 48, 49, 50, 52, 63, 69, 70, 75, 83, 85, 95, 96, 97, 99, 110, 117, 126, 128, 143, 144, 145, 146, 147, 148, 149, 150, 151, 152, 155, 173, 174, 177], "summary": {"covered_lines": 42, "num_statements": 49, "percent_covered": 84.7457627118644, "percent_covered_display": "85", "missing_lines": 7, "excluded_lines": 0, "num_branches": 10, "num_partial_branches": 2, "covered_branches": 8, "missing_branches": 2}, "missing_lines": [64, 66, 67, 71, 72, 73, 153], "excluded_lines": [], "executed_branches": [[63, 69], [146, 147], [147, 146], [147, 148], [148, 149], [148, 152], [150, 151], [150, 152]], "missing_branches": [[63, 64], [146, 153]], "functions": {"LogManager.__init__": {"executed_lines": [45, 46, 47, 48, 49, 50], "summary": {"covered_lines": 6, "num_statements": 6, "percent_covered": 100.0, "percent_covered_display": "100", "missing_lines": 0, "excluded_lines": 0, "num_branches": 0, "num_partial_branches": 0, "covered_branches": 0, "missing_branches": 0}, "missing_lines": [], "excluded_lines": [], "executed_branches": [], "missing_branches": []}, "LogManager._safe_read_or_create_json": {"executed_lines": [63, 69, 70], "summary": {"covered_lines": 3, "num_statements": 9, "percent_covered": 36.36363636363637, "percent_covered_display": "36", "missing_lines": 6, "excluded_lines": 0, "num_branches": 2, "num_partial_branches": 1, "covered_branches": 1, "missing_branches": 1}, "missing_lines": [64, 66, 67, 71, 72, 73], "excluded_lines": [], "executed_branches": [[63, 69]], "missing_branches": [[63, 64]]}, "LogManager.read_logs": {"executed_lines": [83], "summary": {"covered_lines": 1, "num_statements": 1, "percent_covered": 100.0, "percent_covered_display": "100", "missing_lines": 0, "excluded_lines": 0, "num_branches": 0, "num_partial_branches": 0, "covered_branches": 0, "missing_branches": 0}, "missing_lines": [], "excluded_lines": [], "executed_branches": [], "missing_branches": []}, "LogManager.update_logs": {"executed_lines": [95, 96, 97], "summary": {"covered_lines": 3, "num_statements": 3, "percent_covered": 100.0, "percent_covered_display": "100", "missing_lines": 0, "excluded_lines": 0, "num_branches": 0, "num_partial_branches": 0, "covered_branches": 0, "missing_branches": 0}, "missing_lines": [], "excluded_lines": [], "executed_branches": [], "missing_branches": []}, "LogManager.append_entry": {"executed_lines": [110, 126], "summary": {"covered_lines": 2, "num_statements": 2, "percent_covered": 100.0, "percent_covered_display": "100", "missing_lines": 0, "excluded_lines": 0, "num_branches": 0, "num_partial_branches": 0, "covered_branches": 0, "missing_branches": 0}, "missing_lines": [], "excluded_lines": [], "executed_branches": [], "missing_branches": []}, "LogManager.append_entry.updater": {"executed_lines": [117], "summary": {"covered_lines": 1, "num_statements": 1, "percent_covered": 100.0, "percent_covered_display": "100", "missing_lines": 0, "excluded_lines": 0, "num_branches": 0, "num_partial_branches": 0, "covered_branches": 0, "missing_branches": 0}, "missing_lines": [], "excluded_lines": [], "executed_branches": [], "missing_branches": []}, "LogManager.get_unsummarized_batch": {"executed_lines": [143, 144, 145, 146, 147, 148, 149, 150, 151, 152], "summary": {"covered_lines": 10, "num_statements": 11, "percent_covered": 89.47368421052632, "percent_covered_display": "89", "missing_lines": 1, "excluded_lines": 0, "num_branches": 8, "num_partial_branches": 1, "covered_branches": 7, "missing_branches": 1}, "missing_lines": [153], "excluded_lines": [], "executed_branches": [[146, 147], [147, 146], [147, 148], [148, 149], [148, 152], [150, 151], [150, 152]], "missing_branches": [[146, 153]]}, "LogManager.update_correction_summaries": {"executed_lines": [173, 174, 177], "summary": {"covered_lines": 3, "num_statements": 3, "percent_covered": 100.0, "percent_covered_display": "100", "missing_lines": 0, "excluded_lines": 0, "num_branches": 0, "num_partial_branches": 0, "covered_branches": 0, "missing_branches": 0}, "missing_lines": [], "excluded_lines": [], "executed_branches": [], "missing_branches": []}, "": {"executed_lines": [1, 16, 17, 18, 19, 21, 24, 25, 52, 75, 85, 99, 128, 155], "summary": {"covered_lines": 13, "num_statements": 13, "percent_covered": 100.0, "percent_covered_display": "100", "missing_lines": 0, "excluded_lines": 0, "num_branches": 0, "num_partial_branches": 0, "covered_branches": 0, "missing_branches": 0}, "missing_lines": [], "excluded_lines": [], "executed_branches": [], "missing_branches": []}}, "classes": {"LogManager": {"executed_lines": [45, 46, 47, 48, 49, 50, 63, 69, 70, 83, 95, 96, 97, 110, 117, 126, 143, 144, 145, 146, 147, 148, 149, 150, 151, 152, 173, 174, 177], "summary": {"covered_lines": 29, "num_statements": 36, "percent_covered": 80.43478260869566, "percent_covered_display": "80", "missing_lines": 7, "excluded_lines": 0, "num_branches": 10, "num_partial_branches": 2, "covered_branches": 8, "missing_branches": 2}, "missing_lines": [64, 66, 67, 71, 72, 73, 153], "excluded_lines": [], "executed_branches": [[63, 69], [146, 147], [147, 146], [147, 148], [148, 149], [148, 152], [150, 151], [150, 152]], "missing_branches": [[63, 64], [146, 153]]}, "": {"executed_lines": [1, 16, 17, 18, 19, 21, 24, 25, 52, 75, 85, 99, 128, 155], "summary": {"covered_lines": 13, "num_statements": 13, "percent_covered": 100.0, "percent_covered_display": "100", "missing_lines": 0, "excluded_lines": 0, "num_branches": 0, "num_partial_branches": 0, "covered_branches": 0, "missing_branches": 0}, "missing_lines": [], "excluded_lines": [], "executed_branches": [], "missing_branches": []}}}, "scripts\\core\\markdown_logger.py": {"executed_lines": [1, 9, 10, 11, 12, 14, 16, 17, 27, 34, 36, 49, 50, 51, 52, 53, 55, 56, 57, 58, 60, 62, 64, 65], "summary": {"covered_lines": 22, "num_statements": 25, "percent_covered": 89.65517241379311, "percent_covered_display": "90", "missing_lines": 3, "excluded_lines": 0, "num_branches": 4, "num_partial_branches": 0, "covered_branches": 4, "missing_branches": 0}, "missing_lines": [67, 68, 69], "excluded_lines": [], "executed_branches": [[55, 56], [55, 62], [57, 58], [57, 60]], "missing_branches": [], "functions": {"MarkdownLogger.__init__": {"executed_lines": [34], "summary": {"covered_lines": 1, "num_statements": 1, "percent_covered": 100.0, "percent_covered_display": "100", "missing_lines": 0, "excluded_lines": 0, "num_branches": 0, "num_partial_branches": 0, "covered_branches": 0, "missing_branches": 0}, "missing_lines": [], "excluded_lines": [], "executed_branches": [], "missing_branches": []}, "MarkdownLogger.log": {"executed_lines": [49, 50, 51, 52, 53, 55, 56, 57, 58, 60, 62, 64, 65], "summary": {"covered_lines": 13, "num_statements": 16, "percent_covered": 85.0, "percent_covered_display": "85", "missing_lines": 3, "excluded_lines": 0, "num_branches": 4, "num_partial_branches": 0, "covered_branches": 4, "missing_branches": 0}, "missing_lines": [67, 68, 69], "excluded_lines": [], "executed_branches": [[55, 56], [55, 62], [57, 58], [57, 60]], "missing_branches": []}, "": {"executed_lines": [1, 9, 10, 11, 12, 14, 16, 17, 27, 36], "summary": {"covered_lines": 8, "num_statements": 8, "percent_covered": 100.0, "percent_covered_display": "100", "missing_lines": 0, "excluded_lines": 0, "num_branches": 0, "num_partial_branches": 0, "covered_branches": 0, "missing_branches": 0}, "missing_lines": [], "excluded_lines": [], "executed_branches": [], "missing_branches": []}}, "classes": {"MarkdownLogger": {"executed_lines": [34, 49, 50, 51, 52, 53, 55, 56, 57, 58, 60, 62, 64, 65], "summary": {"covered_lines": 14, "num_statements": 17, "percent_covered": 85.71428571428571, "percent_covered_display": "86", "missing_lines": 3, "excluded_lines": 0, "num_branches": 4, "num_partial_branches": 0, "covered_branches": 4, "missing_branches": 0}, "missing_lines": [67, 68, 69], "excluded_lines": [], "executed_branches": [[55, 56], [55, 62], [57, 58], [57, 60]], "missing_branches": []}, "": {"executed_lines": [1, 9, 10, 11, 12, 14, 16, 17, 27, 36], "summary": {"covered_lines": 8, "num_statements": 8, "percent_covered": 100.0, "percent_covered_display": "100", "missing_lines": 0, "excluded_lines": 0, "num_branches": 0, "num_partial_branches": 0, "covered_branches": 0, "missing_branches": 0}, "missing_lines": [], "excluded_lines": [], "executed_branches": [], "missing_branches": []}}}, "scripts\\core\\summary_engine.py": {"executed_lines": [1, 10, 11, 12, 14, 15, 16, 18, 20, 21, 38, 60, 61, 62, 63, 64, 65, 66, 68, 79, 80, 81, 82, 83, 84, 85, 89, 91, 102, 103, 107, 111, 112, 116, 117, 118, 120, 129, 130, 131, 132, 133, 134, 135, 136], "summary": {"covered_lines": 43, "num_statements": 50, "percent_covered": 83.33333333333333, "percent_covered_display": "83", "missing_lines": 7, "excluded_lines": 0, "num_branches": 4, "num_partial_branches": 2, "covered_branches": 2, "missing_branches": 2}, "missing_lines": [86, 87, 88, 108, 109, 113, 114], "excluded_lines": [], "executed_branches": [[107, 111], [112, 116]], "missing_branches": [[107, 108], [112, 113]], "functions": {"SummaryEngine.__init__": {"executed_lines": [60, 61, 62, 63, 64, 65, 66], "summary": {"covered_lines": 7, "num_statements": 7, "percent_covered": 100.0, "percent_covered_display": "100", "missing_lines": 0, "excluded_lines": 0, "num_branches": 0, "num_partial_branches": 0, "covered_branches": 0, "missing_branches": 0}, "missing_lines": [], "excluded_lines": [], "executed_branches": [], "missing_branches": []}, "SummaryEngine._get_summary": {"executed_lines": [79, 80, 81, 82, 83, 84, 85, 89], "summary": {"covered_lines": 8, "num_statements": 11, "percent_covered": 72.72727272727273, "percent_covered_display": "73", "missing_lines": 3, "excluded_lines": 0, "num_branches": 0, "num_partial_branches": 0, "covered_branches": 0, "missing_branches": 0}, "missing_lines": [86, 87, 88], "excluded_lines": [], "executed_branches": [], "missing_branches": []}, "SummaryEngine.summarize": {"executed_lines": [102, 103, 107, 111, 112, 116, 117, 118, 120, 129, 130, 131, 132, 133, 134, 135, 136], "summary": {"covered_lines": 17, "num_statements": 21, "percent_covered": 76.0, "percent_covered_display": "76", "missing_lines": 4, "excluded_lines": 0, "num_branches": 4, "num_partial_branches": 2, "covered_branches": 2, "missing_branches": 2}, "missing_lines": [108, 109, 113, 114], "excluded_lines": [], "executed_branches": [[107, 111], [112, 116]], "missing_branches": [[107, 108], [112, 113]]}, "": {"executed_lines": [1, 10, 11, 12, 14, 15, 16, 18, 20, 21, 38, 68, 91], "summary": {"covered_lines": 11, "num_statements": 11, "percent_covered": 100.0, "percent_covered_display": "100", "missing_lines": 0, "excluded_lines": 0, "num_branches": 0, "num_partial_branches": 0, "covered_branches": 0, "missing_branches": 0}, "missing_lines": [], "excluded_lines": [], "executed_branches": [], "missing_branches": []}}, "classes": {"SummaryEngine": {"executed_lines": [60, 61, 62, 63, 64, 65, 66, 79, 80, 81, 82, 83, 84, 85, 89, 102, 103, 107, 111, 112, 116, 117, 118, 120, 129, 130, 131, 132, 133, 134, 135, 136], "summary": {"covered_lines": 32, "num_statements": 39, "percent_covered": 79.06976744186046, "percent_covered_display": "79", "missing_lines": 7, "excluded_lines": 0, "num_branches": 4, "num_partial_branches": 2, "covered_branches": 2, "missing_branches": 2}, "missing_lines": [86, 87, 88, 108, 109, 113, 114], "excluded_lines": [], "executed_branches": [[107, 111], [112, 116]], "missing_branches": [[107, 108], [112, 113]]}, "": {"executed_lines": [1, 10, 11, 12, 14, 15, 16, 18, 20, 21, 38, 68, 91], "summary": {"covered_lines": 11, "num_statements": 11, "percent_covered": 100.0, "percent_covered_display": "100", "missing_lines": 0, "excluded_lines": 0, "num_branches": 0, "num_partial_branches": 0, "covered_branches": 0, "missing_branches": 0}, "missing_lines": [], "excluded_lines": [], "executed_branches": [], "missing_branches": []}}}, "scripts\\core\\summary_tracker.py": {"executed_lines": [1, 20, 21, 22, 24, 25, 26, 27, 29, 32, 33, 44, 51, 52, 53, 54, 55, 57, 64, 65, 66, 68, 71, 73, 80, 81, 86, 93, 94, 99, 110, 112, 124, 127, 130, 131, 132, 134, 138, 139, 143, 147, 149, 150, 153, 154, 155, 156, 159, 162, 163, 164, 165, 166, 167, 169, 170, 171, 173, 174, 175, 176, 178, 188, 192, 193, 194, 196, 197, 198, 199, 204, 206, 215, 220, 221, 225, 231], "summary": {"covered_lines": 76, "num_statements": 107, "percent_covered": 72.18543046357615, "percent_covered_display": "72", "missing_lines": 31, "excluded_lines": 0, "num_branches": 44, "num_partial_branches": 7, "covered_branches": 33, "missing_branches": 11}, "missing_lines": [69, 70, 82, 83, 84, 95, 96, 97, 140, 141, 189, 190, 207, 214, 216, 223, 227, 228, 229, 242, 244, 245, 247, 248, 249, 250, 251, 252, 253, 254, 263], "excluded_lines": [], "executed_branches": [[65, 66], [65, 68], [153, 154], [153, 159], [154, 153], [154, 155], [155, 154], [155, 156], [162, 163], [162, 169], [163, 162], [163, 164], [164, 163], [164, 165], [165, 164], [165, 166], [166, 167], [169, 170], [169, 173], [170, 169], [170, 171], [173, 174], [175, 176], [188, 192], [196, 197], [196, 220], [197, 196], [197, 198], [198, 197], [198, 199], [206, 215], [215, 198], [220, 221]], "missing_branches": [[166, 165], [173, 175], [175, -143], [188, 189], [206, 207], [215, 216], [220, 223], [248, 249], [248, 263], [249, 248], [249, 250]], "functions": {"SummaryTracker.__init__": {"executed_lines": [51, 52, 53, 54, 55], "summary": {"covered_lines": 5, "num_statements": 5, "percent_covered": 100.0, "percent_covered_display": "100", "missing_lines": 0, "excluded_lines": 0, "num_branches": 0, "num_partial_branches": 0, "covered_branches": 0, "missing_branches": 0}, "missing_lines": [], "excluded_lines": [], "executed_branches": [], "missing_branches": []}, "SummaryTracker._safe_load_tracker": {"executed_lines": [64, 65, 66, 68, 71], "summary": {"covered_lines": 5, "num_statements": 7, "percent_covered": 77.77777777777777, "percent_covered_display": "78", "missing_lines": 2, "excluded_lines": 0, "num_branches": 2, "num_partial_branches": 0, "covered_branches": 2, "missing_branches": 0}, "missing_lines": [69, 70], "excluded_lines": [], "executed_branches": [[65, 66], [65, 68]], "missing_branches": []}, "SummaryTracker._safe_init_summary_indexer": {"executed_lines": [80, 81], "summary": {"covered_lines": 2, "num_statements": 5, "percent_covered": 40.0, "percent_covered_display": "40", "missing_lines": 3, "excluded_lines": 0, "num_branches": 0, "num_partial_branches": 0, "covered_branches": 0, "missing_branches": 0}, "missing_lines": [82, 83, 84], "excluded_lines": [], "executed_branches": [], "missing_branches": []}, "SummaryTracker._safe_init_raw_indexer": {"executed_lines": [93, 94], "summary": {"covered_lines": 2, "num_statements": 5, "percent_covered": 40.0, "percent_covered_display": "40", "missing_lines": 3, "excluded_lines": 0, "num_branches": 0, "num_partial_branches": 0, "covered_branches": 0, "missing_branches": 0}, "missing_lines": [95, 96, 97], "excluded_lines": [], "executed_branches": [], "missing_branches": []}, "SummaryTracker.get_summarized_count": {"executed_lines": [110], "summary": {"covered_lines": 1, "num_statements": 1, "percent_covered": 100.0, "percent_covered_display": "100", "missing_lines": 0, "excluded_lines": 0, "num_branches": 0, "num_partial_branches": 0, "covered_branches": 0, "missing_branches": 0}, "missing_lines": [], "excluded_lines": [], "executed_branches": [], "missing_branches": []}, "SummaryTracker.update": {"executed_lines": [124, 127, 130, 131, 132], "summary": {"covered_lines": 5, "num_statements": 5, "percent_covered": 100.0, "percent_covered_display": "100", "missing_lines": 0, "excluded_lines": 0, "num_branches": 0, "num_partial_branches": 0, "covered_branches": 0, "missing_branches": 0}, "missing_lines": [], "excluded_lines": [], "executed_branches": [], "missing_branches": []}, "SummaryTracker._save": {"executed_lines": [138, 139], "summary": {"covered_lines": 2, "num_statements": 4, "percent_covered": 50.0, "percent_covered_display": "50", "missing_lines": 2, "excluded_lines": 0, "num_branches": 0, "num_partial_branches": 0, "covered_branches": 0, "missing_branches": 0}, "missing_lines": [140, 141], "excluded_lines": [], "executed_branches": [], "missing_branches": []}, "SummaryTracker.rebuild": {"executed_lines": [147, 149, 150, 153, 154, 155, 156, 159, 162, 163, 164, 165, 166, 167, 169, 170, 171, 173, 174, 175, 176], "summary": {"covered_lines": 21, "num_statements": 21, "percent_covered": 93.33333333333333, "percent_covered_display": "93", "missing_lines": 0, "excluded_lines": 0, "num_branches": 24, "num_partial_branches": 3, "covered_branches": 21, "missing_branches": 3}, "missing_lines": [], "excluded_lines": [], "executed_branches": [[153, 154], [153, 159], [154, 153], [154, 155], [155, 154], [155, 156], [162, 163], [162, 169], [163, 162], [163, 164], [164, 163], [164, 165], [165, 164], [165, 166], [166, 167], [169, 170], [169, 173], [170, 169], [170, 171], [173, 174], [175, 176]], "missing_branches": [[166, 165], [173, 175], [175, -143]]}, "SummaryTracker.validate": {"executed_lines": [188, 192, 193, 194, 196, 197, 198, 199, 204, 206, 215, 220, 221, 225], "summary": {"covered_lines": 14, "num_statements": 23, "percent_covered": 64.86486486486487, "percent_covered_display": "65", "missing_lines": 9, "excluded_lines": 0, "num_branches": 14, "num_partial_
[...]
rcent_covered_display": "0", "missing_lines": 77, "excluded_lines": 0, "num_branches": 16, "num_partial_branches": 0, "covered_branches": 0, "missing_branches": 16}, "missing_lines": [10, 11, 12, 13, 14, 15, 18, 19, 20, 22, 25, 27, 28, 30, 31, 32, 33, 34, 35, 36, 37, 40, 42, 43, 45, 46, 47, 48, 50, 52, 66, 77, 78, 79, 82, 84, 85, 86, 87, 91, 92, 93, 95, 96, 97, 107, 108, 109, 111, 112, 113, 114, 115, 116, 118, 119, 120, 121, 122, 123, 124, 126, 127, 129, 130, 132, 133, 134, 135, 137, 140, 141, 142, 143, 144, 146, 147], "excluded_lines": [], "executed_branches": [], "missing_branches": [[32, 33], [32, 37], [33, 32], [33, 34], [84, -82], [84, 85], [111, 112], [111, 114], [114, 115], [114, 118], [120, 121], [120, 126], [132, 133], [132, 137], [140, -2], [140, 141]], "functions": {"extract_test_functions": {"executed_lines": [], "summary": {"covered_lines": 0, "num_statements": 10, "percent_covered": 0.0, "percent_covered_display": "0", "missing_lines": 10, "excluded_lines": 0, "num_branches": 4, "num_partial_branches": 0, "covered_branches": 0, "missing_branches": 4}, "missing_lines": [27, 28, 30, 31, 32, 33, 34, 35, 36, 37], "excluded_lines": [], "executed_branches": [], "missing_branches": [[32, 33], [32, 37], [33, 32], [33, 34]]}, "analyze_strictness": {"executed_lines": [], "summary": {"covered_lines": 0, "num_statements": 8, "percent_covered": 0.0, "percent_covered_display": "0", "missing_lines": 8, "excluded_lines": 0, "num_branches": 0, "num_partial_branches": 0, "covered_branches": 0, "missing_branches": 0}, "missing_lines": [42, 43, 45, 46, 47, 48, 50, 52], "excluded_lines": [], "executed_branches": [], "missing_branches": []}, "compute_strictness_score": {"executed_lines": [], "summary": {"covered_lines": 0, "num_statements": 3, "percent_covered": 0.0, "percent_covered_display": "0", "missing_lines": 3, "excluded_lines": 0, "num_branches": 0, "num_partial_branches": 0, "covered_branches": 0, "missing_branches": 0}, "missing_lines": [77, 78, 79], "excluded_lines": [], "executed_branches": [], "missing_branches": []}, "attach_coverage_hits": {"executed_lines": [], "summary": {"covered_lines": 0, "num_statements": 10, "percent_covered": 0.0, "percent_covered_display": "0", "missing_lines": 10, "excluded_lines": 0, "num_branches": 2, "num_partial_branches": 0, "covered_branches": 0, "missing_branches": 2}, "missing_lines": [84, 85, 86, 87, 91, 92, 93, 95, 96, 97], "excluded_lines": [], "executed_branches": [], "missing_branches": [[84, -82], [84, 85]]}, "main": {"executed_lines": [], "summary": {"covered_lines": 0, "num_statements": 24, "percent_covered": 0.0, "percent_covered_display": "0", "missing_lines": 24, "excluded_lines": 0, "num_branches": 8, "num_partial_branches": 0, "covered_branches": 0, "missing_branches": 8}, "missing_lines": [108, 109, 111, 112, 113, 114, 115, 116, 118, 119, 120, 121, 122, 123, 124, 126, 127, 129, 130, 132, 133, 134, 135, 137], "excluded_lines": [], "executed_branches": [], "missing_branches": [[111, 112], [111, 114], [114, 115], [114, 118], [120, 121], [120, 126], [132, 133], [132, 137]]}, "": {"executed_lines": [], "summary": {"covered_lines": 0, "num_statements": 22, "percent_covered": 0.0, "percent_covered_display": "0", "missing_lines": 22, "excluded_lines": 0, "num_branches": 2, "num_partial_branches": 0, "covered_branches": 0, "missing_branches": 2}, "missing_lines": [10, 11, 12, 13, 14, 15, 18, 19, 20, 22, 25, 40, 66, 82, 107, 140, 141, 142, 143, 144, 146, 147], "excluded_lines": [], "executed_branches": [], "missing_branches": [[140, -2], [140, 141]]}}, "classes": {"": {"executed_lines": [], "summary": {"covered_lines": 0, "num_statements": 77, "percent_covered": 0.0, "percent_covered_display": "0", "missing_lines": 77, "excluded_lines": 0, "num_branches": 16, "num_partial_branches": 0, "covered_branches": 0, "missing_branches": 16}, "missing_lines": [10, 11, 12, 13, 14, 15, 18, 19, 20, 22, 25, 27, 28, 30, 31, 32, 33, 34, 35, 36, 37, 40, 42, 43, 45, 46, 47, 48, 50, 52, 66, 77, 78, 79, 82, 84, 85, 86, 87, 91, 92, 93, 95, 96, 97, 107, 108, 109, 111, 112, 113, 114, 115, 116, 118, 119, 120, 121, 122, 123, 124, 126, 127, 129, 130, 132, 133, 134, 135, 137, 140, 141, 142, 143, 144, 146, 147], "excluded_lines": [], "executed_branches": [], "missing_branches": [[32, 33], [32, 37], [33, 32], [33, 34], [84, -82], [84, 85], [111, 112], [111, 114], [114, 115], [114, 118], [120, 121], [120, 126], [132, 133], [132, 137], [140, -2], [140, 141]]}}}, "scripts\\utils\\__init__.py": {"executed_lines": [], "summary": {"covered_lines": 0, "num_statements": 0, "percent_covered": 100.0, "percent_covered_display": "100", "missing_lines": 0, "excluded_lines": 0, "num_branches": 0, "num_partial_branches": 0, "covered_branches": 0, "missing_branches": 0}, "missing_lines": [], "excluded_lines": [], "executed_branches": [], "missing_branches": [], "functions": {"": {"executed_lines": [], "summary": {"covered_lines": 0, "num_statements": 0, "percent_covered": 100.0, "percent_covered_display": "100", "missing_lines": 0, "excluded_lines": 0, "num_branches": 0, "num_partial_branches": 0, "covered_branches": 0, "missing_branches": 0}, "missing_lines": [], "excluded_lines": [], "executed_branches": [], "missing_branches": []}}, "classes": {"": {"executed_lines": [], "summary": {"covered_lines": 0, "num_statements": 0, "percent_covered": 100.0, "percent_covered_display": "100", "missing_lines": 0, "excluded_lines": 0, "num_branches": 0, "num_partial_branches": 0, "covered_branches": 0, "missing_branches": 0}, "missing_lines": [], "excluded_lines": [], "executed_branches": [], "missing_branches": []}}}, "scripts\\utils\\file_utils.py": {"executed_lines": [1, 3, 20, 21, 22, 23, 24, 25, 26, 27, 29, 30, 31, 38, 40, 43, 45, 53, 55, 58, 60, 61, 62, 65, 66, 67, 68, 69, 70, 71, 72, 75, 76, 77, 78, 79, 80, 81, 82, 85, 86, 87, 90, 98, 99, 100, 103, 104, 105, 106, 107, 108, 119, 137, 138, 141, 142, 144, 145, 147, 148, 149, 150, 151, 152, 153, 155, 157, 158, 159, 161, 162, 163, 164, 165, 166, 168, 169, 170], "summary": {"covered_lines": 79, "num_statements": 86, "percent_covered": 89.62264150943396, "percent_covered_display": "90", "missing_lines": 7, "excluded_lines": 0, "num_branches": 20, "num_partial_branches": 4, "covered_branches": 16, "missing_branches": 4}, "missing_lines": [88, 89, 101, 109, 110, 111, 167], "excluded_lines": [], "executed_branches": [[87, 90], [100, 103], [145, 147], [145, 155], [147, 148], [147, 149], [149, 145], [149, 150], [150, 151], [162, -119], [162, 163], [163, 164], [163, 165], [165, 162], [165, 166], [166, 168]], "missing_branches": [[87, 88], [100, 101], [150, 149], [166, 167]], "functions": {"sanitize_filename": {"executed_lines": [40], "summary": {"covered_lines": 1, "num_statements": 1, "percent_covered": 100.0, "percent_covered_display": "100", "missing_lines": 0, "excluded_lines": 0, "num_branches": 0, "num_partial_branches": 0, "covered_branches": 0, "missing_branches": 0}, "missing_lines": [], "excluded_lines": [], "executed_branches": [], "missing_branches": []}, "get_timestamp": {"executed_lines": [45], "summary": {"covered_lines": 1, "num_statements": 1, "percent_covered": 100.0, "percent_covered_display": "100", "missing_lines": 0, "excluded_lines": 0, "num_branches": 0, "num_partial_branches": 0, "covered_branches": 0, "missing_branches": 0}, "missing_lines": [], "excluded_lines": [], "executed_branches": [], "missing_branches": []}, "_to_path": {"executed_lines": [55], "summary": {"covered_lines": 1, "num_statements": 1, "percent_covered": 100.0, "percent_covered_display": "100", "missing_lines": 0, "excluded_lines": 0, "num_branches": 0, "num_partial_branches": 0, "covered_branches": 0, "missing_branches": 0}, "missing_lines": [], "excluded_lines": [], "executed_branches": [], "missing_branches": []}, "safe_path": {"executed_lines": [60, 61, 62], "summary": {"covered_lines": 3, "num_statements": 3, "percent_covered": 100.0, "percent_covered_display": "100", "missing_lines": 0, "excluded_lines": 0, "num_branches": 0, "num_partial_branches": 0, "covered_branches": 0, "missing_branches": 0}, "missing_lines": [], "excluded_lines": [], "executed_branches": [], "missing_branches": []}, "write_json": {"executed_lines": [66, 67, 68, 69, 70, 71, 72], "summary": {"covered_lines": 7, "num_statements": 7, "percent_covered": 100.0, "percent_covered_display": "100", "missing_lines": 0, "excluded_lines": 0, "num_branches": 0, "num_partial_branches": 0, "covered_branches": 0, "missing_branches": 0}, "missing_lines": [], "excluded_lines": [], "executed_branches": [], "missing_branches": []}, "read_json": {"executed_lines": [76, 77, 78, 79, 80, 81, 82], "summary": {"covered_lines": 7, "num_statements": 7, "percent_covered": 100.0, "percent_covered_display": "100", "missing_lines": 0, "excluded_lines": 0, "num_branches": 0, "num_partial_branches": 0, "covered_branches": 0, "missing_branches": 0}, "missing_lines": [], "excluded_lines": [], "executed_branches": [], "missing_branches": []}, "safe_read_json": {"executed_lines": [86, 87, 90], "summary": {"covered_lines": 3, "num_statements": 5, "percent_covered": 57.142857142857146, "percent_covered_display": "57", "missing_lines": 2, "excluded_lines": 0, "num_branches": 2, "num_partial_branches": 1, "covered_branches": 1, "missing_branches": 1}, "missing_lines": [88, 89], "excluded_lines": [], "executed_branches": [[87, 90]], "missing_branches": [[87, 88]]}, "make_backup": {"executed_lines": [99, 100, 103, 104, 105, 106, 107, 108], "summary": {"covered_lines": 8, "num_statements": 12, "percent_covered": 64.28571428571429, "percent_covered_display": "64", "missing_lines": 4, "excluded_lines": 0, "num_branches": 2, "num_partial_branches": 1, "covered_branches": 1, "missing_branches": 1}, "missing_lines": [101, 109, 110, 111], "excluded_lines": [], "executed_branches": [[100, 103]], "missing_branches": [[100, 101]]}, "zip_python_files": {"executed_lines": [137, 138, 141, 142, 144, 145, 147, 148, 149, 150, 151, 152, 153, 155, 157, 158, 159, 161, 162, 163, 164, 165, 166, 168, 169, 170], "summary": {"covered_lines": 26, "num_statements": 27, "percent_covered": 93.02325581395348, "percent_covered_display": "93", "missing_lines": 1, "excluded_lines": 0, "num_branches": 16, "num_partial_branches": 2, "covered_branches": 14, "missing_branches": 2}, "missing_lines": [167], "excluded_lines": [], "executed_branches": [[145, 147], [145, 155], [147, 148], [147, 149], [149, 145], [149, 150], [150, 151], [162, -119], [162, 163], [163, 164], [163, 165], [165, 162], [165, 166], [166, 168]], "missing_branches": [[150, 149], [166, 167]]}, "": {"executed_lines": [1, 3, 20, 21, 22, 23, 24, 25, 26, 27, 29, 30, 31, 38, 43, 53, 58, 65, 75, 85, 98, 119], "summary": {"covered_lines": 22, "num_statements": 22, "percent_covered": 100.0, "percent_covered_display": "100", "missing_lines": 0, "excluded_lines": 0, "num_branches": 0, "num_partial_branches": 0, "covered_branches": 0, "missing_branches": 0}, "missing_lines": [], "excluded_lines": [], "executed_branches": [], "missing_branches": []}}, "classes": {"": {"executed_lines": [1, 3, 20, 21, 22, 23, 24, 25, 26, 27, 29, 30, 31, 38, 40, 43, 45, 53, 55, 58, 60, 61, 62, 65, 66, 67, 68, 69, 70, 71, 72, 75, 76, 77, 78, 79, 80, 81, 82, 85, 86, 87, 90, 98, 99, 100, 103, 104, 105, 106, 107, 108, 119, 137, 138, 141, 142, 144, 145, 147, 148, 149, 150, 151, 152, 153, 155, 157, 158, 159, 161, 162, 163, 164, 165, 166, 168, 169, 170], "summary": {"covered_lines": 79, "num_statements": 86, "percent_covered": 89.62264150943396, "percent_covered_display": "90", "missing_lines": 7, "excluded_lines": 0, "num_branches": 20, "num_partial_branches": 4, "covered_branches": 16, "missing_branches": 4}, "missing_lines": [88, 89, 101, 109, 110, 111, 167], "excluded_lines": [], "executed_branches": [[87, 90], [100, 103], [145, 147], [145, 155], [147, 148], [147, 149], [149, 145], [149, 150], [150, 151], [162, -119], [162, 163], [163, 164], [163, 165], [165, 162], [165, 166], [166, 168]], "missing_branches": [[87, 88], [100, 101], [150, 149], [166, 167]]}}}, "scripts\\utils\\git_utils.py": {"executed_lines": [2, 12, 13, 16, 29, 30, 32, 41, 42, 44, 56, 59, 71, 73, 74, 75, 77, 81, 82, 83, 84, 85, 87, 88, 89, 90, 91, 92, 95, 101, 103], "summary": {"covered_lines": 30, "num_statements": 33, "percent_covered": 91.42857142857143, "percent_covered_display": "91", "missing_lines": 3, "excluded_lines": 0, "num_branches": 2, "num_partial_branches": 0, "covered_branches": 2, "missing_branches": 0}, "missing_lines": [45, 47, 54], "excluded_lines": [], "executed_branches": [[81, 82], [81, 87]], "missing_branches": [], "functions": {"get_changed_files": {"executed_lines": [29, 30, 32, 41, 42, 44, 56], "summary": {"covered_lines": 7, "num_statements": 10, "percent_covered": 70.0, "percent_covered_display": "70", "missing_lines": 3, "excluded_lines": 0, "num_branches": 0, "num_partial_branches": 0, "covered_branches": 0, "missing_branches": 0}, "missing_lines": [45, 47, 54], "excluded_lines": [], "executed_branches": [], "missing_branches": []}, "interactive_commit_flow": {"executed_lines": [71, 73, 74, 75, 77, 81, 82, 83, 84, 85, 87, 88, 89, 90, 91, 92], "summary": {"covered_lines": 16, "num_statements": 16, "percent_covered": 100.0, "percent_covered_display": "100", "missing_lines": 0, "excluded_lines": 0, "num_branches": 2, "num_partial_branches": 0, "covered_branches": 2, "missing_branches": 0}, "missing_lines": [], "excluded_lines": [], "executed_branches": [[81, 82], [81, 87]], "missing_branches": []}, "get_current_branch": {"executed_lines": [101, 103], "summary": {"covered_lines": 2, "num_statements": 2, "percent_covered": 100.0, "percent_covered_display": "100", "missing_lines": 0, "excluded_lines": 0, "num_branches": 0, "num_partial_branches": 0, "covered_branches": 0, "missing_branches": 0}, "missing_lines": [], "excluded_lines": [], "executed_branches": [], "missing_branches": []}, "": {"executed_lines": [2, 12, 13, 16, 59, 95], "summary": {"covered_lines": 5, "num_statements": 5, "percent_covered": 100.0, "percent_covered_display": "100", "missing_lines": 0, "excluded_lines": 0, "num_branches": 0, "num_partial_branches": 0, "covered_branches": 0, "missing_branches": 0}, "missing_lines": [], "excluded_lines": [], "executed_branches": [], "missing_branches": []}}, "classes": {"": {"executed_lines": [2, 12, 13, 16, 29, 30, 32, 41, 42, 44, 56, 59, 71, 73, 74, 75, 77, 81, 82, 83, 84, 85, 87, 88, 89, 90, 91, 92, 95, 101, 103], "summary": {"covered_lines": 30, "num_statements": 33, "percent_covered": 91.42857142857143, "percent_covered_display": "91", "missing_lines": 3, "excluded_lines": 0, "num_branches": 2, "num_partial_branches": 0, "covered_branches": 2, "missing_branches": 0}, "missing_lines": [45, 47, 54], "excluded_lines": [], "executed_branches": [[81, 82], [81, 87]], "missing_branches": []}}}, "scripts\\utils\\link_summaries_to_raw_logs.py": {"executed_lines": [1, 11, 12, 13, 15, 18, 31, 33, 34, 35, 36, 37, 39, 40, 43, 53, 56, 57, 62, 63, 65, 66, 68, 72, 73, 75, 76, 80, 81, 82, 85, 86, 87, 88, 94, 96, 99, 100, 103, 104, 106, 109], "summary": {"covered_lines": 41, "num_statements": 49, "percent_covered": 80.59701492537313, "percent_covered_display": "81", "missing_lines": 8, "excluded_lines": 0, "num_branches": 18, "num_partial_branches": 5, "covered_branches": 13, "missing_branches": 5}, "missing_lines": [77, 78, 83, 84, 89, 90, 91, 110], "excluded_lines": [], "executed_branches": [[33, 34], [33, 40], [35, 36], [37, 39], [72, 73], [72, 103], [73, 72], [73, 75], [76, 80], [80, 73], [80, 81], [82, 85], [109, -1]], "missing_branches": [[35, 33], [37, 33], [76, 77], [82, 83], [109, 110]], "functions": {"flatten_raw_entries": {"executed_lines": [31, 33, 34, 35, 36, 37, 39, 40], "summary": {"covered_lines": 8, "num_statements": 8, "percent_covered": 85.71428571428571, "percent_covered_display": "86", "missing_lines": 0, "excluded_lines": 0, "num_branches": 6, "num_partial_branches": 2, "covered_branches": 4, "missing_branches": 2}, "missing_lines": [], "excluded_lines": [], "executed_branches": [[33, 34], [33, 40], [35, 36], [37, 39]], "missing_branches": [[35, 33], [37, 33]]}, "inject_entries_into_summaries": {"executed_lines": [53, 56, 57, 62, 63, 65, 66, 68, 72, 73, 75, 76, 80, 81, 82, 85, 86, 87, 88, 94, 96, 99, 100, 103, 104, 106], "summary": {"covered_lines": 26, "num_statements": 33, "percent_covered": 79.06976744186046, "percent_covered_display": "79", "missing_lines": 7, "excluded_lines": 0, "num_branches": 10, "num_partial_branches": 2, "covered_branches": 8, "missing_branches": 2}, "missing_lines": [77, 78, 83, 84, 89, 90, 91], "excluded_lines": [], "executed_branches": [[72, 73], [72, 103], [73, 72], [73, 75], [76, 80], [80, 73], [80, 81], [82, 85]], "missing_branches": [[76, 77], [82, 83]]}, "": {"executed_lines": [1, 11, 12, 13, 15, 18, 43, 109], "summary": {"covered_lines": 7, "num_statements": 8, "percent_covered": 80.0, "percent_covered_display": "80", "missing_lines": 1, "excluded_lines": 0, "num_branches": 2, "num_partial_branches": 1, "covered_branches": 1, "missing_branches": 1}, "missing_lines": [110], "excluded_lines": [], "executed_branches": [[109, -1]], "missing_branches": [[109, 110]]}}, "classes": {"": {"executed_lines": [1, 11, 12, 13, 15, 18, 31, 33, 34, 35, 36, 37, 39, 40, 43, 53, 56, 57, 62, 63, 65, 66, 68, 72, 73, 75, 76, 80, 81, 82, 85, 86, 87, 88, 94, 96, 99, 100, 103, 104, 106, 109], "summary": {"covered_lines": 41, "num_statements": 49, "percent_covered": 80.59701492537313, "percent_covered_display": "81", "missing_lines": 8, "excluded_lines": 0, "num_branches": 18, "num_partial_branches": 5, "covered_branches": 13, "missing_branches": 5}, "missing_lines": [77, 78, 83, 84, 89, 90, 91, 110], "excluded_lines": [], "executed_branches": [[33, 34], [33, 40], [35, 36], [37, 39], [72, 73], [72, 103], [73, 72], [73, 75], [76, 80], [80, 73], [80, 81], [82, 85], [109, -1]], "missing_branches": [[35, 33], [37, 33], [76, 77], [82, 83], [109, 110]]}}}, "scripts\\utils\\zip_util.py": {"executed_lines": [1, 8, 9, 10, 12, 15, 20, 23, 30, 37, 45, 46, 47, 50], "summary": {"covered_lines": 13, "num_statements": 14, "percent_covered": 87.5, "percent_covered_display": "88", "missing_lines": 1, "excluded_lines": 0, "num_branches": 2, "num_partial_branches": 1, "covered_branches": 1, "missing_branches": 1}, "missing_lines": [51], "excluded_lines": [], "executed_branches": [[50, -1]], "missing_branches": [[50, 51]], "functions": {"main": {"executed_lines": [20, 23, 30, 37, 45, 46, 47], "summary": {"covered_lines": 7, "num_statements": 7, "percent_covered": 100.0, "percent_covered_display": "100", "missing_lines": 0, "excluded_lines": 0, "num_branches": 0, "num_partial_branches": 0, "covered_branches": 0, "missing_branches": 0}, "missing_lines": [], "excluded_lines": [], "executed_branches": [], "missing_branches": []}, "": {"executed_lines": [1, 8, 9, 10, 12, 15, 50], "summary": {"covered_lines": 6, "num_statements": 7, "percent_covered": 77.77777777777777, "percent_covered_display": "78", "missing_lines": 1, "excluded_lines": 0, "num_branches": 2, "num_partial_branches": 1, "covered_branches": 1, "missing_branches": 1}, "missing_lines": [51], "excluded_lines": [], "executed_branches": [[50, -1]], "missing_branches": [[50, 51]]}}, "classes": {"": {"executed_lines": [1, 8, 9, 10, 12, 15, 20, 23, 30, 37, 45, 46, 47, 50], "summary": {"covered_lines": 13, "num_statements": 14, "percent_covered": 87.5, "percent_covered_display": "88", "missing_lines": 1, "excluded_lines": 0, "num_branches": 2, "num_partial_branches": 1, "covered_branches": 1, "missing_branches": 1}, "missing_lines": [51], "excluded_lines": [], "executed_branches": [[50, -1]], "missing_branches": [[50, 51]]}}}}, "totals": {"covered_lines": 2139, "num_statements": 3009, "percent_covered": 69.15814319433517, "percent_covered_display": "69", "missing_lines": 870, "excluded_lines": 12, "num_branches": 804, "num_partial_branches": 116, "covered_branches": 498, "missing_branches": 306}}